[0.167s] DEBUG:colcon:Command line arguments: ['/usr/bin/colcon', 'build']
[0.167s] DEBUG:colcon:Parsed command line arguments: Namespace(log_base=None, log_level=None, verb_name='build', build_base='build', install_base='install', merge_install=False, symlink_install=False, test_result_base=None, continue_on_error=False, executor='parallel', parallel_workers=16, event_handlers=None, ignore_user_meta=False, metas=['./colcon.meta'], base_paths=['.'], packages_ignore=None, packages_ignore_regex=None, paths=None, packages_up_to=None, packages_up_to_regex=None, packages_above=None, packages_above_and_dependencies=None, packages_above_depth=None, packages_select_by_dep=None, packages_skip_by_dep=None, packages_skip_up_to=None, packages_select_build_failed=False, packages_skip_build_finished=False, packages_select_test_failures=False, packages_skip_test_passed=False, packages_select=None, packages_skip=None, packages_select_regex=None, packages_skip_regex=None, packages_start=None, packages_end=None, allow_overriding=[], cmake_args=None, cmake_target=None, cmake_target_skip_unavailable=False, cmake_clean_cache=False, cmake_clean_first=False, cmake_force_configure=False, ament_cmake_args=None, catkin_cmake_args=None, catkin_skip_building_tests=False, mixin_files=None, mixin=None, verb_parser=<colcon_mixin.mixin.mixin_argument.MixinArgumentDecorator object at 0x7136639688b0>, verb_extension=<colcon_core.verb.build.BuildVerb object at 0x713663968400>, main=<bound method BuildVerb.main of <colcon_core.verb.build.BuildVerb object at 0x713663968400>>, mixin_verb=('build',))
[0.405s] Level 1:colcon.colcon_core.package_discovery:discover_packages(colcon_meta) check parameters
[0.405s] Level 1:colcon.colcon_core.package_discovery:discover_packages(recursive) check parameters
[0.405s] Level 1:colcon.colcon_core.package_discovery:discover_packages(ignore) check parameters
[0.405s] Level 1:colcon.colcon_core.package_discovery:discover_packages(path) check parameters
[0.405s] Level 1:colcon.colcon_core.package_discovery:discover_packages(colcon_meta) discover
[0.405s] Level 1:colcon.colcon_core.package_discovery:discover_packages(recursive) discover
[0.405s] INFO:colcon.colcon_core.package_discovery:Crawling recursively for packages in '/home/pbear/Opentopic_ws'
[0.405s] Level 1:colcon.colcon_core.package_identification:_identify(.) by extensions ['ignore', 'ignore_ament_install']
[0.405s] Level 1:colcon.colcon_core.package_identification:_identify(.) by extension 'ignore'
[0.405s] Level 1:colcon.colcon_core.package_identification:_identify(.) by extension 'ignore_ament_install'
[0.405s] Level 1:colcon.colcon_core.package_identification:_identify(.) by extensions ['colcon_pkg']
[0.406s] Level 1:colcon.colcon_core.package_identification:_identify(.) by extension 'colcon_pkg'
[0.406s] Level 1:colcon.colcon_core.package_identification:_identify(.) by extensions ['colcon_meta']
[0.406s] Level 1:colcon.colcon_core.package_identification:_identify(.) by extension 'colcon_meta'
[0.406s] Level 1:colcon.colcon_core.package_identification:_identify(.) by extensions ['ros']
[0.406s] Level 1:colcon.colcon_core.package_identification:_identify(.) by extension 'ros'
[0.420s] Level 1:colcon.colcon_core.package_identification:_identify(.) by extensions ['cmake', 'python']
[0.420s] Level 1:colcon.colcon_core.package_identification:_identify(.) by extension 'cmake'
[0.421s] Level 1:colcon.colcon_core.package_identification:_identify(.) by extension 'python'
[0.421s] Level 1:colcon.colcon_core.package_identification:_identify(.) by extensions ['python_setup_py']
[0.421s] Level 1:colcon.colcon_core.package_identification:_identify(.) by extension 'python_setup_py'
[0.421s] Level 1:colcon.colcon_core.package_identification:_identify(build) by extensions ['ignore', 'ignore_ament_install']
[0.421s] Level 1:colcon.colcon_core.package_identification:_identify(build) by extension 'ignore'
[0.421s] Level 1:colcon.colcon_core.package_identification:_identify(build) ignored
[0.421s] Level 1:colcon.colcon_core.package_identification:_identify(install) by extensions ['ignore', 'ignore_ament_install']
[0.421s] Level 1:colcon.colcon_core.package_identification:_identify(install) by extension 'ignore'
[0.421s] Level 1:colcon.colcon_core.package_identification:_identify(install) ignored
[0.421s] Level 1:colcon.colcon_core.package_identification:_identify(log) by extensions ['ignore', 'ignore_ament_install']
[0.422s] Level 1:colcon.colcon_core.package_identification:_identify(log) by extension 'ignore'
[0.422s] Level 1:colcon.colcon_core.package_identification:_identify(log) ignored
[0.422s] Level 1:colcon.colcon_core.package_identification:_identify(src) by extensions ['ignore', 'ignore_ament_install']
[0.422s] Level 1:colcon.colcon_core.package_identification:_identify(src) by extension 'ignore'
[0.422s] Level 1:colcon.colcon_core.package_identification:_identify(src) by extension 'ignore_ament_install'
[0.422s] Level 1:colcon.colcon_core.package_identification:_identify(src) by extensions ['colcon_pkg']
[0.422s] Level 1:colcon.colcon_core.package_identification:_identify(src) by extension 'colcon_pkg'
[0.422s] Level 1:colcon.colcon_core.package_identification:_identify(src) by extensions ['colcon_meta']
[0.422s] Level 1:colcon.colcon_core.package_identification:_identify(src) by extension 'colcon_meta'
[0.422s] Level 1:colcon.colcon_core.package_identification:_identify(src) by extensions ['ros']
[0.422s] Level 1:colcon.colcon_core.package_identification:_identify(src) by extension 'ros'
[0.422s] Level 1:colcon.colcon_core.package_identification:_identify(src) by extensions ['cmake', 'python']
[0.422s] Level 1:colcon.colcon_core.package_identification:_identify(src) by extension 'cmake'
[0.422s] Level 1:colcon.colcon_core.package_identification:_identify(src) by extension 'python'
[0.422s] Level 1:colcon.colcon_core.package_identification:_identify(src) by extensions ['python_setup_py']
[0.422s] Level 1:colcon.colcon_core.package_identification:_identify(src) by extension 'python_setup_py'
[0.423s] Level 1:colcon.colcon_core.package_identification:_identify(src/axebot) by extensions ['ignore', 'ignore_ament_install']
[0.423s] Level 1:colcon.colcon_core.package_identification:_identify(src/axebot) by extension 'ignore'
[0.423s] Level 1:colcon.colcon_core.package_identification:_identify(src/axebot) by extension 'ignore_ament_install'
[0.423s] Level 1:colcon.colcon_core.package_identification:_identify(src/axebot) by extensions ['colcon_pkg']
[0.423s] Level 1:colcon.colcon_core.package_identification:_identify(src/axebot) by extension 'colcon_pkg'
[0.423s] Level 1:colcon.colcon_core.package_identification:_identify(src/axebot) by extensions ['colcon_meta']
[0.423s] Level 1:colcon.colcon_core.package_identification:_identify(src/axebot) by extension 'colcon_meta'
[0.423s] Level 1:colcon.colcon_core.package_identification:_identify(src/axebot) by extensions ['ros']
[0.423s] Level 1:colcon.colcon_core.package_identification:_identify(src/axebot) by extension 'ros'
[0.423s] Level 1:colcon.colcon_core.package_identification:_identify(src/axebot) by extensions ['cmake', 'python']
[0.423s] Level 1:colcon.colcon_core.package_identification:_identify(src/axebot) by extension 'cmake'
[0.423s] Level 1:colcon.colcon_core.package_identification:_identify(src/axebot) by extension 'python'
[0.423s] Level 1:colcon.colcon_core.package_identification:_identify(src/axebot) by extensions ['python_setup_py']
[0.423s] Level 1:colcon.colcon_core.package_identification:_identify(src/axebot) by extension 'python_setup_py'
[0.423s] Level 1:colcon.colcon_core.package_identification:_identify(src/axebot/axebot_control) by extensions ['ignore', 'ignore_ament_install']
[0.423s] Level 1:colcon.colcon_core.package_identification:_identify(src/axebot/axebot_control) by extension 'ignore'
[0.423s] Level 1:colcon.colcon_core.package_identification:_identify(src/axebot/axebot_control) by extension 'ignore_ament_install'
[0.423s] Level 1:colcon.colcon_core.package_identification:_identify(src/axebot/axebot_control) by extensions ['colcon_pkg']
[0.424s] Level 1:colcon.colcon_core.package_identification:_identify(src/axebot/axebot_control) by extension 'colcon_pkg'
[0.424s] Level 1:colcon.colcon_core.package_identification:_identify(src/axebot/axebot_control) by extensions ['colcon_meta']
[0.424s] Level 1:colcon.colcon_core.package_identification:_identify(src/axebot/axebot_control) by extension 'colcon_meta'
[0.424s] Level 1:colcon.colcon_core.package_identification:_identify(src/axebot/axebot_control) by extensions ['ros']
[0.424s] Level 1:colcon.colcon_core.package_identification:_identify(src/axebot/axebot_control) by extension 'ros'
[0.428s] DEBUG:colcon.colcon_core.package_identification:Package 'src/axebot/axebot_control' with type 'ros.ament_cmake' and name 'axebot_control'
[0.428s] Level 1:colcon.colcon_core.package_identification:_identify(src/axebot/axebot_description) by extensions ['ignore', 'ignore_ament_install']
[0.428s] Level 1:colcon.colcon_core.package_identification:_identify(src/axebot/axebot_description) by extension 'ignore'
[0.428s] Level 1:colcon.colcon_core.package_identification:_identify(src/axebot/axebot_description) by extension 'ignore_ament_install'
[0.428s] Level 1:colcon.colcon_core.package_identification:_identify(src/axebot/axebot_description) by extensions ['colcon_pkg']
[0.428s] Level 1:colcon.colcon_core.package_identification:_identify(src/axebot/axebot_description) by extension 'colcon_pkg'
[0.428s] Level 1:colcon.colcon_core.package_identification:_identify(src/axebot/axebot_description) by extensions ['colcon_meta']
[0.428s] Level 1:colcon.colcon_core.package_identification:_identify(src/axebot/axebot_description) by extension 'colcon_meta'
[0.428s] Level 1:colcon.colcon_core.package_identification:_identify(src/axebot/axebot_description) by extensions ['ros']
[0.428s] Level 1:colcon.colcon_core.package_identification:_identify(src/axebot/axebot_description) by extension 'ros'
[0.430s] DEBUG:colcon.colcon_core.package_identification:Package 'src/axebot/axebot_description' with type 'ros.ament_cmake' and name 'axebot_description'
[0.430s] Level 1:colcon.colcon_core.package_identification:_identify(src/axebot/axebot_gazebo) by extensions ['ignore', 'ignore_ament_install']
[0.430s] Level 1:colcon.colcon_core.package_identification:_identify(src/axebot/axebot_gazebo) by extension 'ignore'
[0.430s] Level 1:colcon.colcon_core.package_identification:_identify(src/axebot/axebot_gazebo) by extension 'ignore_ament_install'
[0.430s] Level 1:colcon.colcon_core.package_identification:_identify(src/axebot/axebot_gazebo) by extensions ['colcon_pkg']
[0.430s] Level 1:colcon.colcon_core.package_identification:_identify(src/axebot/axebot_gazebo) by extension 'colcon_pkg'
[0.430s] Level 1:colcon.colcon_core.package_identification:_identify(src/axebot/axebot_gazebo) by extensions ['colcon_meta']
[0.430s] Level 1:colcon.colcon_core.package_identification:_identify(src/axebot/axebot_gazebo) by extension 'colcon_meta'
[0.430s] Level 1:colcon.colcon_core.package_identification:_identify(src/axebot/axebot_gazebo) by extensions ['ros']
[0.430s] Level 1:colcon.colcon_core.package_identification:_identify(src/axebot/axebot_gazebo) by extension 'ros'
[0.431s] DEBUG:colcon.colcon_core.package_identification:Package 'src/axebot/axebot_gazebo' with type 'ros.ament_cmake' and name 'axebot_gazebo'
[0.431s] Level 1:colcon.colcon_core.package_identification:_identify(src/axebot/doc) by extensions ['ignore', 'ignore_ament_install']
[0.431s] Level 1:colcon.colcon_core.package_identification:_identify(src/axebot/doc) by extension 'ignore'
[0.431s] Level 1:colcon.colcon_core.package_identification:_identify(src/axebot/doc) by extension 'ignore_ament_install'
[0.431s] Level 1:colcon.colcon_core.package_identification:_identify(src/axebot/doc) by extensions ['colcon_pkg']
[0.431s] Level 1:colcon.colcon_core.package_identification:_identify(src/axebot/doc) by extension 'colcon_pkg'
[0.431s] Level 1:colcon.colcon_core.package_identification:_identify(src/axebot/doc) by extensions ['colcon_meta']
[0.431s] Level 1:colcon.colcon_core.package_identification:_identify(src/axebot/doc) by extension 'colcon_meta'
[0.432s] Level 1:colcon.colcon_core.package_identification:_identify(src/axebot/doc) by extensions ['ros']
[0.432s] Level 1:colcon.colcon_core.package_identification:_identify(src/axebot/doc) by extension 'ros'
[0.432s] Level 1:colcon.colcon_core.package_identification:_identify(src/axebot/doc) by extensions ['cmake', 'python']
[0.432s] Level 1:colcon.colcon_core.package_identification:_identify(src/axebot/doc) by extension 'cmake'
[0.432s] Level 1:colcon.colcon_core.package_identification:_identify(src/axebot/doc) by extension 'python'
[0.432s] Level 1:colcon.colcon_core.package_identification:_identify(src/axebot/doc) by extensions ['python_setup_py']
[0.432s] Level 1:colcon.colcon_core.package_identification:_identify(src/axebot/doc) by extension 'python_setup_py'
[0.432s] Level 1:colcon.colcon_core.package_identification:_identify(src/axebot/doc/images) by extensions ['ignore', 'ignore_ament_install']
[0.432s] Level 1:colcon.colcon_core.package_identification:_identify(src/axebot/doc/images) by extension 'ignore'
[0.432s] Level 1:colcon.colcon_core.package_identification:_identify(src/axebot/doc/images) by extension 'ignore_ament_install'
[0.432s] Level 1:colcon.colcon_core.package_identification:_identify(src/axebot/doc/images) by extensions ['colcon_pkg']
[0.432s] Level 1:colcon.colcon_core.package_identification:_identify(src/axebot/doc/images) by extension 'colcon_pkg'
[0.432s] Level 1:colcon.colcon_core.package_identification:_identify(src/axebot/doc/images) by extensions ['colcon_meta']
[0.432s] Level 1:colcon.colcon_core.package_identification:_identify(src/axebot/doc/images) by extension 'colcon_meta'
[0.432s] Level 1:colcon.colcon_core.package_identification:_identify(src/axebot/doc/images) by extensions ['ros']
[0.432s] Level 1:colcon.colcon_core.package_identification:_identify(src/axebot/doc/images) by extension 'ros'
[0.433s] Level 1:colcon.colcon_core.package_identification:_identify(src/axebot/doc/images) by extensions ['cmake', 'python']
[0.433s] Level 1:colcon.colcon_core.package_identification:_identify(src/axebot/doc/images) by extension 'cmake'
[0.433s] Level 1:colcon.colcon_core.package_identification:_identify(src/axebot/doc/images) by extension 'python'
[0.433s] Level 1:colcon.colcon_core.package_identification:_identify(src/axebot/doc/images) by extensions ['python_setup_py']
[0.433s] Level 1:colcon.colcon_core.package_identification:_identify(src/axebot/doc/images) by extension 'python_setup_py'
[0.433s] Level 1:colcon.colcon_core.package_identification:_identify(src/omnidirectional_controllers) by extensions ['ignore', 'ignore_ament_install']
[0.433s] Level 1:colcon.colcon_core.package_identification:_identify(src/omnidirectional_controllers) by extension 'ignore'
[0.433s] Level 1:colcon.colcon_core.package_identification:_identify(src/omnidirectional_controllers) by extension 'ignore_ament_install'
[0.433s] Level 1:colcon.colcon_core.package_identification:_identify(src/omnidirectional_controllers) by extensions ['colcon_pkg']
[0.433s] Level 1:colcon.colcon_core.package_identification:_identify(src/omnidirectional_controllers) by extension 'colcon_pkg'
[0.433s] Level 1:colcon.colcon_core.package_identification:_identify(src/omnidirectional_controllers) by extensions ['colcon_meta']
[0.433s] Level 1:colcon.colcon_core.package_identification:_identify(src/omnidirectional_controllers) by extension 'colcon_meta'
[0.433s] Level 1:colcon.colcon_core.package_identification:_identify(src/omnidirectional_controllers) by extensions ['ros']
[0.433s] Level 1:colcon.colcon_core.package_identification:_identify(src/omnidirectional_controllers) by extension 'ros'
[0.435s] DEBUG:colcon.colcon_core.package_identification:Package 'src/omnidirectional_controllers' with type 'ros.ament_cmake' and name 'omnidirectional_controllers'
[0.435s] Level 1:colcon.colcon_core.package_identification:_identify(src/turtlesim_plus) by extensions ['ignore', 'ignore_ament_install']
[0.435s] Level 1:colcon.colcon_core.package_identification:_identify(src/turtlesim_plus) by extension 'ignore'
[0.435s] Level 1:colcon.colcon_core.package_identification:_identify(src/turtlesim_plus) by extension 'ignore_ament_install'
[0.435s] Level 1:colcon.colcon_core.package_identification:_identify(src/turtlesim_plus) by extensions ['colcon_pkg']
[0.435s] Level 1:colcon.colcon_core.package_identification:_identify(src/turtlesim_plus) by extension 'colcon_pkg'
[0.435s] Level 1:colcon.colcon_core.package_identification:_identify(src/turtlesim_plus) by extensions ['colcon_meta']
[0.435s] Level 1:colcon.colcon_core.package_identification:_identify(src/turtlesim_plus) by extension 'colcon_meta'
[0.435s] Level 1:colcon.colcon_core.package_identification:_identify(src/turtlesim_plus) by extensions ['ros']
[0.435s] Level 1:colcon.colcon_core.package_identification:_identify(src/turtlesim_plus) by extension 'ros'
[0.436s] DEBUG:colcon.colcon_core.package_identification:Package 'src/turtlesim_plus' with type 'ros.ament_cmake' and name 'turtlesim_plus'
[0.436s] Level 1:colcon.colcon_core.package_identification:_identify(src/turtlesim_plus_interfaces) by extensions ['ignore', 'ignore_ament_install']
[0.436s] Level 1:colcon.colcon_core.package_identification:_identify(src/turtlesim_plus_interfaces) by extension 'ignore'
[0.436s] Level 1:colcon.colcon_core.package_identification:_identify(src/turtlesim_plus_interfaces) by extension 'ignore_ament_install'
[0.437s] Level 1:colcon.colcon_core.package_identification:_identify(src/turtlesim_plus_interfaces) by extensions ['colcon_pkg']
[0.437s] Level 1:colcon.colcon_core.package_identification:_identify(src/turtlesim_plus_interfaces) by extension 'colcon_pkg'
[0.437s] Level 1:colcon.colcon_core.package_identification:_identify(src/turtlesim_plus_interfaces) by extensions ['colcon_meta']
[0.437s] Level 1:colcon.colcon_core.package_identification:_identify(src/turtlesim_plus_interfaces) by extension 'colcon_meta'
[0.437s] Level 1:colcon.colcon_core.package_identification:_identify(src/turtlesim_plus_interfaces) by extensions ['ros']
[0.437s] Level 1:colcon.colcon_core.package_identification:_identify(src/turtlesim_plus_interfaces) by extension 'ros'
[0.437s] DEBUG:colcon.colcon_core.package_identification:Package 'src/turtlesim_plus_interfaces' with type 'ros.ament_cmake' and name 'turtlesim_plus_interfaces'
[0.437s] Level 1:colcon.colcon_core.package_discovery:discover_packages(recursive) using defaults
[0.437s] Level 1:colcon.colcon_core.package_discovery:discover_packages(ignore) discover
[0.437s] Level 1:colcon.colcon_core.package_discovery:discover_packages(ignore) using defaults
[0.438s] Level 1:colcon.colcon_core.package_discovery:discover_packages(path) discover
[0.438s] Level 1:colcon.colcon_core.package_discovery:discover_packages(path) using defaults
[0.478s] Level 1:colcon.colcon_core.package_discovery:discover_packages(prefix_path) check parameters
[0.479s] Level 1:colcon.colcon_core.package_discovery:discover_packages(prefix_path) discover
[0.482s] DEBUG:colcon.colcon_installed_package_information.package_discovery:Found 6 installed packages in /home/pbear/Opentopic_ws/install
[0.482s] DEBUG:colcon.colcon_installed_package_information.package_discovery:Found 4 installed packages in /home/pbear/FRA501_exam1_6417_6440/install
[0.483s] DEBUG:colcon.colcon_installed_package_information.package_discovery:Found 15 installed packages in /home/pbear/fra501_ws/install
[0.486s] DEBUG:colcon.colcon_installed_package_information.package_discovery:Found 367 installed packages in /opt/ros/humble
[0.488s] Level 1:colcon.colcon_core.package_discovery:discover_packages(prefix_path) using defaults
[0.544s] Level 5:colcon.colcon_core.verb:set package 'axebot_control' build argument 'cmake_args' from command line to 'None'
[0.544s] Level 5:colcon.colcon_core.verb:set package 'axebot_control' build argument 'cmake_target' from command line to 'None'
[0.544s] Level 5:colcon.colcon_core.verb:set package 'axebot_control' build argument 'cmake_target_skip_unavailable' from command line to 'False'
[0.544s] Level 5:colcon.colcon_core.verb:set package 'axebot_control' build argument 'cmake_clean_cache' from command line to 'False'
[0.544s] Level 5:colcon.colcon_core.verb:set package 'axebot_control' build argument 'cmake_clean_first' from command line to 'False'
[0.544s] Level 5:colcon.colcon_core.verb:set package 'axebot_control' build argument 'cmake_force_configure' from command line to 'False'
[0.544s] Level 5:colcon.colcon_core.verb:set package 'axebot_control' build argument 'ament_cmake_args' from command line to 'None'
[0.544s] Level 5:colcon.colcon_core.verb:set package 'axebot_control' build argument 'catkin_cmake_args' from command line to 'None'
[0.544s] Level 5:colcon.colcon_core.verb:set package 'axebot_control' build argument 'catkin_skip_building_tests' from command line to 'False'
[0.544s] DEBUG:colcon.colcon_core.verb:Building package 'axebot_control' with the following arguments: {'ament_cmake_args': None, 'build_base': '/home/pbear/Opentopic_ws/build/axebot_control', 'catkin_cmake_args': None, 'catkin_skip_building_tests': False, 'cmake_args': None, 'cmake_clean_cache': False, 'cmake_clean_first': False, 'cmake_force_configure': False, 'cmake_target': None, 'cmake_target_skip_unavailable': False, 'install_base': '/home/pbear/Opentopic_ws/install/axebot_control', 'merge_install': False, 'path': '/home/pbear/Opentopic_ws/src/axebot/axebot_control', 'symlink_install': False, 'test_result_base': None}
[0.545s] Level 5:colcon.colcon_core.verb:set package 'axebot_description' build argument 'cmake_args' from command line to 'None'
[0.545s] Level 5:colcon.colcon_core.verb:set package 'axebot_description' build argument 'cmake_target' from command line to 'None'
[0.545s] Level 5:colcon.colcon_core.verb:set package 'axebot_description' build argument 'cmake_target_skip_unavailable' from command line to 'False'
[0.545s] Level 5:colcon.colcon_core.verb:set package 'axebot_description' build argument 'cmake_clean_cache' from command line to 'False'
[0.545s] Level 5:colcon.colcon_core.verb:set package 'axebot_description' build argument 'cmake_clean_first' from command line to 'False'
[0.545s] Level 5:colcon.colcon_core.verb:set package 'axebot_description' build argument 'cmake_force_configure' from command line to 'False'
[0.545s] Level 5:colcon.colcon_core.verb:set package 'axebot_description' build argument 'ament_cmake_args' from command line to 'None'
[0.545s] Level 5:colcon.colcon_core.verb:set package 'axebot_description' build argument 'catkin_cmake_args' from command line to 'None'
[0.545s] Level 5:colcon.colcon_core.verb:set package 'axebot_description' build argument 'catkin_skip_building_tests' from command line to 'False'
[0.545s] DEBUG:colcon.colcon_core.verb:Building package 'axebot_description' with the following arguments: {'ament_cmake_args': None, 'build_base': '/home/pbear/Opentopic_ws/build/axebot_description', 'catkin_cmake_args': None, 'catkin_skip_building_tests': False, 'cmake_args': None, 'cmake_clean_cache': False, 'cmake_clean_first': False, 'cmake_force_configure': False, 'cmake_target': None, 'cmake_target_skip_unavailable': False, 'install_base': '/home/pbear/Opentopic_ws/install/axebot_description', 'merge_install': False, 'path': '/home/pbear/Opentopic_ws/src/axebot/axebot_description', 'symlink_install': False, 'test_result_base': None}
[0.546s] Level 5:colcon.colcon_core.verb:set package 'omnidirectional_controllers' build argument 'cmake_args' from command line to 'None'
[0.546s] Level 5:colcon.colcon_core.verb:set package 'omnidirectional_controllers' build argument 'cmake_target' from command line to 'None'
[0.546s] Level 5:colcon.colcon_core.verb:set package 'omnidirectional_controllers' build argument 'cmake_target_skip_unavailable' from command line to 'False'
[0.546s] Level 5:colcon.colcon_core.verb:set package 'omnidirectional_controllers' build argument 'cmake_clean_cache' from command line to 'False'
[0.546s] Level 5:colcon.colcon_core.verb:set package 'omnidirectional_controllers' build argument 'cmake_clean_first' from command line to 'False'
[0.546s] Level 5:colcon.colcon_core.verb:set package 'omnidirectional_controllers' build argument 'cmake_force_configure' from command line to 'False'
[0.546s] Level 5:colcon.colcon_core.verb:set package 'omnidirectional_controllers' build argument 'ament_cmake_args' from command line to 'None'
[0.546s] Level 5:colcon.colcon_core.verb:set package 'omnidirectional_controllers' build argument 'catkin_cmake_args' from command line to 'None'
[0.546s] Level 5:colcon.colcon_core.verb:set package 'omnidirectional_controllers' build argument 'catkin_skip_building_tests' from command line to 'False'
[0.546s] DEBUG:colcon.colcon_core.verb:Building package 'omnidirectional_controllers' with the following arguments: {'ament_cmake_args': None, 'build_base': '/home/pbear/Opentopic_ws/build/omnidirectional_controllers', 'catkin_cmake_args': None, 'catkin_skip_building_tests': False, 'cmake_args': None, 'cmake_clean_cache': False, 'cmake_clean_first': False, 'cmake_force_configure': False, 'cmake_target': None, 'cmake_target_skip_unavailable': False, 'install_base': '/home/pbear/Opentopic_ws/install/omnidirectional_controllers', 'merge_install': False, 'path': '/home/pbear/Opentopic_ws/src/omnidirectional_controllers', 'symlink_install': False, 'test_result_base': None}
[0.546s] Level 5:colcon.colcon_core.verb:set package 'turtlesim_plus' build argument 'cmake_args' from command line to 'None'
[0.546s] Level 5:colcon.colcon_core.verb:set package 'turtlesim_plus' build argument 'cmake_target' from command line to 'None'
[0.546s] Level 5:colcon.colcon_core.verb:set package 'turtlesim_plus' build argument 'cmake_target_skip_unavailable' from command line to 'False'
[0.546s] Level 5:colcon.colcon_core.verb:set package 'turtlesim_plus' build argument 'cmake_clean_cache' from command line to 'False'
[0.546s] Level 5:colcon.colcon_core.verb:set package 'turtlesim_plus' build argument 'cmake_clean_first' from command line to 'False'
[0.546s] Level 5:colcon.colcon_core.verb:set package 'turtlesim_plus' build argument 'cmake_force_configure' from command line to 'False'
[0.546s] Level 5:colcon.colcon_core.verb:set package 'turtlesim_plus' build argument 'ament_cmake_args' from command line to 'None'
[0.546s] Level 5:colcon.colcon_core.verb:set package 'turtlesim_plus' build argument 'catkin_cmake_args' from command line to 'None'
[0.546s] Level 5:colcon.colcon_core.verb:set package 'turtlesim_plus' build argument 'catkin_skip_building_tests' from command line to 'False'
[0.546s] DEBUG:colcon.colcon_core.verb:Building package 'turtlesim_plus' with the following arguments: {'ament_cmake_args': None, 'build_base': '/home/pbear/Opentopic_ws/build/turtlesim_plus', 'catkin_cmake_args': None, 'catkin_skip_building_tests': False, 'cmake_args': None, 'cmake_clean_cache': False, 'cmake_clean_first': False, 'cmake_force_configure': False, 'cmake_target': None, 'cmake_target_skip_unavailable': False, 'install_base': '/home/pbear/Opentopic_ws/install/turtlesim_plus', 'merge_install': False, 'path': '/home/pbear/Opentopic_ws/src/turtlesim_plus', 'symlink_install': False, 'test_result_base': None}
[0.547s] Level 5:colcon.colcon_core.verb:set package 'turtlesim_plus_interfaces' build argument 'cmake_args' from command line to 'None'
[0.547s] Level 5:colcon.colcon_core.verb:set package 'turtlesim_plus_interfaces' build argument 'cmake_target' from command line to 'None'
[0.547s] Level 5:colcon.colcon_core.verb:set package 'turtlesim_plus_interfaces' build argument 'cmake_target_skip_unavailable' from command line to 'False'
[0.547s] Level 5:colcon.colcon_core.verb:set package 'turtlesim_plus_interfaces' build argument 'cmake_clean_cache' from command line to 'False'
[0.547s] Level 5:colcon.colcon_core.verb:set package 'turtlesim_plus_interfaces' build argument 'cmake_clean_first' from command line to 'False'
[0.547s] Level 5:colcon.colcon_core.verb:set package 'turtlesim_plus_interfaces' build argument 'cmake_force_configure' from command line to 'False'
[0.547s] Level 5:colcon.colcon_core.verb:set package 'turtlesim_plus_interfaces' build argument 'ament_cmake_args' from command line to 'None'
[0.547s] Level 5:colcon.colcon_core.verb:set package 'turtlesim_plus_interfaces' build argument 'catkin_cmake_args' from command line to 'None'
[0.547s] Level 5:colcon.colcon_core.verb:set package 'turtlesim_plus_interfaces' build argument 'catkin_skip_building_tests' from command line to 'False'
[0.547s] DEBUG:colcon.colcon_core.verb:Building package 'turtlesim_plus_interfaces' with the following arguments: {'ament_cmake_args': None, 'build_base': '/home/pbear/Opentopic_ws/build/turtlesim_plus_interfaces', 'catkin_cmake_args': None, 'catkin_skip_building_tests': False, 'cmake_args': None, 'cmake_clean_cache': False, 'cmake_clean_first': False, 'cmake_force_configure': False, 'cmake_target': None, 'cmake_target_skip_unavailable': False, 'install_base': '/home/pbear/Opentopic_ws/install/turtlesim_plus_interfaces', 'merge_install': False, 'path': '/home/pbear/Opentopic_ws/src/turtlesim_plus_interfaces', 'symlink_install': False, 'test_result_base': None}
[0.548s] Level 5:colcon.colcon_core.verb:set package 'axebot_gazebo' build argument 'cmake_args' from command line to 'None'
[0.548s] Level 5:colcon.colcon_core.verb:set package 'axebot_gazebo' build argument 'cmake_target' from command line to 'None'
[0.548s] Level 5:colcon.colcon_core.verb:set package 'axebot_gazebo' build argument 'cmake_target_skip_unavailable' from command line to 'False'
[0.548s] Level 5:colcon.colcon_core.verb:set package 'axebot_gazebo' build argument 'cmake_clean_cache' from command line to 'False'
[0.548s] Level 5:colcon.colcon_core.verb:set package 'axebot_gazebo' build argument 'cmake_clean_first' from command line to 'False'
[0.548s] Level 5:colcon.colcon_core.verb:set package 'axebot_gazebo' build argument 'cmake_force_configure' from command line to 'False'
[0.548s] Level 5:colcon.colcon_core.verb:set package 'axebot_gazebo' build argument 'ament_cmake_args' from command line to 'None'
[0.548s] Level 5:colcon.colcon_core.verb:set package 'axebot_gazebo' build argument 'catkin_cmake_args' from command line to 'None'
[0.548s] Level 5:colcon.colcon_core.verb:set package 'axebot_gazebo' build argument 'catkin_skip_building_tests' from command line to 'False'
[0.548s] DEBUG:colcon.colcon_core.verb:Building package 'axebot_gazebo' with the following arguments: {'ament_cmake_args': None, 'build_base': '/home/pbear/Opentopic_ws/build/axebot_gazebo', 'catkin_cmake_args': None, 'catkin_skip_building_tests': False, 'cmake_args': None, 'cmake_clean_cache': False, 'cmake_clean_first': False, 'cmake_force_configure': False, 'cmake_target': None, 'cmake_target_skip_unavailable': False, 'install_base': '/home/pbear/Opentopic_ws/install/axebot_gazebo', 'merge_install': False, 'path': '/home/pbear/Opentopic_ws/src/axebot/axebot_gazebo', 'symlink_install': False, 'test_result_base': None}
[0.548s] INFO:colcon.colcon_core.executor:Executing jobs using 'parallel' executor
[0.549s] DEBUG:colcon.colcon_parallel_executor.executor.parallel:run_until_complete
[0.550s] INFO:colcon.colcon_ros.task.ament_cmake.build:Building ROS package in '/home/pbear/Opentopic_ws/src/axebot/axebot_description' with build type 'ament_cmake'
[0.550s] INFO:colcon.colcon_cmake.task.cmake.build:Building CMake package in '/home/pbear/Opentopic_ws/src/axebot/axebot_description'
[0.553s] INFO:colcon.colcon_core.plugin_system:Skipping extension 'colcon_core.shell.bat': Not used on non-Windows systems
[0.553s] INFO:colcon.colcon_core.shell:Skip shell extension 'powershell' for command environment: Not usable outside of PowerShell
[0.553s] DEBUG:colcon.colcon_core.shell:Skip shell extension 'dsv' for command environment
[0.561s] INFO:colcon.colcon_ros.task.ament_cmake.build:Building ROS package in '/home/pbear/Opentopic_ws/src/axebot/axebot_control' with build type 'ament_cmake'
[0.561s] INFO:colcon.colcon_cmake.task.cmake.build:Building CMake package in '/home/pbear/Opentopic_ws/src/axebot/axebot_control'
[0.561s] INFO:colcon.colcon_core.shell:Skip shell extension 'powershell' for command environment: Not usable outside of PowerShell
[0.561s] DEBUG:colcon.colcon_core.shell:Skip shell extension 'dsv' for command environment
[0.568s] INFO:colcon.colcon_ros.task.ament_cmake.build:Building ROS package in '/home/pbear/Opentopic_ws/src/omnidirectional_controllers' with build type 'ament_cmake'
[0.569s] INFO:colcon.colcon_cmake.task.cmake.build:Building CMake package in '/home/pbear/Opentopic_ws/src/omnidirectional_controllers'
[0.569s] INFO:colcon.colcon_core.shell:Skip shell extension 'powershell' for command environment: Not usable outside of PowerShell
[0.569s] DEBUG:colcon.colcon_core.shell:Skip shell extension 'dsv' for command environment
[0.576s] INFO:colcon.colcon_ros.task.ament_cmake.build:Building ROS package in '/home/pbear/Opentopic_ws/src/turtlesim_plus' with build type 'ament_cmake'
[0.577s] INFO:colcon.colcon_cmake.task.cmake.build:Building CMake package in '/home/pbear/Opentopic_ws/src/turtlesim_plus'
[0.577s] INFO:colcon.colcon_core.shell:Skip shell extension 'powershell' for command environment: Not usable outside of PowerShell
[0.577s] DEBUG:colcon.colcon_core.shell:Skip shell extension 'dsv' for command environment
[0.585s] INFO:colcon.colcon_ros.task.ament_cmake.build:Building ROS package in '/home/pbear/Opentopic_ws/src/turtlesim_plus_interfaces' with build type 'ament_cmake'
[0.585s] INFO:colcon.colcon_cmake.task.cmake.build:Building CMake package in '/home/pbear/Opentopic_ws/src/turtlesim_plus_interfaces'
[0.585s] INFO:colcon.colcon_core.shell:Skip shell extension 'powershell' for command environment: Not usable outside of PowerShell
[0.585s] DEBUG:colcon.colcon_core.shell:Skip shell extension 'dsv' for command environment
[0.600s] DEBUG:colcon.colcon_core.event_handler.log_command:Invoking command in '/home/pbear/Opentopic_ws/build/axebot_description': CMAKE_PREFIX_PATH=${CMAKE_PREFIX_PATH}:/opt/ros/humble /usr/bin/cmake --build /home/pbear/Opentopic_ws/build/axebot_description -- -j16 -l16
[0.606s] DEBUG:colcon.colcon_core.event_handler.log_command:Invoking command in '/home/pbear/Opentopic_ws/build/axebot_control': CMAKE_PREFIX_PATH=${CMAKE_PREFIX_PATH}:/opt/ros/humble /usr/bin/cmake --build /home/pbear/Opentopic_ws/build/axebot_control -- -j16 -l16
[0.610s] DEBUG:colcon.colcon_core.event_handler.log_command:Invoking command in '/home/pbear/Opentopic_ws/build/omnidirectional_controllers': CMAKE_PREFIX_PATH=${CMAKE_PREFIX_PATH}:/opt/ros/humble /usr/bin/cmake --build /home/pbear/Opentopic_ws/build/omnidirectional_controllers -- -j16 -l16
[0.615s] DEBUG:colcon.colcon_core.event_handler.log_command:Invoking command in '/home/pbear/Opentopic_ws/build/turtlesim_plus': CMAKE_PREFIX_PATH=${CMAKE_PREFIX_PATH}:/opt/ros/humble /usr/bin/cmake --build /home/pbear/Opentopic_ws/build/turtlesim_plus -- -j16 -l16
[0.622s] DEBUG:colcon.colcon_core.event_handler.log_command:Invoking command in '/home/pbear/Opentopic_ws/build/turtlesim_plus_interfaces': CMAKE_PREFIX_PATH=${CMAKE_PREFIX_PATH}:/opt/ros/humble /usr/bin/cmake --build /home/pbear/Opentopic_ws/build/turtlesim_plus_interfaces -- -j16 -l16
[0.664s] DEBUG:colcon.colcon_core.event_handler.log_command:Invoked command in '/home/pbear/Opentopic_ws/build/axebot_description' returned '0': CMAKE_PREFIX_PATH=${CMAKE_PREFIX_PATH}:/opt/ros/humble /usr/bin/cmake --build /home/pbear/Opentopic_ws/build/axebot_description -- -j16 -l16
[0.727s] DEBUG:colcon.colcon_core.event_handler.log_command:Invoking command in '/home/pbear/Opentopic_ws/build/axebot_description': CMAKE_PREFIX_PATH=${CMAKE_PREFIX_PATH}:/opt/ros/humble /usr/bin/cmake --install /home/pbear/Opentopic_ws/build/axebot_description
[0.730s] DEBUG:colcon.colcon_core.event_handler.log_command:Invoked command in '/home/pbear/Opentopic_ws/build/axebot_control' returned '0': CMAKE_PREFIX_PATH=${CMAKE_PREFIX_PATH}:/opt/ros/humble /usr/bin/cmake --build /home/pbear/Opentopic_ws/build/axebot_control -- -j16 -l16
[0.751s] Level 1:colcon.colcon_core.environment:create_environment_scripts_only(axebot_description)
[0.752s] DEBUG:colcon.colcon_core.event_handler.log_command:Invoked command in '/home/pbear/Opentopic_ws/build/axebot_description' returned '0': CMAKE_PREFIX_PATH=${CMAKE_PREFIX_PATH}:/opt/ros/humble /usr/bin/cmake --install /home/pbear/Opentopic_ws/build/axebot_description
[0.758s] Level 1:colcon.colcon_core.environment:checking '/home/pbear/Opentopic_ws/install/axebot_description' for CMake module files
[0.761s] Level 1:colcon.colcon_core.environment:checking '/home/pbear/Opentopic_ws/install/axebot_description' for CMake config files
[0.761s] Level 1:colcon.colcon_core.shell:create_environment_hook('axebot_description', 'cmake_prefix_path')
[0.762s] INFO:colcon.colcon_core.shell:Creating environment hook '/home/pbear/Opentopic_ws/install/axebot_description/share/axebot_description/hook/cmake_prefix_path.ps1'
[0.763s] INFO:colcon.colcon_core.shell:Creating environment descriptor '/home/pbear/Opentopic_ws/install/axebot_description/share/axebot_description/hook/cmake_prefix_path.dsv'
[0.764s] INFO:colcon.colcon_core.shell:Creating environment hook '/home/pbear/Opentopic_ws/install/axebot_description/share/axebot_description/hook/cmake_prefix_path.sh'
[0.765s] Level 1:colcon.colcon_core.environment:checking '/home/pbear/Opentopic_ws/install/axebot_description/bin'
[0.766s] Level 1:colcon.colcon_core.environment:checking '/home/pbear/Opentopic_ws/install/axebot_description/lib/pkgconfig/axebot_description.pc'
[0.766s] Level 1:colcon.colcon_core.environment:checking '/home/pbear/Opentopic_ws/install/axebot_description/lib/python3.10/site-packages'
[0.766s] Level 1:colcon.colcon_core.environment:checking '/home/pbear/Opentopic_ws/install/axebot_description/bin'
[0.767s] INFO:colcon.colcon_core.shell:Creating package script '/home/pbear/Opentopic_ws/install/axebot_description/share/axebot_description/package.ps1'
[0.768s] INFO:colcon.colcon_core.shell:Creating package descriptor '/home/pbear/Opentopic_ws/install/axebot_description/share/axebot_description/package.dsv'
[0.768s] INFO:colcon.colcon_core.shell:Creating package script '/home/pbear/Opentopic_ws/install/axebot_description/share/axebot_description/package.sh'
[0.770s] INFO:colcon.colcon_core.shell:Creating package script '/home/pbear/Opentopic_ws/install/axebot_description/share/axebot_description/package.bash'
[0.771s] INFO:colcon.colcon_core.shell:Creating package script '/home/pbear/Opentopic_ws/install/axebot_description/share/axebot_description/package.zsh'
[0.772s] Level 1:colcon.colcon_core.environment:create_file_with_runtime_dependencies(/home/pbear/Opentopic_ws/install/axebot_description/share/colcon-core/packages/axebot_description)
[0.781s] DEBUG:colcon.colcon_core.event_handler.log_command:Invoked command in '/home/pbear/Opentopic_ws/build/omnidirectional_controllers' returned '0': CMAKE_PREFIX_PATH=${CMAKE_PREFIX_PATH}:/opt/ros/humble /usr/bin/cmake --build /home/pbear/Opentopic_ws/build/omnidirectional_controllers -- -j16 -l16
[0.796s] DEBUG:colcon.colcon_core.event_handler.log_command:Invoking command in '/home/pbear/Opentopic_ws/build/axebot_control': CMAKE_PREFIX_PATH=${CMAKE_PREFIX_PATH}:/opt/ros/humble /usr/bin/cmake --install /home/pbear/Opentopic_ws/build/axebot_control
[0.812s] Level 1:colcon.colcon_core.environment:create_environment_scripts_only(axebot_control)
[0.812s] Level 1:colcon.colcon_core.environment:checking '/home/pbear/Opentopic_ws/install/axebot_control' for CMake module files
[0.813s] DEBUG:colcon.colcon_core.event_handler.log_command:Invoked command in '/home/pbear/Opentopic_ws/build/axebot_control' returned '0': CMAKE_PREFIX_PATH=${CMAKE_PREFIX_PATH}:/opt/ros/humble /usr/bin/cmake --install /home/pbear/Opentopic_ws/build/axebot_control
[0.814s] Level 1:colcon.colcon_core.environment:checking '/home/pbear/Opentopic_ws/install/axebot_control' for CMake config files
[0.814s] Level 1:colcon.colcon_core.shell:create_environment_hook('axebot_control', 'cmake_prefix_path')
[0.815s] INFO:colcon.colcon_core.shell:Creating environment hook '/home/pbear/Opentopic_ws/install/axebot_control/share/axebot_control/hook/cmake_prefix_path.ps1'
[0.815s] INFO:colcon.colcon_core.shell:Creating environment descriptor '/home/pbear/Opentopic_ws/install/axebot_control/share/axebot_control/hook/cmake_prefix_path.dsv'
[0.816s] INFO:colcon.colcon_core.shell:Creating environment hook '/home/pbear/Opentopic_ws/install/axebot_control/share/axebot_control/hook/cmake_prefix_path.sh'
[0.817s] Level 1:colcon.colcon_core.environment:checking '/home/pbear/Opentopic_ws/install/axebot_control/lib'
[0.818s] Level 1:colcon.colcon_core.environment:checking '/home/pbear/Opentopic_ws/install/axebot_control/bin'
[0.818s] Level 1:colcon.colcon_core.environment:checking '/home/pbear/Opentopic_ws/install/axebot_control/lib/pkgconfig/axebot_control.pc'
[0.819s] Level 1:colcon.colcon_core.environment:checking '/home/pbear/Opentopic_ws/install/axebot_control/lib/python3.10/site-packages'
[0.819s] Level 1:colcon.colcon_core.environment:checking '/home/pbear/Opentopic_ws/install/axebot_control/bin'
[0.819s] INFO:colcon.colcon_core.shell:Creating package script '/home/pbear/Opentopic_ws/install/axebot_control/share/axebot_control/package.ps1'
[0.820s] INFO:colcon.colcon_core.shell:Creating package descriptor '/home/pbear/Opentopic_ws/install/axebot_control/share/axebot_control/package.dsv'
[0.820s] INFO:colcon.colcon_core.shell:Creating package script '/home/pbear/Opentopic_ws/install/axebot_control/share/axebot_control/package.sh'
[0.821s] INFO:colcon.colcon_core.shell:Creating package script '/home/pbear/Opentopic_ws/install/axebot_control/share/axebot_control/package.bash'
[0.822s] INFO:colcon.colcon_core.shell:Creating package script '/home/pbear/Opentopic_ws/install/axebot_control/share/axebot_control/package.zsh'
[0.822s] Level 1:colcon.colcon_core.environment:create_file_with_runtime_dependencies(/home/pbear/Opentopic_ws/install/axebot_control/share/colcon-core/packages/axebot_control)
[0.825s] Level 1:colcon.colcon_core.environment:create_environment_scripts_only(axebot_description)
[0.825s] Level 1:colcon.colcon_core.environment:checking '/home/pbear/Opentopic_ws/install/axebot_description' for CMake module files
[0.826s] Level 1:colcon.colcon_core.environment:checking '/home/pbear/Opentopic_ws/install/axebot_description' for CMake config files
[0.827s] Level 1:colcon.colcon_core.shell:create_environment_hook('axebot_description', 'cmake_prefix_path')
[0.827s] INFO:colcon.colcon_core.shell:Creating environment hook '/home/pbear/Opentopic_ws/install/axebot_description/share/axebot_description/hook/cmake_prefix_path.ps1'
[0.828s] INFO:colcon.colcon_core.shell:Creating environment descriptor '/home/pbear/Opentopic_ws/install/axebot_description/share/axebot_description/hook/cmake_prefix_path.dsv'
[0.829s] INFO:colcon.colcon_core.shell:Creating environment hook '/home/pbear/Opentopic_ws/install/axebot_description/share/axebot_description/hook/cmake_prefix_path.sh'
[0.830s] Level 1:colcon.colcon_core.environment:checking '/home/pbear/Opentopic_ws/install/axebot_description/bin'
[0.830s] Level 1:colcon.colcon_core.environment:checking '/home/pbear/Opentopic_ws/install/axebot_description/lib/pkgconfig/axebot_description.pc'
[0.830s] Level 1:colcon.colcon_core.environment:checking '/home/pbear/Opentopic_ws/install/axebot_description/lib/python3.10/site-packages'
[0.831s] Level 1:colcon.colcon_core.environment:checking '/home/pbear/Opentopic_ws/install/axebot_description/bin'
[0.831s] INFO:colcon.colcon_core.shell:Creating package script '/home/pbear/Opentopic_ws/install/axebot_description/share/axebot_description/package.ps1'
[0.833s] INFO:colcon.colcon_core.shell:Creating package descriptor '/home/pbear/Opentopic_ws/install/axebot_description/share/axebot_description/package.dsv'
[0.834s] INFO:colcon.colcon_core.shell:Creating package script '/home/pbear/Opentopic_ws/install/axebot_description/share/axebot_description/package.sh'
[0.835s] INFO:colcon.colcon_core.shell:Creating package script '/home/pbear/Opentopic_ws/install/axebot_description/share/axebot_description/package.bash'
[0.835s] INFO:colcon.colcon_core.shell:Creating package script '/home/pbear/Opentopic_ws/install/axebot_description/share/axebot_description/package.zsh'
[0.836s] Level 1:colcon.colcon_core.environment:create_file_with_runtime_dependencies(/home/pbear/Opentopic_ws/install/axebot_description/share/colcon-core/packages/axebot_description)
[0.837s] INFO:colcon.colcon_ros.task.ament_cmake.build:Building ROS package in '/home/pbear/Opentopic_ws/src/axebot/axebot_gazebo' with build type 'ament_cmake'
[0.838s] INFO:colcon.colcon_cmake.task.cmake.build:Building CMake package in '/home/pbear/Opentopic_ws/src/axebot/axebot_gazebo'
[0.838s] INFO:colcon.colcon_core.shell:Skip shell extension 'powershell' for command environment: Not usable outside of PowerShell
[0.838s] DEBUG:colcon.colcon_core.shell:Skip shell extension 'dsv' for command environment
[0.856s] DEBUG:colcon.colcon_core.event_handler.log_command:Invoking command in '/home/pbear/Opentopic_ws/build/axebot_gazebo': CMAKE_PREFIX_PATH=/home/pbear/Opentopic_ws/install/axebot_description:/home/pbear/Opentopic_ws/install/turtlesim_plus_interfaces:/home/pbear/Opentopic_ws/install/turtlesim_plus:/home/pbear/Opentopic_ws/install/omnidirectional_controllers:/home/pbear/Opentopic_ws/install/axebot_gazebo:/home/pbear/Opentopic_ws/install/axebot_control:/home/pbear/fra501_ws/install/megarover_samples_ros2:/home/pbear/fra501_ws/install/xicro_pkg:/home/pbear/fra501_ws/install/xicro_interfaces:/home/pbear/fra501_ws/install/turtlesim_plus_interfaces:/home/pbear/fra501_ws/install/turtlesim_plus:/home/pbear/fra501_ws/install/turtlesim_interfaces:/home/pbear/fra501_ws/install/turtlesim_control:/home/pbear/fra501_ws/install/software_integration:/home/pbear/fra501_ws/install/noob_gazebo:/home/pbear/fra501_ws/install/noob_description:/home/pbear/fra501_ws/install/my_controller_interfaces:/home/pbear/fra501_ws/install/my_controller:/home/pbear/fra501_ws/install/example_description:/home/pbear/FRA501_exam1_6417_6440/install/turtlesim_plus_interfaces:/home/pbear/FRA501_exam1_6417_6440/install/turtlesim_plus:/home/pbear/FRA501_exam1_6417_6440/install/turtle_control:/opt/ros/humble /usr/bin/cmake --build /home/pbear/Opentopic_ws/build/axebot_gazebo -- -j16 -l16
[0.863s] DEBUG:colcon.colcon_core.event_handler.log_command:Invoking command in '/home/pbear/Opentopic_ws/build/omnidirectional_controllers': CMAKE_PREFIX_PATH=${CMAKE_PREFIX_PATH}:/opt/ros/humble /usr/bin/cmake --install /home/pbear/Opentopic_ws/build/omnidirectional_controllers
[0.876s] Level 1:colcon.colcon_core.environment:create_environment_scripts_only(axebot_control)
[0.876s] Level 1:colcon.colcon_core.environment:checking '/home/pbear/Opentopic_ws/install/axebot_control' for CMake module files
[0.878s] Level 1:colcon.colcon_core.environment:checking '/home/pbear/Opentopic_ws/install/axebot_control' for CMake config files
[0.880s] Level 1:colcon.colcon_core.shell:create_environment_hook('axebot_control', 'cmake_prefix_path')
[0.880s] INFO:colcon.colcon_core.shell:Creating environment hook '/home/pbear/Opentopic_ws/install/axebot_control/share/axebot_control/hook/cmake_prefix_path.ps1'
[0.882s] INFO:colcon.colcon_core.shell:Creating environment descriptor '/home/pbear/Opentopic_ws/install/axebot_control/share/axebot_control/hook/cmake_prefix_path.dsv'
[0.883s] INFO:colcon.colcon_core.shell:Creating environment hook '/home/pbear/Opentopic_ws/install/axebot_control/share/axebot_control/hook/cmake_prefix_path.sh'
[0.885s] Level 1:colcon.colcon_core.environment:checking '/home/pbear/Opentopic_ws/install/axebot_control/lib'
[0.885s] Level 1:colcon.colcon_core.environment:checking '/home/pbear/Opentopic_ws/install/axebot_control/bin'
[0.885s] Level 1:colcon.colcon_core.environment:checking '/home/pbear/Opentopic_ws/install/axebot_control/lib/pkgconfig/axebot_control.pc'
[0.886s] Level 1:colcon.colcon_core.environment:checking '/home/pbear/Opentopic_ws/install/axebot_control/lib/python3.10/site-packages'
[0.886s] Level 1:colcon.colcon_core.environment:checking '/home/pbear/Opentopic_ws/install/axebot_control/bin'
[0.886s] INFO:colcon.colcon_core.shell:Creating package script '/home/pbear/Opentopic_ws/install/axebot_control/share/axebot_control/package.ps1'
[0.887s] INFO:colcon.colcon_core.shell:Creating package descriptor '/home/pbear/Opentopic_ws/install/axebot_control/share/axebot_control/package.dsv'
[0.887s] INFO:colcon.colcon_core.shell:Creating package script '/home/pbear/Opentopic_ws/install/axebot_control/share/axebot_control/package.sh'
[0.888s] INFO:colcon.colcon_core.shell:Creating package script '/home/pbear/Opentopic_ws/install/axebot_control/share/axebot_control/package.bash'
[0.888s] INFO:colcon.colcon_core.shell:Creating package script '/home/pbear/Opentopic_ws/install/axebot_control/share/axebot_control/package.zsh'
[0.889s] Level 1:colcon.colcon_core.environment:create_file_with_runtime_dependencies(/home/pbear/Opentopic_ws/install/axebot_control/share/colcon-core/packages/axebot_control)
[0.890s] Level 1:colcon.colcon_core.environment:create_environment_scripts_only(omnidirectional_controllers)
[0.890s] Level 1:colcon.colcon_core.environment:checking '/home/pbear/Opentopic_ws/install/omnidirectional_controllers' for CMake module files
[0.891s] Level 1:colcon.colcon_core.environment:checking '/home/pbear/Opentopic_ws/install/omnidirectional_controllers' for CMake config files
[0.892s] DEBUG:colcon.colcon_core.event_handler.log_command:Invoked command in '/home/pbear/Opentopic_ws/build/omnidirectional_controllers' returned '0': CMAKE_PREFIX_PATH=${CMAKE_PREFIX_PATH}:/opt/ros/humble /usr/bin/cmake --install /home/pbear/Opentopic_ws/build/omnidirectional_controllers
[0.892s] Level 1:colcon.colcon_core.shell:create_environment_hook('omnidirectional_controllers', 'cmake_prefix_path')
[0.892s] INFO:colcon.colcon_core.shell:Creating environment hook '/home/pbear/Opentopic_ws/install/omnidirectional_controllers/share/omnidirectional_controllers/hook/cmake_prefix_path.ps1'
[0.893s] INFO:colcon.colcon_core.shell:Creating environment descriptor '/home/pbear/Opentopic_ws/install/omnidirectional_controllers/share/omnidirectional_controllers/hook/cmake_prefix_path.dsv'
[0.894s] INFO:colcon.colcon_core.shell:Creating environment hook '/home/pbear/Opentopic_ws/install/omnidirectional_controllers/share/omnidirectional_controllers/hook/cmake_prefix_path.sh'
[0.894s] Level 1:colcon.colcon_core.environment:checking '/home/pbear/Opentopic_ws/install/omnidirectional_controllers/lib'
[0.894s] Level 1:colcon.colcon_core.shell:create_environment_hook('omnidirectional_controllers', 'ld_library_path_lib')
[0.895s] INFO:colcon.colcon_core.shell:Creating environment hook '/home/pbear/Opentopic_ws/install/omnidirectional_controllers/share/omnidirectional_controllers/hook/ld_library_path_lib.ps1'
[0.895s] INFO:colcon.colcon_core.shell:Creating environment descriptor '/home/pbear/Opentopic_ws/install/omnidirectional_controllers/share/omnidirectional_controllers/hook/ld_library_path_lib.dsv'
[0.896s] INFO:colcon.colcon_core.shell:Creating environment hook '/home/pbear/Opentopic_ws/install/omnidirectional_controllers/share/omnidirectional_controllers/hook/ld_library_path_lib.sh'
[0.896s] Level 1:colcon.colcon_core.environment:checking '/home/pbear/Opentopic_ws/install/omnidirectional_controllers/bin'
[0.896s] Level 1:colcon.colcon_core.environment:checking '/home/pbear/Opentopic_ws/install/omnidirectional_controllers/lib/pkgconfig/omnidirectional_controllers.pc'
[0.896s] Level 1:colcon.colcon_core.environment:checking '/home/pbear/Opentopic_ws/install/omnidirectional_controllers/lib/python3.10/site-packages'
[0.897s] Level 1:colcon.colcon_core.environment:checking '/home/pbear/Opentopic_ws/install/omnidirectional_controllers/bin'
[0.897s] INFO:colcon.colcon_core.shell:Creating package script '/home/pbear/Opentopic_ws/install/omnidirectional_controllers/share/omnidirectional_controllers/package.ps1'
[0.898s] INFO:colcon.colcon_core.shell:Creating package descriptor '/home/pbear/Opentopic_ws/install/omnidirectional_controllers/share/omnidirectional_controllers/package.dsv'
[0.898s] INFO:colcon.colcon_core.shell:Creating package script '/home/pbear/Opentopic_ws/install/omnidirectional_controllers/share/omnidirectional_controllers/package.sh'
[0.899s] INFO:colcon.colcon_core.shell:Creating package script '/home/pbear/Opentopic_ws/install/omnidirectional_controllers/share/omnidirectional_controllers/package.bash'
[0.900s] INFO:colcon.colcon_core.shell:Creating package script '/home/pbear/Opentopic_ws/install/omnidirectional_controllers/share/omnidirectional_controllers/package.zsh'
[0.900s] Level 1:colcon.colcon_core.environment:create_file_with_runtime_dependencies(/home/pbear/Opentopic_ws/install/omnidirectional_controllers/share/colcon-core/packages/omnidirectional_controllers)
[0.922s] DEBUG:colcon.colcon_core.event_handler.log_command:Invoked command in '/home/pbear/Opentopic_ws/build/axebot_gazebo' returned '0': CMAKE_PREFIX_PATH=/home/pbear/Opentopic_ws/install/axebot_description:/home/pbear/Opentopic_ws/install/turtlesim_plus_interfaces:/home/pbear/Opentopic_ws/install/turtlesim_plus:/home/pbear/Opentopic_ws/install/omnidirectional_controllers:/home/pbear/Opentopic_ws/install/axebot_gazebo:/home/pbear/Opentopic_ws/install/axebot_control:/home/pbear/fra501_ws/install/megarover_samples_ros2:/home/pbear/fra501_ws/install/xicro_pkg:/home/pbear/fra501_ws/install/xicro_interfaces:/home/pbear/fra501_ws/install/turtlesim_plus_interfaces:/home/pbear/fra501_ws/install/turtlesim_plus:/home/pbear/fra501_ws/install/turtlesim_interfaces:/home/pbear/fra501_ws/install/turtlesim_control:/home/pbear/fra501_ws/install/software_integration:/home/pbear/fra501_ws/install/noob_gazebo:/home/pbear/fra501_ws/install/noob_description:/home/pbear/fra501_ws/install/my_controller_interfaces:/home/pbear/fra501_ws/install/my_controller:/home/pbear/fra501_ws/install/example_description:/home/pbear/FRA501_exam1_6417_6440/install/turtlesim_plus_interfaces:/home/pbear/FRA501_exam1_6417_6440/install/turtlesim_plus:/home/pbear/FRA501_exam1_6417_6440/install/turtle_control:/opt/ros/humble /usr/bin/cmake --build /home/pbear/Opentopic_ws/build/axebot_gazebo -- -j16 -l16
[0.965s] DEBUG:colcon.colcon_core.event_handler.log_command:Invoking command in '/home/pbear/Opentopic_ws/build/axebot_gazebo': CMAKE_PREFIX_PATH=/home/pbear/Opentopic_ws/install/axebot_description:/home/pbear/Opentopic_ws/install/turtlesim_plus_interfaces:/home/pbear/Opentopic_ws/install/turtlesim_plus:/home/pbear/Opentopic_ws/install/omnidirectional_controllers:/home/pbear/Opentopic_ws/install/axebot_gazebo:/home/pbear/Opentopic_ws/install/axebot_control:/home/pbear/fra501_ws/install/megarover_samples_ros2:/home/pbear/fra501_ws/install/xicro_pkg:/home/pbear/fra501_ws/install/xicro_interfaces:/home/pbear/fra501_ws/install/turtlesim_plus_interfaces:/home/pbear/fra501_ws/install/turtlesim_plus:/home/pbear/fra501_ws/install/turtlesim_interfaces:/home/pbear/fra501_ws/install/turtlesim_control:/home/pbear/fra501_ws/install/software_integration:/home/pbear/fra501_ws/install/noob_gazebo:/home/pbear/fra501_ws/install/noob_description:/home/pbear/fra501_ws/install/my_controller_interfaces:/home/pbear/fra501_ws/install/my_controller:/home/pbear/fra501_ws/install/example_description:/home/pbear/FRA501_exam1_6417_6440/install/turtlesim_plus_interfaces:/home/pbear/FRA501_exam1_6417_6440/install/turtlesim_plus:/home/pbear/FRA501_exam1_6417_6440/install/turtle_control:/opt/ros/humble /usr/bin/cmake --install /home/pbear/Opentopic_ws/build/axebot_gazebo
[0.981s] Level 1:colcon.colcon_core.environment:create_environment_scripts_only(axebot_gazebo)
[0.982s] Level 1:colcon.colcon_core.environment:checking '/home/pbear/Opentopic_ws/install/axebot_gazebo' for CMake module files
[0.982s] DEBUG:colcon.colcon_core.event_handler.log_command:Invoked command in '/home/pbear/Opentopic_ws/build/axebot_gazebo' returned '0': CMAKE_PREFIX_PATH=/home/pbear/Opentopic_ws/install/axebot_description:/home/pbear/Opentopic_ws/install/turtlesim_plus_interfaces:/home/pbear/Opentopic_ws/install/turtlesim_plus:/home/pbear/Opentopic_ws/install/omnidirectional_controllers:/home/pbear/Opentopic_ws/install/axebot_gazebo:/home/pbear/Opentopic_ws/install/axebot_control:/home/pbear/fra501_ws/install/megarover_samples_ros2:/home/pbear/fra501_ws/install/xicro_pkg:/home/pbear/fra501_ws/install/xicro_interfaces:/home/pbear/fra501_ws/install/turtlesim_plus_interfaces:/home/pbear/fra501_ws/install/turtlesim_plus:/home/pbear/fra501_ws/install/turtlesim_interfaces:/home/pbear/fra501_ws/install/turtlesim_control:/home/pbear/fra501_ws/install/software_integration:/home/pbear/fra501_ws/install/noob_gazebo:/home/pbear/fra501_ws/install/noob_description:/home/pbear/fra501_ws/install/my_controller_interfaces:/home/pbear/fra501_ws/install/my_controller:/home/pbear/fra501_ws/install/example_description:/home/pbear/FRA501_exam1_6417_6440/install/turtlesim_plus_interfaces:/home/pbear/FRA501_exam1_6417_6440/install/turtlesim_plus:/home/pbear/FRA501_exam1_6417_6440/install/turtle_control:/opt/ros/humble /usr/bin/cmake --install /home/pbear/Opentopic_ws/build/axebot_gazebo
[0.983s] Level 1:colcon.colcon_core.environment:checking '/home/pbear/Opentopic_ws/install/axebot_gazebo' for CMake config files
[0.983s] Level 1:colcon.colcon_core.shell:create_environment_hook('axebot_gazebo', 'cmake_prefix_path')
[0.983s] INFO:colcon.colcon_core.shell:Creating environment hook '/home/pbear/Opentopic_ws/install/axebot_gazebo/share/axebot_gazebo/hook/cmake_prefix_path.ps1'
[0.984s] INFO:colcon.colcon_core.shell:Creating environment descriptor '/home/pbear/Opentopic_ws/install/axebot_gazebo/share/axebot_gazebo/hook/cmake_prefix_path.dsv'
[0.984s] INFO:colcon.colcon_core.shell:Creating environment hook '/home/pbear/Opentopic_ws/install/axebot_gazebo/share/axebot_gazebo/hook/cmake_prefix_path.sh'
[0.985s] Level 1:colcon.colcon_core.environment:checking '/home/pbear/Opentopic_ws/install/axebot_gazebo/bin'
[0.985s] Level 1:colcon.colcon_core.environment:checking '/home/pbear/Opentopic_ws/install/axebot_gazebo/lib/pkgconfig/axebot_gazebo.pc'
[0.985s] Level 1:colcon.colcon_core.environment:checking '/home/pbear/Opentopic_ws/install/axebot_gazebo/lib/python3.10/site-packages'
[0.985s] Level 1:colcon.colcon_core.environment:checking '/home/pbear/Opentopic_ws/install/axebot_gazebo/bin'
[0.986s] INFO:colcon.colcon_core.shell:Creating package script '/home/pbear/Opentopic_ws/install/axebot_gazebo/share/axebot_gazebo/package.ps1'
[0.986s] INFO:colcon.colcon_core.shell:Creating package descriptor '/home/pbear/Opentopic_ws/install/axebot_gazebo/share/axebot_gazebo/package.dsv'
[0.986s] INFO:colcon.colcon_core.shell:Creating package script '/home/pbear/Opentopic_ws/install/axebot_gazebo/share/axebot_gazebo/package.sh'
[0.987s] INFO:colcon.colcon_core.shell:Creating package script '/home/pbear/Opentopic_ws/install/axebot_gazebo/share/axebot_gazebo/package.bash'
[0.987s] INFO:colcon.colcon_core.shell:Creating package script '/home/pbear/Opentopic_ws/install/axebot_gazebo/share/axebot_gazebo/package.zsh'
[0.988s] Level 1:colcon.colcon_core.environment:create_file_with_runtime_dependencies(/home/pbear/Opentopic_ws/install/axebot_gazebo/share/colcon-core/packages/axebot_gazebo)
[0.990s] Level 1:colcon.colcon_core.environment:create_environment_scripts_only(omnidirectional_controllers)
[0.990s] Level 1:colcon.colcon_core.environment:checking '/home/pbear/Opentopic_ws/install/omnidirectional_controllers' for CMake module files
[0.990s] Level 1:colcon.colcon_core.environment:checking '/home/pbear/Opentopic_ws/install/omnidirectional_controllers' for CMake config files
[0.991s] Level 1:colcon.colcon_core.shell:create_environment_hook('omnidirectional_controllers', 'cmake_prefix_path')
[0.991s] INFO:colcon.colcon_core.shell:Creating environment hook '/home/pbear/Opentopic_ws/install/omnidirectional_controllers/share/omnidirectional_controllers/hook/cmake_prefix_path.ps1'
[0.991s] INFO:colcon.colcon_core.shell:Creating environment descriptor '/home/pbear/Opentopic_ws/install/omnidirectional_controllers/share/omnidirectional_controllers/hook/cmake_prefix_path.dsv'
[0.992s] INFO:colcon.colcon_core.shell:Creating environment hook '/home/pbear/Opentopic_ws/install/omnidirectional_controllers/share/omnidirectional_controllers/hook/cmake_prefix_path.sh'
[0.992s] Level 1:colcon.colcon_core.environment:checking '/home/pbear/Opentopic_ws/install/omnidirectional_controllers/lib'
[0.992s] Level 1:colcon.colcon_core.shell:create_environment_hook('omnidirectional_controllers', 'ld_library_path_lib')
[0.993s] INFO:colcon.colcon_core.shell:Creating environment hook '/home/pbear/Opentopic_ws/install/omnidirectional_controllers/share/omnidirectional_controllers/hook/ld_library_path_lib.ps1'
[0.993s] INFO:colcon.colcon_core.shell:Creating environment descriptor '/home/pbear/Opentopic_ws/install/omnidirectional_controllers/share/omnidirectional_controllers/hook/ld_library_path_lib.dsv'
[0.993s] INFO:colcon.colcon_core.shell:Creating environment hook '/home/pbear/Opentopic_ws/install/omnidirectional_controllers/share/omnidirectional_controllers/hook/ld_library_path_lib.sh'
[0.994s] Level 1:colcon.colcon_core.environment:checking '/home/pbear/Opentopic_ws/install/omnidirectional_controllers/bin'
[0.994s] Level 1:colcon.colcon_core.environment:checking '/home/pbear/Opentopic_ws/install/omnidirectional_controllers/lib/pkgconfig/omnidirectional_controllers.pc'
[0.994s] Level 1:colcon.colcon_core.environment:checking '/home/pbear/Opentopic_ws/install/omnidirectional_controllers/lib/python3.10/site-packages'
[0.994s] Level 1:colcon.colcon_core.environment:checking '/home/pbear/Opentopic_ws/install/omnidirectional_controllers/bin'
[0.995s] INFO:colcon.colcon_core.shell:Creating package script '/home/pbear/Opentopic_ws/install/omnidirectional_controllers/share/omnidirectional_controllers/package.ps1'
[0.995s] INFO:colcon.colcon_core.shell:Creating package descriptor '/home/pbear/Opentopic_ws/install/omnidirectional_controllers/share/omnidirectional_controllers/package.dsv'
[0.996s] INFO:colcon.colcon_core.shell:Creating package script '/home/pbear/Opentopic_ws/install/omnidirectional_controllers/share/omnidirectional_controllers/package.sh'
[0.996s] INFO:colcon.colcon_core.shell:Creating package script '/home/pbear/Opentopic_ws/install/omnidirectional_controllers/share/omnidirectional_controllers/package.bash'
[0.997s] INFO:colcon.colcon_core.shell:Creating package script '/home/pbear/Opentopic_ws/install/omnidirectional_controllers/share/omnidirectional_controllers/package.zsh'
[0.997s] Level 1:colcon.colcon_core.environment:create_file_with_runtime_dependencies(/home/pbear/Opentopic_ws/install/omnidirectional_controllers/share/colcon-core/packages/omnidirectional_controllers)
[1.041s] Level 1:colcon.colcon_core.environment:create_environment_scripts_only(axebot_gazebo)
[1.041s] Level 1:colcon.colcon_core.environment:checking '/home/pbear/Opentopic_ws/install/axebot_gazebo' for CMake module files
[1.042s] Level 1:colcon.colcon_core.environment:checking '/home/pbear/Opentopic_ws/install/axebot_gazebo' for CMake config files
[1.042s] Level 1:colcon.colcon_core.shell:create_environment_hook('axebot_gazebo', 'cmake_prefix_path')
[1.042s] INFO:colcon.colcon_core.shell:Creating environment hook '/home/pbear/Opentopic_ws/install/axebot_gazebo/share/axebot_gazebo/hook/cmake_prefix_path.ps1'
[1.043s] INFO:colcon.colcon_core.shell:Creating environment descriptor '/home/pbear/Opentopic_ws/install/axebot_gazebo/share/axebot_gazebo/hook/cmake_prefix_path.dsv'
[1.043s] INFO:colcon.colcon_core.shell:Creating environment hook '/home/pbear/Opentopic_ws/install/axebot_gazebo/share/axebot_gazebo/hook/cmake_prefix_path.sh'
[1.043s] Level 1:colcon.colcon_core.environment:checking '/home/pbear/Opentopic_ws/install/axebot_gazebo/bin'
[1.044s] Level 1:colcon.colcon_core.environment:checking '/home/pbear/Opentopic_ws/install/axebot_gazebo/lib/pkgconfig/axebot_gazebo.pc'
[1.044s] Level 1:colcon.colcon_core.environment:checking '/home/pbear/Opentopic_ws/install/axebot_gazebo/lib/python3.10/site-packages'
[1.044s] Level 1:colcon.colcon_core.environment:checking '/home/pbear/Opentopic_ws/install/axebot_gazebo/bin'
[1.044s] INFO:colcon.colcon_core.shell:Creating package script '/home/pbear/Opentopic_ws/install/axebot_gazebo/share/axebot_gazebo/package.ps1'
[1.045s] INFO:colcon.colcon_core.shell:Creating package descriptor '/home/pbear/Opentopic_ws/install/axebot_gazebo/share/axebot_gazebo/package.dsv'
[1.045s] INFO:colcon.colcon_core.shell:Creating package script '/home/pbear/Opentopic_ws/install/axebot_gazebo/share/axebot_gazebo/package.sh'
[1.046s] INFO:colcon.colcon_core.shell:Creating package script '/home/pbear/Opentopic_ws/install/axebot_gazebo/share/axebot_gazebo/package.bash'
[1.046s] INFO:colcon.colcon_core.shell:Creating package script '/home/pbear/Opentopic_ws/install/axebot_gazebo/share/axebot_gazebo/package.zsh'
[1.046s] Level 1:colcon.colcon_core.environment:create_file_with_runtime_dependencies(/home/pbear/Opentopic_ws/install/axebot_gazebo/share/colcon-core/packages/axebot_gazebo)
[1.164s] DEBUG:colcon.colcon_core.event_handler.log_command:Invoked command in '/home/pbear/Opentopic_ws/build/turtlesim_plus' returned '0': CMAKE_PREFIX_PATH=${CMAKE_PREFIX_PATH}:/opt/ros/humble /usr/bin/cmake --build /home/pbear/Opentopic_ws/build/turtlesim_plus -- -j16 -l16
[1.193s] DEBUG:colcon.colcon_core.event_handler.log_command:Invoked command in '/home/pbear/Opentopic_ws/build/turtlesim_plus_interfaces' returned '0': CMAKE_PREFIX_PATH=${CMAKE_PREFIX_PATH}:/opt/ros/humble /usr/bin/cmake --build /home/pbear/Opentopic_ws/build/turtlesim_plus_interfaces -- -j16 -l16
[1.217s] DEBUG:colcon.colcon_core.event_handler.log_command:Invoking command in '/home/pbear/Opentopic_ws/build/turtlesim_plus': CMAKE_PREFIX_PATH=${CMAKE_PREFIX_PATH}:/opt/ros/humble /usr/bin/cmake --install /home/pbear/Opentopic_ws/build/turtlesim_plus
[1.290s] Level 1:colcon.colcon_core.environment:create_environment_scripts_only(turtlesim_plus)
[1.290s] Level 1:colcon.colcon_core.environment:checking '/home/pbear/Opentopic_ws/install/turtlesim_plus' for CMake module files
[1.290s] DEBUG:colcon.colcon_core.event_handler.log_command:Invoked command in '/home/pbear/Opentopic_ws/build/turtlesim_plus' returned '0': CMAKE_PREFIX_PATH=${CMAKE_PREFIX_PATH}:/opt/ros/humble /usr/bin/cmake --install /home/pbear/Opentopic_ws/build/turtlesim_plus
[1.291s] Level 1:colcon.colcon_core.environment:checking '/home/pbear/Opentopic_ws/install/turtlesim_plus' for CMake config files
[1.291s] Level 1:colcon.colcon_core.shell:create_environment_hook('turtlesim_plus', 'cmake_prefix_path')
[1.292s] INFO:colcon.colcon_core.shell:Creating environment hook '/home/pbear/Opentopic_ws/install/turtlesim_plus/share/turtlesim_plus/hook/cmake_prefix_path.ps1'
[1.292s] INFO:colcon.colcon_core.shell:Creating environment descriptor '/home/pbear/Opentopic_ws/install/turtlesim_plus/share/turtlesim_plus/hook/cmake_prefix_path.dsv'
[1.292s] INFO:colcon.colcon_core.shell:Creating environment hook '/home/pbear/Opentopic_ws/install/turtlesim_plus/share/turtlesim_plus/hook/cmake_prefix_path.sh'
[1.293s] Level 1:colcon.colcon_core.environment:checking '/home/pbear/Opentopic_ws/install/turtlesim_plus/lib'
[1.293s] Level 1:colcon.colcon_core.environment:checking '/home/pbear/Opentopic_ws/install/turtlesim_plus/bin'
[1.293s] Level 1:colcon.colcon_core.environment:checking '/home/pbear/Opentopic_ws/install/turtlesim_plus/lib/pkgconfig/turtlesim_plus.pc'
[1.293s] Level 1:colcon.colcon_core.environment:checking '/home/pbear/Opentopic_ws/install/turtlesim_plus/lib/python3.10/site-packages'
[1.294s] Level 1:colcon.colcon_core.environment:checking '/home/pbear/Opentopic_ws/install/turtlesim_plus/bin'
[1.294s] INFO:colcon.colcon_core.shell:Creating package script '/home/pbear/Opentopic_ws/install/turtlesim_plus/share/turtlesim_plus/package.ps1'
[1.294s] INFO:colcon.colcon_core.shell:Creating package descriptor '/home/pbear/Opentopic_ws/install/turtlesim_plus/share/turtlesim_plus/package.dsv'
[1.295s] INFO:colcon.colcon_core.shell:Creating package script '/home/pbear/Opentopic_ws/install/turtlesim_plus/share/turtlesim_plus/package.sh'
[1.295s] INFO:colcon.colcon_core.shell:Creating package script '/home/pbear/Opentopic_ws/install/turtlesim_plus/share/turtlesim_plus/package.bash'
[1.296s] INFO:colcon.colcon_core.shell:Creating package script '/home/pbear/Opentopic_ws/install/turtlesim_plus/share/turtlesim_plus/package.zsh'
[1.296s] Level 1:colcon.colcon_core.environment:create_file_with_runtime_dependencies(/home/pbear/Opentopic_ws/install/turtlesim_plus/share/colcon-core/packages/turtlesim_plus)
[1.349s] Level 1:colcon.colcon_core.environment:create_environment_scripts_only(turtlesim_plus)
[1.350s] Level 1:colcon.colcon_core.environment:checking '/home/pbear/Opentopic_ws/install/turtlesim_plus' for CMake module files
[1.350s] Level 1:colcon.colcon_core.environment:checking '/home/pbear/Opentopic_ws/install/turtlesim_plus' for CMake config files
[1.351s] Level 1:colcon.colcon_core.shell:create_environment_hook('turtlesim_plus', 'cmake_prefix_path')
[1.351s] INFO:colcon.colcon_core.shell:Creating environment hook '/home/pbear/Opentopic_ws/install/turtlesim_plus/share/turtlesim_plus/hook/cmake_prefix_path.ps1'
[1.352s] INFO:colcon.colcon_core.shell:Creating environment descriptor '/home/pbear/Opentopic_ws/install/turtlesim_plus/share/turtlesim_plus/hook/cmake_prefix_path.dsv'
[1.352s] INFO:colcon.colcon_core.shell:Creating environment hook '/home/pbear/Opentopic_ws/install/turtlesim_plus/share/turtlesim_plus/hook/cmake_prefix_path.sh'
[1.353s] Level 1:colcon.colcon_core.environment:checking '/home/pbear/Opentopic_ws/install/turtlesim_plus/lib'
[1.353s] Level 1:colcon.colcon_core.environment:checking '/home/pbear/Opentopic_ws/install/turtlesim_plus/bin'
[1.353s] Level 1:colcon.colcon_core.environment:checking '/home/pbear/Opentopic_ws/install/turtlesim_plus/lib/pkgconfig/turtlesim_plus.pc'
[1.353s] Level 1:colcon.colcon_core.environment:checking '/home/pbear/Opentopic_ws/install/turtlesim_plus/lib/python3.10/site-packages'
[1.354s] Level 1:colcon.colcon_core.environment:checking '/home/pbear/Opentopic_ws/install/turtlesim_plus/bin'
[1.354s] INFO:colcon.colcon_core.shell:Creating package script '/home/pbear/Opentopic_ws/install/turtlesim_plus/share/turtlesim_plus/package.ps1'
[1.354s] INFO:colcon.colcon_core.shell:Creating package descriptor '/home/pbear/Opentopic_ws/install/turtlesim_plus/share/turtlesim_plus/package.dsv'
[1.355s] INFO:colcon.colcon_core.shell:Creating package script '/home/pbear/Opentopic_ws/install/turtlesim_plus/share/turtlesim_plus/package.sh'
[1.355s] INFO:colcon.colcon_core.shell:Creating package script '/home/pbear/Opentopic_ws/install/turtlesim_plus/share/turtlesim_plus/package.bash'
[1.356s] INFO:colcon.colcon_core.shell:Creating package script '/home/pbear/Opentopic_ws/install/turtlesim_plus/share/turtlesim_plus/package.zsh'
[1.356s] Level 1:colcon.colcon_core.environment:create_file_with_runtime_dependencies(/home/pbear/Opentopic_ws/install/turtlesim_plus/share/colcon-core/packages/turtlesim_plus)
[1.475s] DEBUG:colcon.colcon_core.event_handler.log_command:Invoking command in '/home/pbear/Opentopic_ws/build/turtlesim_plus_interfaces': CMAKE_PREFIX_PATH=${CMAKE_PREFIX_PATH}:/opt/ros/humble /usr/bin/cmake --install /home/pbear/Opentopic_ws/build/turtlesim_plus_interfaces
[1.559s] Level 1:colcon.colcon_core.environment:create_environment_scripts_only(turtlesim_plus_interfaces)
[1.559s] Level 1:colcon.colcon_core.environment:checking '/home/pbear/Opentopic_ws/install/turtlesim_plus_interfaces' for CMake module files
[1.560s] DEBUG:colcon.colcon_core.event_handler.log_command:Invoked command in '/home/pbear/Opentopic_ws/build/turtlesim_plus_interfaces' returned '0': CMAKE_PREFIX_PATH=${CMAKE_PREFIX_PATH}:/opt/ros/humble /usr/bin/cmake --install /home/pbear/Opentopic_ws/build/turtlesim_plus_interfaces
[1.560s] Level 1:colcon.colcon_core.environment:checking '/home/pbear/Opentopic_ws/install/turtlesim_plus_interfaces' for CMake config files
[1.561s] Level 1:colcon.colcon_core.shell:create_environment_hook('turtlesim_plus_interfaces', 'cmake_prefix_path')
[1.561s] INFO:colcon.colcon_core.shell:Creating environment hook '/home/pbear/Opentopic_ws/install/turtlesim_plus_interfaces/share/turtlesim_plus_interfaces/hook/cmake_prefix_path.ps1'
[1.562s] INFO:colcon.colcon_core.shell:Creating environment descriptor '/home/pbear/Opentopic_ws/install/turtlesim_plus_interfaces/share/turtlesim_plus_interfaces/hook/cmake_prefix_path.dsv'
[1.562s] INFO:colcon.colcon_core.shell:Creating environment hook '/home/pbear/Opentopic_ws/install/turtlesim_plus_interfaces/share/turtlesim_plus_interfaces/hook/cmake_prefix_path.sh'
[1.563s] Level 1:colcon.colcon_core.environment:checking '/home/pbear/Opentopic_ws/install/turtlesim_plus_interfaces/lib'
[1.563s] Level 1:colcon.colcon_core.shell:create_environment_hook('turtlesim_plus_interfaces', 'ld_library_path_lib')
[1.563s] INFO:colcon.colcon_core.shell:Creating environment hook '/home/pbear/Opentopic_ws/install/turtlesim_plus_interfaces/share/turtlesim_plus_interfaces/hook/ld_library_path_lib.ps1'
[1.563s] INFO:colcon.colcon_core.shell:Creating environment descriptor '/home/pbear/Opentopic_ws/install/turtlesim_plus_interfaces/share/turtlesim_plus_interfaces/hook/ld_library_path_lib.dsv'
[1.564s] INFO:colcon.colcon_core.shell:Creating environment hook '/home/pbear/Opentopic_ws/install/turtlesim_plus_interfaces/share/turtlesim_plus_interfaces/hook/ld_library_path_lib.sh'
[1.564s] Level 1:colcon.colcon_core.environment:checking '/home/pbear/Opentopic_ws/install/turtlesim_plus_interfaces/bin'
[1.564s] Level 1:colcon.colcon_core.environment:checking '/home/pbear/Opentopic_ws/install/turtlesim_plus_interfaces/lib/pkgconfig/turtlesim_plus_interfaces.pc'
[1.564s] Level 1:colcon.colcon_core.environment:checking '/home/pbear/Opentopic_ws/install/turtlesim_plus_interfaces/lib/python3.10/site-packages'
[1.565s] Level 1:colcon.colcon_core.environment:checking '/home/pbear/Opentopic_ws/install/turtlesim_plus_interfaces/bin'
[1.565s] INFO:colcon.colcon_core.shell:Creating package script '/home/pbear/Opentopic_ws/install/turtlesim_plus_interfaces/share/turtlesim_plus_interfaces/package.ps1'
[1.565s] INFO:colcon.colcon_core.shell:Creating package descriptor '/home/pbear/Opentopic_ws/install/turtlesim_plus_interfaces/share/turtlesim_plus_interfaces/package.dsv'
[1.566s] INFO:colcon.colcon_core.shell:Creating package script '/home/pbear/Opentopic_ws/install/turtlesim_plus_interfaces/share/turtlesim_plus_interfaces/package.sh'
[1.566s] INFO:colcon.colcon_core.shell:Creating package script '/home/pbear/Opentopic_ws/install/turtlesim_plus_interfaces/share/turtlesim_plus_interfaces/package.bash'
[1.567s] INFO:colcon.colcon_core.shell:Creating package script '/home/pbear/Opentopic_ws/install/turtlesim_plus_interfaces/share/turtlesim_plus_interfaces/package.zsh'
[1.567s] Level 1:colcon.colcon_core.environment:create_file_with_runtime_dependencies(/home/pbear/Opentopic_ws/install/turtlesim_plus_interfaces/share/colcon-core/packages/turtlesim_plus_interfaces)
[1.855s] Level 1:colcon.colcon_core.environment:create_environment_scripts_only(turtlesim_plus_interfaces)
[1.856s] Level 1:colcon.colcon_core.environment:checking '/home/pbear/Opentopic_ws/install/turtlesim_plus_interfaces' for CMake module files
[1.857s] Level 1:colcon.colcon_core.environment:checking '/home/pbear/Opentopic_ws/install/turtlesim_plus_interfaces' for CMake config files
[1.857s] Level 1:colcon.colcon_core.shell:create_environment_hook('turtlesim_plus_interfaces', 'cmake_prefix_path')
[1.858s] INFO:colcon.colcon_core.shell:Creating environment hook '/home/pbear/Opentopic_ws/install/turtlesim_plus_interfaces/share/turtlesim_plus_interfaces/hook/cmake_prefix_path.ps1'
[1.858s] INFO:colcon.colcon_core.shell:Creating environment descriptor '/home/pbear/Opentopic_ws/install/turtlesim_plus_interfaces/share/turtlesim_plus_interfaces/hook/cmake_prefix_path.dsv'
[1.858s] INFO:colcon.colcon_core.shell:Creating environment hook '/home/pbear/Opentopic_ws/install/turtlesim_plus_interfaces/share/turtlesim_plus_interfaces/hook/cmake_prefix_path.sh'
[1.859s] Level 1:colcon.colcon_core.environment:checking '/home/pbear/Opentopic_ws/install/turtlesim_plus_interfaces/lib'
[1.859s] Level 1:colcon.colcon_core.shell:create_environment_hook('turtlesim_plus_interfaces', 'ld_library_path_lib')
[1.859s] INFO:colcon.colcon_core.shell:Creating environment hook '/home/pbear/Opentopic_ws/install/turtlesim_plus_interfaces/share/turtlesim_plus_interfaces/hook/ld_library_path_lib.ps1'
[1.860s] INFO:colcon.colcon_core.shell:Creating environment descriptor '/home/pbear/Opentopic_ws/install/turtlesim_plus_interfaces/share/turtlesim_plus_interfaces/hook/ld_library_path_lib.dsv'
[1.860s] INFO:colcon.colcon_core.shell:Creating environment hook '/home/pbear/Opentopic_ws/install/turtlesim_plus_interfaces/share/turtlesim_plus_interfaces/hook/ld_library_path_lib.sh'
[1.861s] Level 1:colcon.colcon_core.environment:checking '/home/pbear/Opentopic_ws/install/turtlesim_plus_interfaces/bin'
[1.861s] Level 1:colcon.colcon_core.environment:checking '/home/pbear/Opentopic_ws/install/turtlesim_plus_interfaces/lib/pkgconfig/turtlesim_plus_interfaces.pc'
[1.861s] Level 1:colcon.colcon_core.environment:checking '/home/pbear/Opentopic_ws/install/turtlesim_plus_interfaces/lib/python3.10/site-packages'
[1.861s] Level 1:colcon.colcon_core.environment:checking '/home/pbear/Opentopic_ws/install/turtlesim_plus_interfaces/bin'
[1.861s] INFO:colcon.colcon_core.shell:Creating package script '/home/pbear/Opentopic_ws/install/turtlesim_plus_interfaces/share/turtlesim_plus_interfaces/package.ps1'
[1.862s] INFO:colcon.colcon_core.shell:Creating package descriptor '/home/pbear/Opentopic_ws/install/turtlesim_plus_interfaces/share/turtlesim_plus_interfaces/package.dsv'
[1.863s] INFO:colcon.colcon_core.shell:Creating package script '/home/pbear/Opentopic_ws/install/turtlesim_plus_interfaces/share/turtlesim_plus_interfaces/package.sh'
[1.863s] INFO:colcon.colcon_core.shell:Creating package script '/home/pbear/Opentopic_ws/install/turtlesim_plus_interfaces/share/turtlesim_plus_interfaces/package.bash'
[1.863s] INFO:colcon.colcon_core.shell:Creating package script '/home/pbear/Opentopic_ws/install/turtlesim_plus_interfaces/share/turtlesim_plus_interfaces/package.zsh'
[1.864s] Level 1:colcon.colcon_core.environment:create_file_with_runtime_dependencies(/home/pbear/Opentopic_ws/install/turtlesim_plus_interfaces/share/colcon-core/packages/turtlesim_plus_interfaces)
[1.864s] DEBUG:colcon.colcon_parallel_executor.executor.parallel:closing loop
[1.865s] DEBUG:colcon.colcon_parallel_executor.executor.parallel:loop closed
[1.865s] DEBUG:colcon.colcon_parallel_executor.executor.parallel:run_until_complete finished with '0'
[1.865s] DEBUG:colcon.colcon_core.event_reactor:joining thread
[1.872s] INFO:colcon.colcon_core.plugin_system:Skipping extension 'colcon_notification.desktop_notification.terminal_notifier': Not used on non-Darwin systems
[1.872s] INFO:colcon.colcon_core.plugin_system:Skipping extension 'colcon_notification.desktop_notification.win32': Not used on non-Windows systems
[1.873s] INFO:colcon.colcon_notification.desktop_notification:Sending desktop notification using 'notify2'
[1.894s] DEBUG:colcon.colcon_core.event_reactor:joined thread
[1.894s] INFO:colcon.colcon_core.shell:Creating prefix script '/home/pbear/Opentopic_ws/install/local_setup.ps1'
[1.897s] INFO:colcon.colcon_core.shell:Creating prefix util module '/home/pbear/Opentopic_ws/install/_local_setup_util_ps1.py'
[1.899s] INFO:colcon.colcon_core.shell:Creating prefix chain script '/home/pbear/Opentopic_ws/install/setup.ps1'
[1.902s] INFO:colcon.colcon_core.shell:Creating prefix script '/home/pbear/Opentopic_ws/install/local_setup.sh'
[1.903s] INFO:colcon.colcon_core.shell:Creating prefix util module '/home/pbear/Opentopic_ws/install/_local_setup_util_sh.py'
[1.903s] INFO:colcon.colcon_core.shell:Creating prefix chain script '/home/pbear/Opentopic_ws/install/setup.sh'
[1.906s] INFO:colcon.colcon_core.shell:Creating prefix script '/home/pbear/Opentopic_ws/install/local_setup.bash'
[1.907s] INFO:colcon.colcon_core.shell:Creating prefix chain script '/home/pbear/Opentopic_ws/install/setup.bash'
[1.909s] INFO:colcon.colcon_core.shell:Creating prefix script '/home/pbear/Opentopic_ws/install/local_setup.zsh'
[1.910s] INFO:colcon.colcon_core.shell:Creating prefix chain script '/home/pbear/Opentopic_ws/install/setup.zsh'
