-- The C compiler identification is GNU 11.4.0
-- The CXX compiler identification is GNU 11.4.0
-- Detecting C compiler ABI info
-- Detecting C compiler ABI info - done
-- Check for working C compiler: /usr/bin/cc - skipped
-- Detecting C compile features
-- Detecting C compile features - done
-- Detecting CXX compiler ABI info
-- Detecting CXX compiler ABI info - done
-- Check for working CXX compiler: /usr/bin/c++ - skipped
-- Detecting CXX compile features
-- Detecting CXX compile features - done
-- Found ament_cmake: 1.3.8 (/opt/ros/humble/share/ament_cmake/cmake)
-- Found Python3: /usr/bin/python3 (found version "3.10.12") found components: Interpreter 
-- Found controller_interface: 2.40.0 (/opt/ros/humble/share/controller_interface/cmake)
-- Found rosidl_generator_c: 3.1.5 (/opt/ros/humble/share/rosidl_generator_c/cmake)
-- Found rosidl_adapter: 3.1.5 (/opt/ros/humble/share/rosidl_adapter/cmake)
-- Found rosidl_generator_cpp: 3.1.5 (/opt/ros/humble/share/rosidl_generator_cpp/cmake)
-- Using all available rosidl_typesupport_c: rosidl_typesupport_fastrtps_c;rosidl_typesupport_introspection_c
-- Using all available rosidl_typesupport_cpp: rosidl_typesupport_fastrtps_cpp;rosidl_typesupport_introspection_cpp
-- Found rmw_implementation_cmake: 6.1.1 (/opt/ros/humble/share/rmw_implementation_cmake/cmake)
-- Found rmw_fastrtps_cpp: 6.2.6 (/opt/ros/humble/share/rmw_fastrtps_cpp/cmake)
-- Found TinyXML2 via Config file: TinyXML2_DIR-NOTFOUND
-- Found OpenSSL: /usr/lib/x86_64-linux-gnu/libcrypto.so (found version "3.0.2")  
-- Found TinyXML2 via Config file: TinyXML2_DIR-NOTFOUND
-- Found FastRTPS: /opt/ros/humble/include  
-- Found TinyXML2 via Config file: TinyXML2_DIR-NOTFOUND
-- Found TinyXML2 via Config file: TinyXML2_DIR-NOTFOUND
-- Using RMW implementation 'rmw_fastrtps_cpp' as default
-- Looking for pthread.h
-- Looking for pthread.h - found
-- Performing Test CMAKE_HAVE_LIBC_PTHREAD
-- Performing Test CMAKE_HAVE_LIBC_PTHREAD - Success
-- Found Threads: TRUE  
-- Found nav_msgs: 4.2.3 (/opt/ros/humble/share/nav_msgs/cmake)
-- Found tf2_msgs: 0.25.6 (/opt/ros/humble/share/tf2_msgs/cmake)
-- Found tf2_ros: 0.25.6 (/opt/ros/humble/share/tf2_ros/cmake)
-- Found ament_lint_auto: 0.12.10 (/opt/ros/humble/share/ament_lint_auto/cmake)
-- Found ament_cmake_gmock: 1.3.8 (/opt/ros/humble/share/ament_cmake_gmock/cmake)
-- Found gmock sources under '/opt/ros/humble/src/gmock_vendor': C++ tests using 'Google Mock' will be built
-- Found ament_cmake_gtest: 1.3.8 (/opt/ros/humble/share/ament_cmake_gtest/cmake)
-- Found gtest sources under '/opt/ros/humble/src/gtest_vendor': C++ tests using 'Google Test' will be built
-- Added test 'copyright' to check source files copyright and LICENSE
-- Added test 'cppcheck' to perform static code analysis on C / C++ code
-- Configured cppcheck include dirs: $<BUILD_INTERFACE:/home/pbear/Opentopic_ws/src/omnidirectional_controllers/include>;/home/pbear/Opentopic_ws/src/omnidirectional_controllers/include
-- Configured cppcheck exclude dirs and/or files: 
-- Added test 'cpplint' to check C / C++ code against the Google style
-- Configured cpplint exclude dirs and/or files: 
-- Added test 'lint_cmake' to check CMake code style
-- Added test 'uncrustify' to check C / C++ code style
-- Configured uncrustify additional arguments: 
-- Added test 'xmllint' to check XML markup files
-- Configuring done
-- Generating done
-- Build files have been written to: /home/pbear/Opentopic_ws/build/omnidirectional_controllers
[  9%] [32mBuilding CXX object gmock/CMakeFiles/gmock_main.dir/src/gmock_main.cc.o[0m
[  9%] [32mBuilding CXX object CMakeFiles/odometry.dir/src/odometry.cpp.o[0m
[ 14%] [32mBuilding CXX object CMakeFiles/kinematics.dir/src/kinematics.cpp.o[0m
[ 19%] [32mBuilding CXX object gmock/CMakeFiles/gmock.dir/src/gmock-all.cc.o[0m
[ 23%] [32mBuilding CXX object gmock/CMakeFiles/gmock.dir/opt/ros/humble/src/gtest_vendor/src/gtest-all.cc.o[0m
[ 28%] [32m[1mLinking CXX shared library libkinematics.so[0m
[ 28%] Built target kinematics
[ 33%] [32m[1mLinking CXX shared library libodometry.so[0m
[ 33%] Built target odometry
[ 38%] [32mBuilding CXX object CMakeFiles/omnidirectional_controllers.dir/src/odometry.cpp.o[0m
[ 47%] [32mBuilding CXX object CMakeFiles/omnidirectional_controllers.dir/src/kinematics.cpp.o[0m
[ 47%] [32mBuilding CXX object CMakeFiles/omnidirectional_controllers.dir/src/omnidirectional_controller.cpp.o[0m
[ 52%] [32m[1mLinking CXX static library libgmock_main.a[0m
[ 52%] Built target gmock_main
[ 57%] [32m[1mLinking CXX static library libgmock.a[0m
[ 57%] Built target gmock
[ 66%] [32mBuilding CXX object CMakeFiles/test_kinematics.dir/test/test_kinematics.cpp.o[0m
[ 66%] [32mBuilding CXX object CMakeFiles/test_kinematics.dir/src/odometry.cpp.o[0m
[ 71%] [32mBuilding CXX object CMakeFiles/test_odometry.dir/test/test_odometry.cpp.o[0m
[ 80%] [32mBuilding CXX object CMakeFiles/test_odometry.dir/src/kinematics.cpp.o[0m
[ 80%] [32mBuilding CXX object CMakeFiles/test_odometry.dir/src/odometry.cpp.o[0m
[ 85%] [32mBuilding CXX object CMakeFiles/test_kinematics.dir/src/kinematics.cpp.o[0m
[ 90%] [32m[1mLinking CXX executable test_kinematics[0m
[ 95%] [32m[1mLinking CXX executable test_odometry[0m
[ 95%] Built target test_kinematics
[ 95%] Built target test_odometry
[100%] [32m[1mLinking CXX shared library libomnidirectional_controllers.so[0m
[100%] Built target omnidirectional_controllers
-- Install configuration: ""
-- Installing: /home/pbear/Opentopic_ws/install/omnidirectional_controllers/share/omnidirectional_controllers/omnidirectional_plugin.xml
-- Installing: /home/pbear/Opentopic_ws/install/omnidirectional_controllers/include
-- Installing: /home/pbear/Opentopic_ws/install/omnidirectional_controllers/include/omnidirectional_controllers
-- Installing: /home/pbear/Opentopic_ws/install/omnidirectional_controllers/include/omnidirectional_controllers/omnidirectional_controller.hpp
-- Installing: /home/pbear/Opentopic_ws/install/omnidirectional_controllers/include/omnidirectional_controllers/types.hpp
-- Installing: /home/pbear/Opentopic_ws/install/omnidirectional_controllers/include/omnidirectional_controllers/odometry.hpp
-- Installing: /home/pbear/Opentopic_ws/install/omnidirectional_controllers/include/omnidirectional_controllers/kinematics.hpp
-- Installing: /home/pbear/Opentopic_ws/install/omnidirectional_controllers/lib/libomnidirectional_controllers.so
-- Set runtime path of "/home/pbear/Opentopic_ws/install/omnidirectional_controllers/lib/libomnidirectional_controllers.so" to ""
-- Installing: /home/pbear/Opentopic_ws/install/omnidirectional_controllers/share/omnidirectional_controllers/environment/library_path.sh
-- Installing: /home/pbear/Opentopic_ws/install/omnidirectional_controllers/share/omnidirectional_controllers/environment/library_path.dsv
-- Installing: /home/pbear/Opentopic_ws/install/omnidirectional_controllers/share/ament_index/resource_index/package_run_dependencies/omnidirectional_controllers
-- Installing: /home/pbear/Opentopic_ws/install/omnidirectional_controllers/share/ament_index/resource_index/parent_prefix_path/omnidirectional_controllers
-- Installing: /home/pbear/Opentopic_ws/install/omnidirectional_controllers/share/omnidirectional_controllers/environment/ament_prefix_path.sh
-- Installing: /home/pbear/Opentopic_ws/install/omnidirectional_controllers/share/omnidirectional_controllers/environment/ament_prefix_path.dsv
-- Installing: /home/pbear/Opentopic_ws/install/omnidirectional_controllers/share/omnidirectional_controllers/environment/path.sh
-- Installing: /home/pbear/Opentopic_ws/install/omnidirectional_controllers/share/omnidirectional_controllers/environment/path.dsv
-- Installing: /home/pbear/Opentopic_ws/install/omnidirectional_controllers/share/omnidirectional_controllers/local_setup.bash
-- Installing: /home/pbear/Opentopic_ws/install/omnidirectional_controllers/share/omnidirectional_controllers/local_setup.sh
-- Installing: /home/pbear/Opentopic_ws/install/omnidirectional_controllers/share/omnidirectional_controllers/local_setup.zsh
-- Installing: /home/pbear/Opentopic_ws/install/omnidirectional_controllers/share/omnidirectional_controllers/local_setup.dsv
-- Installing: /home/pbear/Opentopic_ws/install/omnidirectional_controllers/share/omnidirectional_controllers/package.dsv
-- Installing: /home/pbear/Opentopic_ws/install/omnidirectional_controllers/share/ament_index/resource_index/packages/omnidirectional_controllers
-- Installing: /home/pbear/Opentopic_ws/install/omnidirectional_controllers/share/ament_index/resource_index/controller_interface__pluginlib__plugin/omnidirectional_controllers
-- Installing: /home/pbear/Opentopic_ws/install/omnidirectional_controllers/share/omnidirectional_controllers/cmake/ament_cmake_export_dependencies-extras.cmake
-- Installing: /home/pbear/Opentopic_ws/install/omnidirectional_controllers/share/omnidirectional_controllers/cmake/ament_cmake_export_include_directories-extras.cmake
-- Installing: /home/pbear/Opentopic_ws/install/omnidirectional_controllers/share/omnidirectional_controllers/cmake/ament_cmake_export_libraries-extras.cmake
-- Installing: /home/pbear/Opentopic_ws/install/omnidirectional_controllers/share/omnidirectional_controllers/cmake/omnidirectional_controllersConfig.cmake
-- Installing: /home/pbear/Opentopic_ws/install/omnidirectional_controllers/share/omnidirectional_controllers/cmake/omnidirectional_controllersConfig-version.cmake
-- Installing: /home/pbear/Opentopic_ws/install/omnidirectional_controllers/share/omnidirectional_controllers/package.xml
