[0.032s] Invoking command in '/home/pbear/Opentopic_ws/build/omnidirectional_controllers': CMAKE_PREFIX_PATH=${CMAKE_PREFIX_PATH}:/opt/ros/humble /usr/bin/cmake /home/pbear/Opentopic_ws/src/omnidirectional_controllers -DCMAKE_INSTALL_PREFIX=/home/pbear/Opentopic_ws/install/omnidirectional_controllers
[0.119s] -- The C compiler identification is GNU 11.4.0
[0.209s] -- The CXX compiler identification is GNU 11.4.0
[0.219s] -- Detecting C compiler ABI info
[0.332s] -- Detecting C compiler ABI info - done
[0.342s] -- Check for working C compiler: /usr/bin/cc - skipped
[0.342s] -- Detecting C compile features
[0.342s] -- Detecting C compile features - done
[0.346s] -- Detecting CXX compiler ABI info
[0.465s] -- Detecting CXX compiler ABI info - done
[0.475s] -- Check for working CXX compiler: /usr/bin/c++ - skipped
[0.475s] -- Detecting CXX compile features
[0.476s] -- Detecting CXX compile features - done
[0.483s] -- Found ament_cmake: 1.3.8 (/opt/ros/humble/share/ament_cmake/cmake)
[0.732s] -- Found Python3: /usr/bin/python3 (found version "3.10.12") found components: Interpreter 
[0.910s] -- Found controller_interface: 2.40.0 (/opt/ros/humble/share/controller_interface/cmake)
[1.010s] -- Found rosidl_generator_c: 3.1.5 (/opt/ros/humble/share/rosidl_generator_c/cmake)
[1.024s] -- Found rosidl_adapter: 3.1.5 (/opt/ros/humble/share/rosidl_adapter/cmake)
[1.042s] -- Found rosidl_generator_cpp: 3.1.5 (/opt/ros/humble/share/rosidl_generator_cpp/cmake)
[1.069s] -- Using all available rosidl_typesupport_c: rosidl_typesupport_fastrtps_c;rosidl_typesupport_introspection_c
[1.106s] -- Using all available rosidl_typesupport_cpp: rosidl_typesupport_fastrtps_cpp;rosidl_typesupport_introspection_cpp
[2.106s] -- Found rmw_implementation_cmake: 6.1.1 (/opt/ros/humble/share/rmw_implementation_cmake/cmake)
[2.113s] -- Found rmw_fastrtps_cpp: 6.2.6 (/opt/ros/humble/share/rmw_fastrtps_cpp/cmake)
[2.184s] -- Found TinyXML2 via Config file: TinyXML2_DIR-NOTFOUND
[2.311s] -- Found OpenSSL: /usr/lib/x86_64-linux-gnu/libcrypto.so (found version "3.0.2")  
[2.314s] -- Found TinyXML2 via Config file: TinyXML2_DIR-NOTFOUND
[2.340s] -- Found FastRTPS: /opt/ros/humble/include  
[2.353s] -- Found TinyXML2 via Config file: TinyXML2_DIR-NOTFOUND
[2.365s] -- Found TinyXML2 via Config file: TinyXML2_DIR-NOTFOUND
[2.381s] -- Using RMW implementation 'rmw_fastrtps_cpp' as default
[2.405s] -- Looking for pthread.h
[2.520s] -- Looking for pthread.h - found
[2.520s] -- Performing Test CMAKE_HAVE_LIBC_PTHREAD
[2.637s] -- Performing Test CMAKE_HAVE_LIBC_PTHREAD - Success
[2.638s] -- Found Threads: TRUE  
[2.994s] -- Found nav_msgs: 4.2.3 (/opt/ros/humble/share/nav_msgs/cmake)
[3.108s] -- Found tf2_msgs: 0.25.6 (/opt/ros/humble/share/tf2_msgs/cmake)
[3.272s] -- Found tf2_ros: 0.25.6 (/opt/ros/humble/share/tf2_ros/cmake)
[3.828s] -- Found ament_lint_auto: 0.12.10 (/opt/ros/humble/share/ament_lint_auto/cmake)
[3.834s] -- Found ament_cmake_gmock: 1.3.8 (/opt/ros/humble/share/ament_cmake_gmock/cmake)
[4.620s] -- Found gmock sources under '/opt/ros/humble/src/gmock_vendor': C++ tests using 'Google Mock' will be built
[4.643s] -- Found ament_cmake_gtest: 1.3.8 (/opt/ros/humble/share/ament_cmake_gtest/cmake)
[4.645s] -- Found gtest sources under '/opt/ros/humble/src/gtest_vendor': C++ tests using 'Google Test' will be built
[4.685s] -- Added test 'copyright' to check source files copyright and LICENSE
[4.704s] -- Added test 'cppcheck' to perform static code analysis on C / C++ code
[4.705s] -- Configured cppcheck include dirs: $<BUILD_INTERFACE:/home/pbear/Opentopic_ws/src/omnidirectional_controllers/include>;/home/pbear/Opentopic_ws/src/omnidirectional_controllers/include
[4.705s] -- Configured cppcheck exclude dirs and/or files: 
[4.721s] -- Added test 'cpplint' to check C / C++ code against the Google style
[4.722s] -- Configured cpplint exclude dirs and/or files: 
[4.729s] -- Added test 'lint_cmake' to check CMake code style
[4.746s] -- Added test 'uncrustify' to check C / C++ code style
[4.746s] -- Configured uncrustify additional arguments: 
[4.750s] -- Added test 'xmllint' to check XML markup files
[4.763s] -- Configuring done
[4.951s] -- Generating done
[4.959s] -- Build files have been written to: /home/pbear/Opentopic_ws/build/omnidirectional_controllers
[5.010s] Invoked command in '/home/pbear/Opentopic_ws/build/omnidirectional_controllers' returned '0': CMAKE_PREFIX_PATH=${CMAKE_PREFIX_PATH}:/opt/ros/humble /usr/bin/cmake /home/pbear/Opentopic_ws/src/omnidirectional_controllers -DCMAKE_INSTALL_PREFIX=/home/pbear/Opentopic_ws/install/omnidirectional_controllers
[5.011s] Invoking command in '/home/pbear/Opentopic_ws/build/omnidirectional_controllers': CMAKE_PREFIX_PATH=${CMAKE_PREFIX_PATH}:/opt/ros/humble /usr/bin/cmake --build /home/pbear/Opentopic_ws/build/omnidirectional_controllers -- -j16 -l16
[5.150s] [  9%] [32mBuilding CXX object gmock/CMakeFiles/gmock_main.dir/src/gmock_main.cc.o[0m
[5.150s] [  9%] [32mBuilding CXX object CMakeFiles/odometry.dir/src/odometry.cpp.o[0m
[5.151s] [ 14%] [32mBuilding CXX object CMakeFiles/kinematics.dir/src/kinematics.cpp.o[0m
[5.162s] [ 19%] [32mBuilding CXX object gmock/CMakeFiles/gmock.dir/src/gmock-all.cc.o[0m
[5.170s] [ 23%] [32mBuilding CXX object gmock/CMakeFiles/gmock.dir/opt/ros/humble/src/gtest_vendor/src/gtest-all.cc.o[0m
[5.675s] [ 28%] [32m[1mLinking CXX shared library libkinematics.so[0m
[5.833s] [ 28%] Built target kinematics
[5.838s] [ 33%] [32m[1mLinking CXX shared library libodometry.so[0m
[5.987s] [ 33%] Built target odometry
[6.027s] [ 38%] [32mBuilding CXX object CMakeFiles/omnidirectional_controllers.dir/src/odometry.cpp.o[0m
[6.030s] [ 47%] [32mBuilding CXX object CMakeFiles/omnidirectional_controllers.dir/src/kinematics.cpp.o[0m
[6.030s] [ 47%] [32mBuilding CXX object CMakeFiles/omnidirectional_controllers.dir/src/omnidirectional_controller.cpp.o[0m
[6.377s] [ 52%] [32m[1mLinking CXX static library libgmock_main.a[0m
[6.436s] [ 52%] Built target gmock_main
[8.692s] [ 57%] [32m[1mLinking CXX static library libgmock.a[0m
[8.782s] [ 57%] Built target gmock
[8.809s] [ 66%] [32mBuilding CXX object CMakeFiles/test_kinematics.dir/test/test_kinematics.cpp.o[0m
[8.809s] [ 66%] [32mBuilding CXX object CMakeFiles/test_kinematics.dir/src/odometry.cpp.o[0m
[8.810s] [ 71%] [32mBuilding CXX object CMakeFiles/test_odometry.dir/test/test_odometry.cpp.o[0m
[8.811s] [ 80%] [32mBuilding CXX object CMakeFiles/test_odometry.dir/src/kinematics.cpp.o[0m
[8.812s] [ 80%] [32mBuilding CXX object CMakeFiles/test_odometry.dir/src/odometry.cpp.o[0m
[8.812s] [ 85%] [32mBuilding CXX object CMakeFiles/test_kinematics.dir/src/kinematics.cpp.o[0m
[9.696s] [ 90%] [32m[1mLinking CXX executable test_kinematics[0m
[9.725s] [ 95%] [32m[1mLinking CXX executable test_odometry[0m
[9.897s] [ 95%] Built target test_kinematics
[9.933s] [ 95%] Built target test_odometry
[17.258s] [100%] [32m[1mLinking CXX shared library libomnidirectional_controllers.so[0m
[18.262s] [100%] Built target omnidirectional_controllers
[18.278s] Invoked command in '/home/pbear/Opentopic_ws/build/omnidirectional_controllers' returned '0': CMAKE_PREFIX_PATH=${CMAKE_PREFIX_PATH}:/opt/ros/humble /usr/bin/cmake --build /home/pbear/Opentopic_ws/build/omnidirectional_controllers -- -j16 -l16
[18.337s] Invoking command in '/home/pbear/Opentopic_ws/build/omnidirectional_controllers': CMAKE_PREFIX_PATH=${CMAKE_PREFIX_PATH}:/opt/ros/humble /usr/bin/cmake --install /home/pbear/Opentopic_ws/build/omnidirectional_controllers
[18.345s] -- Install configuration: ""
[18.345s] -- Installing: /home/pbear/Opentopic_ws/install/omnidirectional_controllers/share/omnidirectional_controllers/omnidirectional_plugin.xml
[18.346s] -- Installing: /home/pbear/Opentopic_ws/install/omnidirectional_controllers/include
[18.346s] -- Installing: /home/pbear/Opentopic_ws/install/omnidirectional_controllers/include/omnidirectional_controllers
[18.346s] -- Installing: /home/pbear/Opentopic_ws/install/omnidirectional_controllers/include/omnidirectional_controllers/omnidirectional_controller.hpp
[18.346s] -- Installing: /home/pbear/Opentopic_ws/install/omnidirectional_controllers/include/omnidirectional_controllers/types.hpp
[18.346s] -- Installing: /home/pbear/Opentopic_ws/install/omnidirectional_controllers/include/omnidirectional_controllers/odometry.hpp
[18.346s] -- Installing: /home/pbear/Opentopic_ws/install/omnidirectional_controllers/include/omnidirectional_controllers/kinematics.hpp
[18.346s] -- Installing: /home/pbear/Opentopic_ws/install/omnidirectional_controllers/lib/libomnidirectional_controllers.so
[18.365s] -- Set runtime path of "/home/pbear/Opentopic_ws/install/omnidirectional_controllers/lib/libomnidirectional_controllers.so" to ""
[18.365s] -- Installing: /home/pbear/Opentopic_ws/install/omnidirectional_controllers/share/omnidirectional_controllers/environment/library_path.sh
[18.365s] -- Installing: /home/pbear/Opentopic_ws/install/omnidirectional_controllers/share/omnidirectional_controllers/environment/library_path.dsv
[18.365s] -- Installing: /home/pbear/Opentopic_ws/install/omnidirectional_controllers/share/ament_index/resource_index/package_run_dependencies/omnidirectional_controllers
[18.365s] -- Installing: /home/pbear/Opentopic_ws/install/omnidirectional_controllers/share/ament_index/resource_index/parent_prefix_path/omnidirectional_controllers
[18.365s] -- Installing: /home/pbear/Opentopic_ws/install/omnidirectional_controllers/share/omnidirectional_controllers/environment/ament_prefix_path.sh
[18.366s] -- Installing: /home/pbear/Opentopic_ws/install/omnidirectional_controllers/share/omnidirectional_controllers/environment/ament_prefix_path.dsv
[18.366s] -- Installing: /home/pbear/Opentopic_ws/install/omnidirectional_controllers/share/omnidirectional_controllers/environment/path.sh
[18.366s] -- Installing: /home/pbear/Opentopic_ws/install/omnidirectional_controllers/share/omnidirectional_controllers/environment/path.dsv
[18.366s] -- Installing: /home/pbear/Opentopic_ws/install/omnidirectional_controllers/share/omnidirectional_controllers/local_setup.bash
[18.366s] -- Installing: /home/pbear/Opentopic_ws/install/omnidirectional_controllers/share/omnidirectional_controllers/local_setup.sh
[18.366s] -- Installing: /home/pbear/Opentopic_ws/install/omnidirectional_controllers/share/omnidirectional_controllers/local_setup.zsh
[18.366s] -- Installing: /home/pbear/Opentopic_ws/install/omnidirectional_controllers/share/omnidirectional_controllers/local_setup.dsv
[18.366s] -- Installing: /home/pbear/Opentopic_ws/install/omnidirectional_controllers/share/omnidirectional_controllers/package.dsv
[18.366s] -- Installing: /home/pbear/Opentopic_ws/install/omnidirectional_controllers/share/ament_index/resource_index/packages/omnidirectional_controllers
[18.367s] -- Installing: /home/pbear/Opentopic_ws/install/omnidirectional_controllers/share/ament_index/resource_index/controller_interface__pluginlib__plugin/omnidirectional_controllers
[18.367s] -- Installing: /home/pbear/Opentopic_ws/install/omnidirectional_controllers/share/omnidirectional_controllers/cmake/ament_cmake_export_dependencies-extras.cmake
[18.367s] -- Installing: /home/pbear/Opentopic_ws/install/omnidirectional_controllers/share/omnidirectional_controllers/cmake/ament_cmake_export_include_directories-extras.cmake
[18.367s] -- Installing: /home/pbear/Opentopic_ws/install/omnidirectional_controllers/share/omnidirectional_controllers/cmake/ament_cmake_export_libraries-extras.cmake
[18.367s] -- Installing: /home/pbear/Opentopic_ws/install/omnidirectional_controllers/share/omnidirectional_controllers/cmake/omnidirectional_controllersConfig.cmake
[18.367s] -- Installing: /home/pbear/Opentopic_ws/install/omnidirectional_controllers/share/omnidirectional_controllers/cmake/omnidirectional_controllersConfig-version.cmake
[18.368s] -- Installing: /home/pbear/Opentopic_ws/install/omnidirectional_controllers/share/omnidirectional_controllers/package.xml
[18.370s] Invoked command in '/home/pbear/Opentopic_ws/build/omnidirectional_controllers' returned '0': CMAKE_PREFIX_PATH=${CMAKE_PREFIX_PATH}:/opt/ros/humble /usr/bin/cmake --install /home/pbear/Opentopic_ws/build/omnidirectional_controllers
