[0.162s] DEBUG:colcon:Command line arguments: ['/usr/bin/colcon', 'build']
[0.162s] DEBUG:colcon:Parsed command line arguments: Namespace(log_base=None, log_level=None, verb_name='build', build_base='build', install_base='install', merge_install=False, symlink_install=False, test_result_base=None, continue_on_error=False, executor='parallel', parallel_workers=16, event_handlers=None, ignore_user_meta=False, metas=['./colcon.meta'], base_paths=['.'], packages_ignore=None, packages_ignore_regex=None, paths=None, packages_up_to=None, packages_up_to_regex=None, packages_above=None, packages_above_and_dependencies=None, packages_above_depth=None, packages_select_by_dep=None, packages_skip_by_dep=None, packages_skip_up_to=None, packages_select_build_failed=False, packages_skip_build_finished=False, packages_select_test_failures=False, packages_skip_test_passed=False, packages_select=None, packages_skip=None, packages_select_regex=None, packages_skip_regex=None, packages_start=None, packages_end=None, allow_overriding=[], cmake_args=None, cmake_target=None, cmake_target_skip_unavailable=False, cmake_clean_cache=False, cmake_clean_first=False, cmake_force_configure=False, ament_cmake_args=None, catkin_cmake_args=None, catkin_skip_building_tests=False, mixin_files=None, mixin=None, verb_parser=<colcon_mixin.mixin.mixin_argument.MixinArgumentDecorator object at 0x74c83e4648b0>, verb_extension=<colcon_core.verb.build.BuildVerb object at 0x74c83e464400>, main=<bound method BuildVerb.main of <colcon_core.verb.build.BuildVerb object at 0x74c83e464400>>, mixin_verb=('build',))
[0.390s] Level 1:colcon.colcon_core.package_discovery:discover_packages(colcon_meta) check parameters
[0.390s] Level 1:colcon.colcon_core.package_discovery:discover_packages(recursive) check parameters
[0.390s] Level 1:colcon.colcon_core.package_discovery:discover_packages(ignore) check parameters
[0.390s] Level 1:colcon.colcon_core.package_discovery:discover_packages(path) check parameters
[0.390s] Level 1:colcon.colcon_core.package_discovery:discover_packages(colcon_meta) discover
[0.390s] Level 1:colcon.colcon_core.package_discovery:discover_packages(recursive) discover
[0.390s] INFO:colcon.colcon_core.package_discovery:Crawling recursively for packages in '/home/pbear/Opentopic_ws'
[0.391s] Level 1:colcon.colcon_core.package_identification:_identify(.) by extensions ['ignore', 'ignore_ament_install']
[0.391s] Level 1:colcon.colcon_core.package_identification:_identify(.) by extension 'ignore'
[0.391s] Level 1:colcon.colcon_core.package_identification:_identify(.) by extension 'ignore_ament_install'
[0.391s] Level 1:colcon.colcon_core.package_identification:_identify(.) by extensions ['colcon_pkg']
[0.391s] Level 1:colcon.colcon_core.package_identification:_identify(.) by extension 'colcon_pkg'
[0.391s] Level 1:colcon.colcon_core.package_identification:_identify(.) by extensions ['colcon_meta']
[0.391s] Level 1:colcon.colcon_core.package_identification:_identify(.) by extension 'colcon_meta'
[0.391s] Level 1:colcon.colcon_core.package_identification:_identify(.) by extensions ['ros']
[0.391s] Level 1:colcon.colcon_core.package_identification:_identify(.) by extension 'ros'
[0.405s] Level 1:colcon.colcon_core.package_identification:_identify(.) by extensions ['cmake', 'python']
[0.405s] Level 1:colcon.colcon_core.package_identification:_identify(.) by extension 'cmake'
[0.405s] Level 1:colcon.colcon_core.package_identification:_identify(.) by extension 'python'
[0.405s] Level 1:colcon.colcon_core.package_identification:_identify(.) by extensions ['python_setup_py']
[0.405s] Level 1:colcon.colcon_core.package_identification:_identify(.) by extension 'python_setup_py'
[0.406s] Level 1:colcon.colcon_core.package_identification:_identify(build) by extensions ['ignore', 'ignore_ament_install']
[0.406s] Level 1:colcon.colcon_core.package_identification:_identify(build) by extension 'ignore'
[0.406s] Level 1:colcon.colcon_core.package_identification:_identify(build) ignored
[0.406s] Level 1:colcon.colcon_core.package_identification:_identify(install) by extensions ['ignore', 'ignore_ament_install']
[0.406s] Level 1:colcon.colcon_core.package_identification:_identify(install) by extension 'ignore'
[0.406s] Level 1:colcon.colcon_core.package_identification:_identify(install) ignored
[0.406s] Level 1:colcon.colcon_core.package_identification:_identify(log) by extensions ['ignore', 'ignore_ament_install']
[0.406s] Level 1:colcon.colcon_core.package_identification:_identify(log) by extension 'ignore'
[0.406s] Level 1:colcon.colcon_core.package_identification:_identify(log) ignored
[0.406s] Level 1:colcon.colcon_core.package_identification:_identify(src) by extensions ['ignore', 'ignore_ament_install']
[0.407s] Level 1:colcon.colcon_core.package_identification:_identify(src) by extension 'ignore'
[0.407s] Level 1:colcon.colcon_core.package_identification:_identify(src) by extension 'ignore_ament_install'
[0.407s] Level 1:colcon.colcon_core.package_identification:_identify(src) by extensions ['colcon_pkg']
[0.407s] Level 1:colcon.colcon_core.package_identification:_identify(src) by extension 'colcon_pkg'
[0.407s] Level 1:colcon.colcon_core.package_identification:_identify(src) by extensions ['colcon_meta']
[0.407s] Level 1:colcon.colcon_core.package_identification:_identify(src) by extension 'colcon_meta'
[0.407s] Level 1:colcon.colcon_core.package_identification:_identify(src) by extensions ['ros']
[0.407s] Level 1:colcon.colcon_core.package_identification:_identify(src) by extension 'ros'
[0.407s] Level 1:colcon.colcon_core.package_identification:_identify(src) by extensions ['cmake', 'python']
[0.407s] Level 1:colcon.colcon_core.package_identification:_identify(src) by extension 'cmake'
[0.407s] Level 1:colcon.colcon_core.package_identification:_identify(src) by extension 'python'
[0.407s] Level 1:colcon.colcon_core.package_identification:_identify(src) by extensions ['python_setup_py']
[0.407s] Level 1:colcon.colcon_core.package_identification:_identify(src) by extension 'python_setup_py'
[0.407s] Level 1:colcon.colcon_core.package_identification:_identify(src/axebot) by extensions ['ignore', 'ignore_ament_install']
[0.407s] Level 1:colcon.colcon_core.package_identification:_identify(src/axebot) by extension 'ignore'
[0.407s] Level 1:colcon.colcon_core.package_identification:_identify(src/axebot) by extension 'ignore_ament_install'
[0.407s] Level 1:colcon.colcon_core.package_identification:_identify(src/axebot) by extensions ['colcon_pkg']
[0.407s] Level 1:colcon.colcon_core.package_identification:_identify(src/axebot) by extension 'colcon_pkg'
[0.408s] Level 1:colcon.colcon_core.package_identification:_identify(src/axebot) by extensions ['colcon_meta']
[0.408s] Level 1:colcon.colcon_core.package_identification:_identify(src/axebot) by extension 'colcon_meta'
[0.408s] Level 1:colcon.colcon_core.package_identification:_identify(src/axebot) by extensions ['ros']
[0.408s] Level 1:colcon.colcon_core.package_identification:_identify(src/axebot) by extension 'ros'
[0.408s] Level 1:colcon.colcon_core.package_identification:_identify(src/axebot) by extensions ['cmake', 'python']
[0.408s] Level 1:colcon.colcon_core.package_identification:_identify(src/axebot) by extension 'cmake'
[0.408s] Level 1:colcon.colcon_core.package_identification:_identify(src/axebot) by extension 'python'
[0.408s] Level 1:colcon.colcon_core.package_identification:_identify(src/axebot) by extensions ['python_setup_py']
[0.408s] Level 1:colcon.colcon_core.package_identification:_identify(src/axebot) by extension 'python_setup_py'
[0.408s] Level 1:colcon.colcon_core.package_identification:_identify(src/axebot/axebot_control) by extensions ['ignore', 'ignore_ament_install']
[0.408s] Level 1:colcon.colcon_core.package_identification:_identify(src/axebot/axebot_control) by extension 'ignore'
[0.408s] Level 1:colcon.colcon_core.package_identification:_identify(src/axebot/axebot_control) by extension 'ignore_ament_install'
[0.408s] Level 1:colcon.colcon_core.package_identification:_identify(src/axebot/axebot_control) by extensions ['colcon_pkg']
[0.408s] Level 1:colcon.colcon_core.package_identification:_identify(src/axebot/axebot_control) by extension 'colcon_pkg'
[0.408s] Level 1:colcon.colcon_core.package_identification:_identify(src/axebot/axebot_control) by extensions ['colcon_meta']
[0.408s] Level 1:colcon.colcon_core.package_identification:_identify(src/axebot/axebot_control) by extension 'colcon_meta'
[0.408s] Level 1:colcon.colcon_core.package_identification:_identify(src/axebot/axebot_control) by extensions ['ros']
[0.408s] Level 1:colcon.colcon_core.package_identification:_identify(src/axebot/axebot_control) by extension 'ros'
[0.413s] DEBUG:colcon.colcon_core.package_identification:Package 'src/axebot/axebot_control' with type 'ros.ament_cmake' and name 'axebot_control'
[0.413s] Level 1:colcon.colcon_core.package_identification:_identify(src/axebot/axebot_description) by extensions ['ignore', 'ignore_ament_install']
[0.413s] Level 1:colcon.colcon_core.package_identification:_identify(src/axebot/axebot_description) by extension 'ignore'
[0.413s] Level 1:colcon.colcon_core.package_identification:_identify(src/axebot/axebot_description) by extension 'ignore_ament_install'
[0.413s] Level 1:colcon.colcon_core.package_identification:_identify(src/axebot/axebot_description) by extensions ['colcon_pkg']
[0.413s] Level 1:colcon.colcon_core.package_identification:_identify(src/axebot/axebot_description) by extension 'colcon_pkg'
[0.413s] Level 1:colcon.colcon_core.package_identification:_identify(src/axebot/axebot_description) by extensions ['colcon_meta']
[0.413s] Level 1:colcon.colcon_core.package_identification:_identify(src/axebot/axebot_description) by extension 'colcon_meta'
[0.413s] Level 1:colcon.colcon_core.package_identification:_identify(src/axebot/axebot_description) by extensions ['ros']
[0.414s] Level 1:colcon.colcon_core.package_identification:_identify(src/axebot/axebot_description) by extension 'ros'
[0.414s] DEBUG:colcon.colcon_core.package_identification:Package 'src/axebot/axebot_description' with type 'ros.ament_cmake' and name 'axebot_description'
[0.415s] Level 1:colcon.colcon_core.package_identification:_identify(src/axebot/axebot_gazebo) by extensions ['ignore', 'ignore_ament_install']
[0.415s] Level 1:colcon.colcon_core.package_identification:_identify(src/axebot/axebot_gazebo) by extension 'ignore'
[0.415s] Level 1:colcon.colcon_core.package_identification:_identify(src/axebot/axebot_gazebo) by extension 'ignore_ament_install'
[0.415s] Level 1:colcon.colcon_core.package_identification:_identify(src/axebot/axebot_gazebo) by extensions ['colcon_pkg']
[0.415s] Level 1:colcon.colcon_core.package_identification:_identify(src/axebot/axebot_gazebo) by extension 'colcon_pkg'
[0.415s] Level 1:colcon.colcon_core.package_identification:_identify(src/axebot/axebot_gazebo) by extensions ['colcon_meta']
[0.415s] Level 1:colcon.colcon_core.package_identification:_identify(src/axebot/axebot_gazebo) by extension 'colcon_meta'
[0.415s] Level 1:colcon.colcon_core.package_identification:_identify(src/axebot/axebot_gazebo) by extensions ['ros']
[0.415s] Level 1:colcon.colcon_core.package_identification:_identify(src/axebot/axebot_gazebo) by extension 'ros'
[0.416s] DEBUG:colcon.colcon_core.package_identification:Package 'src/axebot/axebot_gazebo' with type 'ros.ament_cmake' and name 'axebot_gazebo'
[0.416s] Level 1:colcon.colcon_core.package_identification:_identify(src/axebot/doc) by extensions ['ignore', 'ignore_ament_install']
[0.416s] Level 1:colcon.colcon_core.package_identification:_identify(src/axebot/doc) by extension 'ignore'
[0.416s] Level 1:colcon.colcon_core.package_identification:_identify(src/axebot/doc) by extension 'ignore_ament_install'
[0.416s] Level 1:colcon.colcon_core.package_identification:_identify(src/axebot/doc) by extensions ['colcon_pkg']
[0.416s] Level 1:colcon.colcon_core.package_identification:_identify(src/axebot/doc) by extension 'colcon_pkg'
[0.416s] Level 1:colcon.colcon_core.package_identification:_identify(src/axebot/doc) by extensions ['colcon_meta']
[0.416s] Level 1:colcon.colcon_core.package_identification:_identify(src/axebot/doc) by extension 'colcon_meta'
[0.416s] Level 1:colcon.colcon_core.package_identification:_identify(src/axebot/doc) by extensions ['ros']
[0.416s] Level 1:colcon.colcon_core.package_identification:_identify(src/axebot/doc) by extension 'ros'
[0.416s] Level 1:colcon.colcon_core.package_identification:_identify(src/axebot/doc) by extensions ['cmake', 'python']
[0.416s] Level 1:colcon.colcon_core.package_identification:_identify(src/axebot/doc) by extension 'cmake'
[0.416s] Level 1:colcon.colcon_core.package_identification:_identify(src/axebot/doc) by extension 'python'
[0.416s] Level 1:colcon.colcon_core.package_identification:_identify(src/axebot/doc) by extensions ['python_setup_py']
[0.416s] Level 1:colcon.colcon_core.package_identification:_identify(src/axebot/doc) by extension 'python_setup_py'
[0.417s] Level 1:colcon.colcon_core.package_identification:_identify(src/axebot/doc/images) by extensions ['ignore', 'ignore_ament_install']
[0.417s] Level 1:colcon.colcon_core.package_identification:_identify(src/axebot/doc/images) by extension 'ignore'
[0.417s] Level 1:colcon.colcon_core.package_identification:_identify(src/axebot/doc/images) by extension 'ignore_ament_install'
[0.417s] Level 1:colcon.colcon_core.package_identification:_identify(src/axebot/doc/images) by extensions ['colcon_pkg']
[0.417s] Level 1:colcon.colcon_core.package_identification:_identify(src/axebot/doc/images) by extension 'colcon_pkg'
[0.417s] Level 1:colcon.colcon_core.package_identification:_identify(src/axebot/doc/images) by extensions ['colcon_meta']
[0.417s] Level 1:colcon.colcon_core.package_identification:_identify(src/axebot/doc/images) by extension 'colcon_meta'
[0.417s] Level 1:colcon.colcon_core.package_identification:_identify(src/axebot/doc/images) by extensions ['ros']
[0.417s] Level 1:colcon.colcon_core.package_identification:_identify(src/axebot/doc/images) by extension 'ros'
[0.417s] Level 1:colcon.colcon_core.package_identification:_identify(src/axebot/doc/images) by extensions ['cmake', 'python']
[0.417s] Level 1:colcon.colcon_core.package_identification:_identify(src/axebot/doc/images) by extension 'cmake'
[0.417s] Level 1:colcon.colcon_core.package_identification:_identify(src/axebot/doc/images) by extension 'python'
[0.417s] Level 1:colcon.colcon_core.package_identification:_identify(src/axebot/doc/images) by extensions ['python_setup_py']
[0.417s] Level 1:colcon.colcon_core.package_identification:_identify(src/axebot/doc/images) by extension 'python_setup_py'
[0.417s] Level 1:colcon.colcon_core.package_identification:_identify(src/omnidirectional_controllers) by extensions ['ignore', 'ignore_ament_install']
[0.417s] Level 1:colcon.colcon_core.package_identification:_identify(src/omnidirectional_controllers) by extension 'ignore'
[0.417s] Level 1:colcon.colcon_core.package_identification:_identify(src/omnidirectional_controllers) by extension 'ignore_ament_install'
[0.418s] Level 1:colcon.colcon_core.package_identification:_identify(src/omnidirectional_controllers) by extensions ['colcon_pkg']
[0.418s] Level 1:colcon.colcon_core.package_identification:_identify(src/omnidirectional_controllers) by extension 'colcon_pkg'
[0.418s] Level 1:colcon.colcon_core.package_identification:_identify(src/omnidirectional_controllers) by extensions ['colcon_meta']
[0.418s] Level 1:colcon.colcon_core.package_identification:_identify(src/omnidirectional_controllers) by extension 'colcon_meta'
[0.418s] Level 1:colcon.colcon_core.package_identification:_identify(src/omnidirectional_controllers) by extensions ['ros']
[0.418s] Level 1:colcon.colcon_core.package_identification:_identify(src/omnidirectional_controllers) by extension 'ros'
[0.419s] DEBUG:colcon.colcon_core.package_identification:Package 'src/omnidirectional_controllers' with type 'ros.ament_cmake' and name 'omnidirectional_controllers'
[0.419s] Level 1:colcon.colcon_core.package_identification:_identify(src/turtlesim_plus) by extensions ['ignore', 'ignore_ament_install']
[0.419s] Level 1:colcon.colcon_core.package_identification:_identify(src/turtlesim_plus) by extension 'ignore'
[0.419s] Level 1:colcon.colcon_core.package_identification:_identify(src/turtlesim_plus) by extension 'ignore_ament_install'
[0.419s] Level 1:colcon.colcon_core.package_identification:_identify(src/turtlesim_plus) by extensions ['colcon_pkg']
[0.419s] Level 1:colcon.colcon_core.package_identification:_identify(src/turtlesim_plus) by extension 'colcon_pkg'
[0.419s] Level 1:colcon.colcon_core.package_identification:_identify(src/turtlesim_plus) by extensions ['colcon_meta']
[0.419s] Level 1:colcon.colcon_core.package_identification:_identify(src/turtlesim_plus) by extension 'colcon_meta'
[0.420s] Level 1:colcon.colcon_core.package_identification:_identify(src/turtlesim_plus) by extensions ['ros']
[0.420s] Level 1:colcon.colcon_core.package_identification:_identify(src/turtlesim_plus) by extension 'ros'
[0.421s] DEBUG:colcon.colcon_core.package_identification:Package 'src/turtlesim_plus' with type 'ros.ament_cmake' and name 'turtlesim_plus'
[0.421s] Level 1:colcon.colcon_core.package_identification:_identify(src/turtlesim_plus_interfaces) by extensions ['ignore', 'ignore_ament_install']
[0.421s] Level 1:colcon.colcon_core.package_identification:_identify(src/turtlesim_plus_interfaces) by extension 'ignore'
[0.421s] Level 1:colcon.colcon_core.package_identification:_identify(src/turtlesim_plus_interfaces) by extension 'ignore_ament_install'
[0.421s] Level 1:colcon.colcon_core.package_identification:_identify(src/turtlesim_plus_interfaces) by extensions ['colcon_pkg']
[0.421s] Level 1:colcon.colcon_core.package_identification:_identify(src/turtlesim_plus_interfaces) by extension 'colcon_pkg'
[0.421s] Level 1:colcon.colcon_core.package_identification:_identify(src/turtlesim_plus_interfaces) by extensions ['colcon_meta']
[0.421s] Level 1:colcon.colcon_core.package_identification:_identify(src/turtlesim_plus_interfaces) by extension 'colcon_meta'
[0.421s] Level 1:colcon.colcon_core.package_identification:_identify(src/turtlesim_plus_interfaces) by extensions ['ros']
[0.421s] Level 1:colcon.colcon_core.package_identification:_identify(src/turtlesim_plus_interfaces) by extension 'ros'
[0.421s] DEBUG:colcon.colcon_core.package_identification:Package 'src/turtlesim_plus_interfaces' with type 'ros.ament_cmake' and name 'turtlesim_plus_interfaces'
[0.422s] Level 1:colcon.colcon_core.package_discovery:discover_packages(recursive) using defaults
[0.422s] Level 1:colcon.colcon_core.package_discovery:discover_packages(ignore) discover
[0.422s] Level 1:colcon.colcon_core.package_discovery:discover_packages(ignore) using defaults
[0.422s] Level 1:colcon.colcon_core.package_discovery:discover_packages(path) discover
[0.422s] Level 1:colcon.colcon_core.package_discovery:discover_packages(path) using defaults
[0.483s] Level 1:colcon.colcon_core.package_discovery:discover_packages(prefix_path) check parameters
[0.483s] Level 1:colcon.colcon_core.package_discovery:discover_packages(prefix_path) discover
[0.487s] DEBUG:colcon.colcon_installed_package_information.package_discovery:Found 6 installed packages in /home/pbear/Opentopic_ws/install
[0.487s] DEBUG:colcon.colcon_installed_package_information.package_discovery:Found 4 installed packages in /home/pbear/FRA501_exam1_6417_6440/install
[0.488s] DEBUG:colcon.colcon_installed_package_information.package_discovery:Found 15 installed packages in /home/pbear/fra501_ws/install
[0.491s] DEBUG:colcon.colcon_installed_package_information.package_discovery:Found 367 installed packages in /opt/ros/humble
[0.493s] Level 1:colcon.colcon_core.package_discovery:discover_packages(prefix_path) using defaults
[0.552s] Level 5:colcon.colcon_core.verb:set package 'axebot_control' build argument 'cmake_args' from command line to 'None'
[0.552s] Level 5:colcon.colcon_core.verb:set package 'axebot_control' build argument 'cmake_target' from command line to 'None'
[0.553s] Level 5:colcon.colcon_core.verb:set package 'axebot_control' build argument 'cmake_target_skip_unavailable' from command line to 'False'
[0.553s] Level 5:colcon.colcon_core.verb:set package 'axebot_control' build argument 'cmake_clean_cache' from command line to 'False'
[0.553s] Level 5:colcon.colcon_core.verb:set package 'axebot_control' build argument 'cmake_clean_first' from command line to 'False'
[0.553s] Level 5:colcon.colcon_core.verb:set package 'axebot_control' build argument 'cmake_force_configure' from command line to 'False'
[0.553s] Level 5:colcon.colcon_core.verb:set package 'axebot_control' build argument 'ament_cmake_args' from command line to 'None'
[0.553s] Level 5:colcon.colcon_core.verb:set package 'axebot_control' build argument 'catkin_cmake_args' from command line to 'None'
[0.553s] Level 5:colcon.colcon_core.verb:set package 'axebot_control' build argument 'catkin_skip_building_tests' from command line to 'False'
[0.553s] DEBUG:colcon.colcon_core.verb:Building package 'axebot_control' with the following arguments: {'ament_cmake_args': None, 'build_base': '/home/pbear/Opentopic_ws/build/axebot_control', 'catkin_cmake_args': None, 'catkin_skip_building_tests': False, 'cmake_args': None, 'cmake_clean_cache': False, 'cmake_clean_first': False, 'cmake_force_configure': False, 'cmake_target': None, 'cmake_target_skip_unavailable': False, 'install_base': '/home/pbear/Opentopic_ws/install/axebot_control', 'merge_install': False, 'path': '/home/pbear/Opentopic_ws/src/axebot/axebot_control', 'symlink_install': False, 'test_result_base': None}
[0.553s] Level 5:colcon.colcon_core.verb:set package 'axebot_description' build argument 'cmake_args' from command line to 'None'
[0.553s] Level 5:colcon.colcon_core.verb:set package 'axebot_description' build argument 'cmake_target' from command line to 'None'
[0.553s] Level 5:colcon.colcon_core.verb:set package 'axebot_description' build argument 'cmake_target_skip_unavailable' from command line to 'False'
[0.553s] Level 5:colcon.colcon_core.verb:set package 'axebot_description' build argument 'cmake_clean_cache' from command line to 'False'
[0.553s] Level 5:colcon.colcon_core.verb:set package 'axebot_description' build argument 'cmake_clean_first' from command line to 'False'
[0.553s] Level 5:colcon.colcon_core.verb:set package 'axebot_description' build argument 'cmake_force_configure' from command line to 'False'
[0.553s] Level 5:colcon.colcon_core.verb:set package 'axebot_description' build argument 'ament_cmake_args' from command line to 'None'
[0.553s] Level 5:colcon.colcon_core.verb:set package 'axebot_description' build argument 'catkin_cmake_args' from command line to 'None'
[0.553s] Level 5:colcon.colcon_core.verb:set package 'axebot_description' build argument 'catkin_skip_building_tests' from command line to 'False'
[0.553s] DEBUG:colcon.colcon_core.verb:Building package 'axebot_description' with the following arguments: {'ament_cmake_args': None, 'build_base': '/home/pbear/Opentopic_ws/build/axebot_description', 'catkin_cmake_args': None, 'catkin_skip_building_tests': False, 'cmake_args': None, 'cmake_clean_cache': False, 'cmake_clean_first': False, 'cmake_force_configure': False, 'cmake_target': None, 'cmake_target_skip_unavailable': False, 'install_base': '/home/pbear/Opentopic_ws/install/axebot_description', 'merge_install': False, 'path': '/home/pbear/Opentopic_ws/src/axebot/axebot_description', 'symlink_install': False, 'test_result_base': None}
[0.554s] Level 5:colcon.colcon_core.verb:set package 'omnidirectional_controllers' build argument 'cmake_args' from command line to 'None'
[0.554s] Level 5:colcon.colcon_core.verb:set package 'omnidirectional_controllers' build argument 'cmake_target' from command line to 'None'
[0.554s] Level 5:colcon.colcon_core.verb:set package 'omnidirectional_controllers' build argument 'cmake_target_skip_unavailable' from command line to 'False'
[0.554s] Level 5:colcon.colcon_core.verb:set package 'omnidirectional_controllers' build argument 'cmake_clean_cache' from command line to 'False'
[0.554s] Level 5:colcon.colcon_core.verb:set package 'omnidirectional_controllers' build argument 'cmake_clean_first' from command line to 'False'
[0.554s] Level 5:colcon.colcon_core.verb:set package 'omnidirectional_controllers' build argument 'cmake_force_configure' from command line to 'False'
[0.554s] Level 5:colcon.colcon_core.verb:set package 'omnidirectional_controllers' build argument 'ament_cmake_args' from command line to 'None'
[0.554s] Level 5:colcon.colcon_core.verb:set package 'omnidirectional_controllers' build argument 'catkin_cmake_args' from command line to 'None'
[0.554s] Level 5:colcon.colcon_core.verb:set package 'omnidirectional_controllers' build argument 'catkin_skip_building_tests' from command line to 'False'
[0.554s] DEBUG:colcon.colcon_core.verb:Building package 'omnidirectional_controllers' with the following arguments: {'ament_cmake_args': None, 'build_base': '/home/pbear/Opentopic_ws/build/omnidirectional_controllers', 'catkin_cmake_args': None, 'catkin_skip_building_tests': False, 'cmake_args': None, 'cmake_clean_cache': False, 'cmake_clean_first': False, 'cmake_force_configure': False, 'cmake_target': None, 'cmake_target_skip_unavailable': False, 'install_base': '/home/pbear/Opentopic_ws/install/omnidirectional_controllers', 'merge_install': False, 'path': '/home/pbear/Opentopic_ws/src/omnidirectional_controllers', 'symlink_install': False, 'test_result_base': None}
[0.554s] Level 5:colcon.colcon_core.verb:set package 'turtlesim_plus' build argument 'cmake_args' from command line to 'None'
[0.555s] Level 5:colcon.colcon_core.verb:set package 'turtlesim_plus' build argument 'cmake_target' from command line to 'None'
[0.555s] Level 5:colcon.colcon_core.verb:set package 'turtlesim_plus' build argument 'cmake_target_skip_unavailable' from command line to 'False'
[0.555s] Level 5:colcon.colcon_core.verb:set package 'turtlesim_plus' build argument 'cmake_clean_cache' from command line to 'False'
[0.555s] Level 5:colcon.colcon_core.verb:set package 'turtlesim_plus' build argument 'cmake_clean_first' from command line to 'False'
[0.555s] Level 5:colcon.colcon_core.verb:set package 'turtlesim_plus' build argument 'cmake_force_configure' from command line to 'False'
[0.555s] Level 5:colcon.colcon_core.verb:set package 'turtlesim_plus' build argument 'ament_cmake_args' from command line to 'None'
[0.555s] Level 5:colcon.colcon_core.verb:set package 'turtlesim_plus' build argument 'catkin_cmake_args' from command line to 'None'
[0.555s] Level 5:colcon.colcon_core.verb:set package 'turtlesim_plus' build argument 'catkin_skip_building_tests' from command line to 'False'
[0.555s] DEBUG:colcon.colcon_core.verb:Building package 'turtlesim_plus' with the following arguments: {'ament_cmake_args': None, 'build_base': '/home/pbear/Opentopic_ws/build/turtlesim_plus', 'catkin_cmake_args': None, 'catkin_skip_building_tests': False, 'cmake_args': None, 'cmake_clean_cache': False, 'cmake_clean_first': False, 'cmake_force_configure': False, 'cmake_target': None, 'cmake_target_skip_unavailable': False, 'install_base': '/home/pbear/Opentopic_ws/install/turtlesim_plus', 'merge_install': False, 'path': '/home/pbear/Opentopic_ws/src/turtlesim_plus', 'symlink_install': False, 'test_result_base': None}
[0.555s] Level 5:colcon.colcon_core.verb:set package 'turtlesim_plus_interfaces' build argument 'cmake_args' from command line to 'None'
[0.555s] Level 5:colcon.colcon_core.verb:set package 'turtlesim_plus_interfaces' build argument 'cmake_target' from command line to 'None'
[0.555s] Level 5:colcon.colcon_core.verb:set package 'turtlesim_plus_interfaces' build argument 'cmake_target_skip_unavailable' from command line to 'False'
[0.555s] Level 5:colcon.colcon_core.verb:set package 'turtlesim_plus_interfaces' build argument 'cmake_clean_cache' from command line to 'False'
[0.555s] Level 5:colcon.colcon_core.verb:set package 'turtlesim_plus_interfaces' build argument 'cmake_clean_first' from command line to 'False'
[0.555s] Level 5:colcon.colcon_core.verb:set package 'turtlesim_plus_interfaces' build argument 'cmake_force_configure' from command line to 'False'
[0.555s] Level 5:colcon.colcon_core.verb:set package 'turtlesim_plus_interfaces' build argument 'ament_cmake_args' from command line to 'None'
[0.555s] Level 5:colcon.colcon_core.verb:set package 'turtlesim_plus_interfaces' build argument 'catkin_cmake_args' from command line to 'None'
[0.555s] Level 5:colcon.colcon_core.verb:set package 'turtlesim_plus_interfaces' build argument 'catkin_skip_building_tests' from command line to 'False'
[0.555s] DEBUG:colcon.colcon_core.verb:Building package 'turtlesim_plus_interfaces' with the following arguments: {'ament_cmake_args': None, 'build_base': '/home/pbear/Opentopic_ws/build/turtlesim_plus_interfaces', 'catkin_cmake_args': None, 'catkin_skip_building_tests': False, 'cmake_args': None, 'cmake_clean_cache': False, 'cmake_clean_first': False, 'cmake_force_configure': False, 'cmake_target': None, 'cmake_target_skip_unavailable': False, 'install_base': '/home/pbear/Opentopic_ws/install/turtlesim_plus_interfaces', 'merge_install': False, 'path': '/home/pbear/Opentopic_ws/src/turtlesim_plus_interfaces', 'symlink_install': False, 'test_result_base': None}
[0.556s] Level 5:colcon.colcon_core.verb:set package 'axebot_gazebo' build argument 'cmake_args' from command line to 'None'
[0.556s] Level 5:colcon.colcon_core.verb:set package 'axebot_gazebo' build argument 'cmake_target' from command line to 'None'
[0.556s] Level 5:colcon.colcon_core.verb:set package 'axebot_gazebo' build argument 'cmake_target_skip_unavailable' from command line to 'False'
[0.556s] Level 5:colcon.colcon_core.verb:set package 'axebot_gazebo' build argument 'cmake_clean_cache' from command line to 'False'
[0.556s] Level 5:colcon.colcon_core.verb:set package 'axebot_gazebo' build argument 'cmake_clean_first' from command line to 'False'
[0.556s] Level 5:colcon.colcon_core.verb:set package 'axebot_gazebo' build argument 'cmake_force_configure' from command line to 'False'
[0.556s] Level 5:colcon.colcon_core.verb:set package 'axebot_gazebo' build argument 'ament_cmake_args' from command line to 'None'
[0.556s] Level 5:colcon.colcon_core.verb:set package 'axebot_gazebo' build argument 'catkin_cmake_args' from command line to 'None'
[0.556s] Level 5:colcon.colcon_core.verb:set package 'axebot_gazebo' build argument 'catkin_skip_building_tests' from command line to 'False'
[0.556s] DEBUG:colcon.colcon_core.verb:Building package 'axebot_gazebo' with the following arguments: {'ament_cmake_args': None, 'build_base': '/home/pbear/Opentopic_ws/build/axebot_gazebo', 'catkin_cmake_args': None, 'catkin_skip_building_tests': False, 'cmake_args': None, 'cmake_clean_cache': False, 'cmake_clean_first': False, 'cmake_force_configure': False, 'cmake_target': None, 'cmake_target_skip_unavailable': False, 'install_base': '/home/pbear/Opentopic_ws/install/axebot_gazebo', 'merge_install': False, 'path': '/home/pbear/Opentopic_ws/src/axebot/axebot_gazebo', 'symlink_install': False, 'test_result_base': None}
[0.556s] INFO:colcon.colcon_core.executor:Executing jobs using 'parallel' executor
[0.558s] DEBUG:colcon.colcon_parallel_executor.executor.parallel:run_until_complete
[0.558s] INFO:colcon.colcon_ros.task.ament_cmake.build:Building ROS package in '/home/pbear/Opentopic_ws/src/axebot/axebot_description' with build type 'ament_cmake'
[0.558s] INFO:colcon.colcon_cmake.task.cmake.build:Building CMake package in '/home/pbear/Opentopic_ws/src/axebot/axebot_description'
[0.562s] INFO:colcon.colcon_core.plugin_system:Skipping extension 'colcon_core.shell.bat': Not used on non-Windows systems
[0.562s] INFO:colcon.colcon_core.shell:Skip shell extension 'powershell' for command environment: Not usable outside of PowerShell
[0.562s] DEBUG:colcon.colcon_core.shell:Skip shell extension 'dsv' for command environment
[0.571s] INFO:colcon.colcon_ros.task.ament_cmake.build:Building ROS package in '/home/pbear/Opentopic_ws/src/axebot/axebot_control' with build type 'ament_cmake'
[0.571s] INFO:colcon.colcon_cmake.task.cmake.build:Building CMake package in '/home/pbear/Opentopic_ws/src/axebot/axebot_control'
[0.571s] INFO:colcon.colcon_core.shell:Skip shell extension 'powershell' for command environment: Not usable outside of PowerShell
[0.571s] DEBUG:colcon.colcon_core.shell:Skip shell extension 'dsv' for command environment
[0.580s] INFO:colcon.colcon_ros.task.ament_cmake.build:Building ROS package in '/home/pbear/Opentopic_ws/src/omnidirectional_controllers' with build type 'ament_cmake'
[0.580s] INFO:colcon.colcon_cmake.task.cmake.build:Building CMake package in '/home/pbear/Opentopic_ws/src/omnidirectional_controllers'
[0.581s] INFO:colcon.colcon_core.shell:Skip shell extension 'powershell' for command environment: Not usable outside of PowerShell
[0.581s] DEBUG:colcon.colcon_core.shell:Skip shell extension 'dsv' for command environment
[0.589s] INFO:colcon.colcon_ros.task.ament_cmake.build:Building ROS package in '/home/pbear/Opentopic_ws/src/turtlesim_plus' with build type 'ament_cmake'
[0.589s] INFO:colcon.colcon_cmake.task.cmake.build:Building CMake package in '/home/pbear/Opentopic_ws/src/turtlesim_plus'
[0.590s] INFO:colcon.colcon_core.shell:Skip shell extension 'powershell' for command environment: Not usable outside of PowerShell
[0.590s] DEBUG:colcon.colcon_core.shell:Skip shell extension 'dsv' for command environment
[0.598s] INFO:colcon.colcon_ros.task.ament_cmake.build:Building ROS package in '/home/pbear/Opentopic_ws/src/turtlesim_plus_interfaces' with build type 'ament_cmake'
[0.598s] INFO:colcon.colcon_cmake.task.cmake.build:Building CMake package in '/home/pbear/Opentopic_ws/src/turtlesim_plus_interfaces'
[0.598s] INFO:colcon.colcon_core.shell:Skip shell extension 'powershell' for command environment: Not usable outside of PowerShell
[0.598s] DEBUG:colcon.colcon_core.shell:Skip shell extension 'dsv' for command environment
[0.615s] DEBUG:colcon.colcon_core.event_handler.log_command:Invoking command in '/home/pbear/Opentopic_ws/build/axebot_description': CMAKE_PREFIX_PATH=${CMAKE_PREFIX_PATH}:/opt/ros/humble /usr/bin/cmake --build /home/pbear/Opentopic_ws/build/axebot_description -- -j16 -l16
[0.624s] DEBUG:colcon.colcon_core.event_handler.log_command:Invoking command in '/home/pbear/Opentopic_ws/build/axebot_control': CMAKE_PREFIX_PATH=${CMAKE_PREFIX_PATH}:/opt/ros/humble /usr/bin/cmake --build /home/pbear/Opentopic_ws/build/axebot_control -- -j16 -l16
[0.628s] DEBUG:colcon.colcon_core.event_handler.log_command:Invoking command in '/home/pbear/Opentopic_ws/build/omnidirectional_controllers': CMAKE_PREFIX_PATH=${CMAKE_PREFIX_PATH}:/opt/ros/humble /usr/bin/cmake --build /home/pbear/Opentopic_ws/build/omnidirectional_controllers -- -j16 -l16
[0.633s] DEBUG:colcon.colcon_core.event_handler.log_command:Invoking command in '/home/pbear/Opentopic_ws/build/turtlesim_plus': CMAKE_PREFIX_PATH=${CMAKE_PREFIX_PATH}:/opt/ros/humble /usr/bin/cmake --build /home/pbear/Opentopic_ws/build/turtlesim_plus -- -j16 -l16
[0.643s] DEBUG:colcon.colcon_core.event_handler.log_command:Invoking command in '/home/pbear/Opentopic_ws/build/turtlesim_plus_interfaces': CMAKE_PREFIX_PATH=${CMAKE_PREFIX_PATH}:/opt/ros/humble /usr/bin/cmake --build /home/pbear/Opentopic_ws/build/turtlesim_plus_interfaces -- -j16 -l16
[0.694s] DEBUG:colcon.colcon_core.event_handler.log_command:Invoked command in '/home/pbear/Opentopic_ws/build/axebot_description' returned '0': CMAKE_PREFIX_PATH=${CMAKE_PREFIX_PATH}:/opt/ros/humble /usr/bin/cmake --build /home/pbear/Opentopic_ws/build/axebot_description -- -j16 -l16
[0.770s] DEBUG:colcon.colcon_core.event_handler.log_command:Invoking command in '/home/pbear/Opentopic_ws/build/axebot_description': CMAKE_PREFIX_PATH=${CMAKE_PREFIX_PATH}:/opt/ros/humble /usr/bin/cmake --install /home/pbear/Opentopic_ws/build/axebot_description
[0.775s] DEBUG:colcon.colcon_core.event_handler.log_command:Invoked command in '/home/pbear/Opentopic_ws/build/axebot_control' returned '0': CMAKE_PREFIX_PATH=${CMAKE_PREFIX_PATH}:/opt/ros/humble /usr/bin/cmake --build /home/pbear/Opentopic_ws/build/axebot_control -- -j16 -l16
[0.798s] Level 1:colcon.colcon_core.environment:create_environment_scripts_only(axebot_description)
[0.800s] DEBUG:colcon.colcon_core.event_handler.log_command:Invoked command in '/home/pbear/Opentopic_ws/build/axebot_description' returned '0': CMAKE_PREFIX_PATH=${CMAKE_PREFIX_PATH}:/opt/ros/humble /usr/bin/cmake --install /home/pbear/Opentopic_ws/build/axebot_description
[0.805s] Level 1:colcon.colcon_core.environment:checking '/home/pbear/Opentopic_ws/install/axebot_description' for CMake module files
[0.806s] Level 1:colcon.colcon_core.environment:checking '/home/pbear/Opentopic_ws/install/axebot_description' for CMake config files
[0.807s] Level 1:colcon.colcon_core.shell:create_environment_hook('axebot_description', 'cmake_prefix_path')
[0.808s] INFO:colcon.colcon_core.shell:Creating environment hook '/home/pbear/Opentopic_ws/install/axebot_description/share/axebot_description/hook/cmake_prefix_path.ps1'
[0.812s] INFO:colcon.colcon_core.shell:Creating environment descriptor '/home/pbear/Opentopic_ws/install/axebot_description/share/axebot_description/hook/cmake_prefix_path.dsv'
[0.814s] INFO:colcon.colcon_core.shell:Creating environment hook '/home/pbear/Opentopic_ws/install/axebot_description/share/axebot_description/hook/cmake_prefix_path.sh'
[0.817s] Level 1:colcon.colcon_core.environment:checking '/home/pbear/Opentopic_ws/install/axebot_description/bin'
[0.817s] Level 1:colcon.colcon_core.environment:checking '/home/pbear/Opentopic_ws/install/axebot_description/lib/pkgconfig/axebot_description.pc'
[0.818s] Level 1:colcon.colcon_core.environment:checking '/home/pbear/Opentopic_ws/install/axebot_description/lib/python3.10/site-packages'
[0.819s] Level 1:colcon.colcon_core.environment:checking '/home/pbear/Opentopic_ws/install/axebot_description/bin'
[0.819s] INFO:colcon.colcon_core.shell:Creating package script '/home/pbear/Opentopic_ws/install/axebot_description/share/axebot_description/package.ps1'
[0.821s] INFO:colcon.colcon_core.shell:Creating package descriptor '/home/pbear/Opentopic_ws/install/axebot_description/share/axebot_description/package.dsv'
[0.821s] INFO:colcon.colcon_core.shell:Creating package script '/home/pbear/Opentopic_ws/install/axebot_description/share/axebot_description/package.sh'
[0.823s] INFO:colcon.colcon_core.shell:Creating package script '/home/pbear/Opentopic_ws/install/axebot_description/share/axebot_description/package.bash'
[0.824s] INFO:colcon.colcon_core.shell:Creating package script '/home/pbear/Opentopic_ws/install/axebot_description/share/axebot_description/package.zsh'
[0.825s] Level 1:colcon.colcon_core.environment:create_file_with_runtime_dependencies(/home/pbear/Opentopic_ws/install/axebot_description/share/colcon-core/packages/axebot_description)
[0.837s] DEBUG:colcon.colcon_core.event_handler.log_command:Invoked command in '/home/pbear/Opentopic_ws/build/omnidirectional_controllers' returned '0': CMAKE_PREFIX_PATH=${CMAKE_PREFIX_PATH}:/opt/ros/humble /usr/bin/cmake --build /home/pbear/Opentopic_ws/build/omnidirectional_controllers -- -j16 -l16
[0.851s] DEBUG:colcon.colcon_core.event_handler.log_command:Invoking command in '/home/pbear/Opentopic_ws/build/axebot_control': CMAKE_PREFIX_PATH=${CMAKE_PREFIX_PATH}:/opt/ros/humble /usr/bin/cmake --install /home/pbear/Opentopic_ws/build/axebot_control
[0.870s] Level 1:colcon.colcon_core.environment:create_environment_scripts_only(axebot_control)
[0.871s] Level 1:colcon.colcon_core.environment:checking '/home/pbear/Opentopic_ws/install/axebot_control' for CMake module files
[0.872s] DEBUG:colcon.colcon_core.event_handler.log_command:Invoked command in '/home/pbear/Opentopic_ws/build/axebot_control' returned '0': CMAKE_PREFIX_PATH=${CMAKE_PREFIX_PATH}:/opt/ros/humble /usr/bin/cmake --install /home/pbear/Opentopic_ws/build/axebot_control
[0.872s] Level 1:colcon.colcon_core.environment:checking '/home/pbear/Opentopic_ws/install/axebot_control' for CMake config files
[0.873s] Level 1:colcon.colcon_core.shell:create_environment_hook('axebot_control', 'cmake_prefix_path')
[0.873s] INFO:colcon.colcon_core.shell:Creating environment hook '/home/pbear/Opentopic_ws/install/axebot_control/share/axebot_control/hook/cmake_prefix_path.ps1'
[0.874s] INFO:colcon.colcon_core.shell:Creating environment descriptor '/home/pbear/Opentopic_ws/install/axebot_control/share/axebot_control/hook/cmake_prefix_path.dsv'
[0.874s] INFO:colcon.colcon_core.shell:Creating environment hook '/home/pbear/Opentopic_ws/install/axebot_control/share/axebot_control/hook/cmake_prefix_path.sh'
[0.875s] Level 1:colcon.colcon_core.environment:checking '/home/pbear/Opentopic_ws/install/axebot_control/lib'
[0.876s] Level 1:colcon.colcon_core.environment:checking '/home/pbear/Opentopic_ws/install/axebot_control/bin'
[0.876s] Level 1:colcon.colcon_core.environment:checking '/home/pbear/Opentopic_ws/install/axebot_control/lib/pkgconfig/axebot_control.pc'
[0.876s] Level 1:colcon.colcon_core.environment:checking '/home/pbear/Opentopic_ws/install/axebot_control/lib/python3.10/site-packages'
[0.876s] Level 1:colcon.colcon_core.environment:checking '/home/pbear/Opentopic_ws/install/axebot_control/bin'
[0.877s] INFO:colcon.colcon_core.shell:Creating package script '/home/pbear/Opentopic_ws/install/axebot_control/share/axebot_control/package.ps1'
[0.878s] INFO:colcon.colcon_core.shell:Creating package descriptor '/home/pbear/Opentopic_ws/install/axebot_control/share/axebot_control/package.dsv'
[0.878s] INFO:colcon.colcon_core.shell:Creating package script '/home/pbear/Opentopic_ws/install/axebot_control/share/axebot_control/package.sh'
[0.879s] INFO:colcon.colcon_core.shell:Creating package script '/home/pbear/Opentopic_ws/install/axebot_control/share/axebot_control/package.bash'
[0.879s] INFO:colcon.colcon_core.shell:Creating package script '/home/pbear/Opentopic_ws/install/axebot_control/share/axebot_control/package.zsh'
[0.880s] Level 1:colcon.colcon_core.environment:create_file_with_runtime_dependencies(/home/pbear/Opentopic_ws/install/axebot_control/share/colcon-core/packages/axebot_control)
[0.882s] Level 1:colcon.colcon_core.environment:create_environment_scripts_only(axebot_description)
[0.883s] Level 1:colcon.colcon_core.environment:checking '/home/pbear/Opentopic_ws/install/axebot_description' for CMake module files
[0.884s] Level 1:colcon.colcon_core.environment:checking '/home/pbear/Opentopic_ws/install/axebot_description' for CMake config files
[0.884s] Level 1:colcon.colcon_core.shell:create_environment_hook('axebot_description', 'cmake_prefix_path')
[0.884s] INFO:colcon.colcon_core.shell:Creating environment hook '/home/pbear/Opentopic_ws/install/axebot_description/share/axebot_description/hook/cmake_prefix_path.ps1'
[0.885s] INFO:colcon.colcon_core.shell:Creating environment descriptor '/home/pbear/Opentopic_ws/install/axebot_description/share/axebot_description/hook/cmake_prefix_path.dsv'
[0.886s] INFO:colcon.colcon_core.shell:Creating environment hook '/home/pbear/Opentopic_ws/install/axebot_description/share/axebot_description/hook/cmake_prefix_path.sh'
[0.887s] Level 1:colcon.colcon_core.environment:checking '/home/pbear/Opentopic_ws/install/axebot_description/bin'
[0.887s] Level 1:colcon.colcon_core.environment:checking '/home/pbear/Opentopic_ws/install/axebot_description/lib/pkgconfig/axebot_description.pc'
[0.888s] Level 1:colcon.colcon_core.environment:checking '/home/pbear/Opentopic_ws/install/axebot_description/lib/python3.10/site-packages'
[0.888s] Level 1:colcon.colcon_core.environment:checking '/home/pbear/Opentopic_ws/install/axebot_description/bin'
[0.888s] INFO:colcon.colcon_core.shell:Creating package script '/home/pbear/Opentopic_ws/install/axebot_description/share/axebot_description/package.ps1'
[0.889s] INFO:colcon.colcon_core.shell:Creating package descriptor '/home/pbear/Opentopic_ws/install/axebot_description/share/axebot_description/package.dsv'
[0.890s] INFO:colcon.colcon_core.shell:Creating package script '/home/pbear/Opentopic_ws/install/axebot_description/share/axebot_description/package.sh'
[0.891s] INFO:colcon.colcon_core.shell:Creating package script '/home/pbear/Opentopic_ws/install/axebot_description/share/axebot_description/package.bash'
[0.891s] INFO:colcon.colcon_core.shell:Creating package script '/home/pbear/Opentopic_ws/install/axebot_description/share/axebot_description/package.zsh'
[0.891s] Level 1:colcon.colcon_core.environment:create_file_with_runtime_dependencies(/home/pbear/Opentopic_ws/install/axebot_description/share/colcon-core/packages/axebot_description)
[0.892s] INFO:colcon.colcon_ros.task.ament_cmake.build:Building ROS package in '/home/pbear/Opentopic_ws/src/axebot/axebot_gazebo' with build type 'ament_cmake'
[0.892s] INFO:colcon.colcon_cmake.task.cmake.build:Building CMake package in '/home/pbear/Opentopic_ws/src/axebot/axebot_gazebo'
[0.893s] INFO:colcon.colcon_core.shell:Skip shell extension 'powershell' for command environment: Not usable outside of PowerShell
[0.893s] DEBUG:colcon.colcon_core.shell:Skip shell extension 'dsv' for command environment
[0.913s] DEBUG:colcon.colcon_core.event_handler.log_command:Invoking command in '/home/pbear/Opentopic_ws/build/axebot_gazebo': CMAKE_PREFIX_PATH=/home/pbear/Opentopic_ws/install/axebot_description:/home/pbear/Opentopic_ws/install/turtlesim_plus_interfaces:/home/pbear/Opentopic_ws/install/turtlesim_plus:/home/pbear/Opentopic_ws/install/omnidirectional_controllers:/home/pbear/Opentopic_ws/install/axebot_gazebo:/home/pbear/Opentopic_ws/install/axebot_control:/home/pbear/fra501_ws/install/megarover_samples_ros2:/home/pbear/fra501_ws/install/xicro_pkg:/home/pbear/fra501_ws/install/xicro_interfaces:/home/pbear/fra501_ws/install/turtlesim_plus_interfaces:/home/pbear/fra501_ws/install/turtlesim_plus:/home/pbear/fra501_ws/install/turtlesim_interfaces:/home/pbear/fra501_ws/install/turtlesim_control:/home/pbear/fra501_ws/install/software_integration:/home/pbear/fra501_ws/install/noob_gazebo:/home/pbear/fra501_ws/install/noob_description:/home/pbear/fra501_ws/install/my_controller_interfaces:/home/pbear/fra501_ws/install/my_controller:/home/pbear/fra501_ws/install/example_description:/home/pbear/FRA501_exam1_6417_6440/install/turtlesim_plus_interfaces:/home/pbear/FRA501_exam1_6417_6440/install/turtlesim_plus:/home/pbear/FRA501_exam1_6417_6440/install/turtle_control:/opt/ros/humble /usr/bin/cmake --build /home/pbear/Opentopic_ws/build/axebot_gazebo -- -j16 -l16
[0.934s] DEBUG:colcon.colcon_core.event_handler.log_command:Invoking command in '/home/pbear/Opentopic_ws/build/omnidirectional_controllers': CMAKE_PREFIX_PATH=${CMAKE_PREFIX_PATH}:/opt/ros/humble /usr/bin/cmake --install /home/pbear/Opentopic_ws/build/omnidirectional_controllers
[0.942s] Level 1:colcon.colcon_core.environment:create_environment_scripts_only(axebot_control)
[0.943s] Level 1:colcon.colcon_core.environment:checking '/home/pbear/Opentopic_ws/install/axebot_control' for CMake module files
[0.943s] Level 1:colcon.colcon_core.environment:checking '/home/pbear/Opentopic_ws/install/axebot_control' for CMake config files
[0.944s] Level 1:colcon.colcon_core.shell:create_environment_hook('axebot_control', 'cmake_prefix_path')
[0.944s] INFO:colcon.colcon_core.shell:Creating environment hook '/home/pbear/Opentopic_ws/install/axebot_control/share/axebot_control/hook/cmake_prefix_path.ps1'
[0.945s] INFO:colcon.colcon_core.shell:Creating environment descriptor '/home/pbear/Opentopic_ws/install/axebot_control/share/axebot_control/hook/cmake_prefix_path.dsv'
[0.947s] INFO:colcon.colcon_core.shell:Creating environment hook '/home/pbear/Opentopic_ws/install/axebot_control/share/axebot_control/hook/cmake_prefix_path.sh'
[0.948s] Level 1:colcon.colcon_core.environment:checking '/home/pbear/Opentopic_ws/install/axebot_control/lib'
[0.948s] Level 1:colcon.colcon_core.environment:checking '/home/pbear/Opentopic_ws/install/axebot_control/bin'
[0.949s] Level 1:colcon.colcon_core.environment:checking '/home/pbear/Opentopic_ws/install/axebot_control/lib/pkgconfig/axebot_control.pc'
[0.949s] Level 1:colcon.colcon_core.environment:checking '/home/pbear/Opentopic_ws/install/axebot_control/lib/python3.10/site-packages'
[0.949s] Level 1:colcon.colcon_core.environment:checking '/home/pbear/Opentopic_ws/install/axebot_control/bin'
[0.950s] INFO:colcon.colcon_core.shell:Creating package script '/home/pbear/Opentopic_ws/install/axebot_control/share/axebot_control/package.ps1'
[0.951s] INFO:colcon.colcon_core.shell:Creating package descriptor '/home/pbear/Opentopic_ws/install/axebot_control/share/axebot_control/package.dsv'
[0.952s] INFO:colcon.colcon_core.shell:Creating package script '/home/pbear/Opentopic_ws/install/axebot_control/share/axebot_control/package.sh'
[0.953s] INFO:colcon.colcon_core.shell:Creating package script '/home/pbear/Opentopic_ws/install/axebot_control/share/axebot_control/package.bash'
[0.954s] INFO:colcon.colcon_core.shell:Creating package script '/home/pbear/Opentopic_ws/install/axebot_control/share/axebot_control/package.zsh'
[0.955s] Level 1:colcon.colcon_core.environment:create_file_with_runtime_dependencies(/home/pbear/Opentopic_ws/install/axebot_control/share/colcon-core/packages/axebot_control)
[0.957s] Level 1:colcon.colcon_core.environment:create_environment_scripts_only(omnidirectional_controllers)
[0.957s] Level 1:colcon.colcon_core.environment:checking '/home/pbear/Opentopic_ws/install/omnidirectional_controllers' for CMake module files
[0.958s] DEBUG:colcon.colcon_core.event_handler.log_command:Invoked command in '/home/pbear/Opentopic_ws/build/omnidirectional_controllers' returned '0': CMAKE_PREFIX_PATH=${CMAKE_PREFIX_PATH}:/opt/ros/humble /usr/bin/cmake --install /home/pbear/Opentopic_ws/build/omnidirectional_controllers
[0.959s] Level 1:colcon.colcon_core.environment:checking '/home/pbear/Opentopic_ws/install/omnidirectional_controllers' for CMake config files
[0.959s] Level 1:colcon.colcon_core.shell:create_environment_hook('omnidirectional_controllers', 'cmake_prefix_path')
[0.959s] INFO:colcon.colcon_core.shell:Creating environment hook '/home/pbear/Opentopic_ws/install/omnidirectional_controllers/share/omnidirectional_controllers/hook/cmake_prefix_path.ps1'
[0.960s] INFO:colcon.colcon_core.shell:Creating environment descriptor '/home/pbear/Opentopic_ws/install/omnidirectional_controllers/share/omnidirectional_controllers/hook/cmake_prefix_path.dsv'
[0.960s] INFO:colcon.colcon_core.shell:Creating environment hook '/home/pbear/Opentopic_ws/install/omnidirectional_controllers/share/omnidirectional_controllers/hook/cmake_prefix_path.sh'
[0.961s] Level 1:colcon.colcon_core.environment:checking '/home/pbear/Opentopic_ws/install/omnidirectional_controllers/lib'
[0.962s] Level 1:colcon.colcon_core.shell:create_environment_hook('omnidirectional_controllers', 'ld_library_path_lib')
[0.962s] INFO:colcon.colcon_core.shell:Creating environment hook '/home/pbear/Opentopic_ws/install/omnidirectional_controllers/share/omnidirectional_controllers/hook/ld_library_path_lib.ps1'
[0.963s] INFO:colcon.colcon_core.shell:Creating environment descriptor '/home/pbear/Opentopic_ws/install/omnidirectional_controllers/share/omnidirectional_controllers/hook/ld_library_path_lib.dsv'
[0.963s] INFO:colcon.colcon_core.shell:Creating environment hook '/home/pbear/Opentopic_ws/install/omnidirectional_controllers/share/omnidirectional_controllers/hook/ld_library_path_lib.sh'
[0.963s] Level 1:colcon.colcon_core.environment:checking '/home/pbear/Opentopic_ws/install/omnidirectional_controllers/bin'
[0.964s] Level 1:colcon.colcon_core.environment:checking '/home/pbear/Opentopic_ws/install/omnidirectional_controllers/lib/pkgconfig/omnidirectional_controllers.pc'
[0.964s] Level 1:colcon.colcon_core.environment:checking '/home/pbear/Opentopic_ws/install/omnidirectional_controllers/lib/python3.10/site-packages'
[0.964s] Level 1:colcon.colcon_core.environment:checking '/home/pbear/Opentopic_ws/install/omnidirectional_controllers/bin'
[0.964s] INFO:colcon.colcon_core.shell:Creating package script '/home/pbear/Opentopic_ws/install/omnidirectional_controllers/share/omnidirectional_controllers/package.ps1'
[0.965s] INFO:colcon.colcon_core.shell:Creating package descriptor '/home/pbear/Opentopic_ws/install/omnidirectional_controllers/share/omnidirectional_controllers/package.dsv'
[0.966s] INFO:colcon.colcon_core.shell:Creating package script '/home/pbear/Opentopic_ws/install/omnidirectional_controllers/share/omnidirectional_controllers/package.sh'
[0.966s] INFO:colcon.colcon_core.shell:Creating package script '/home/pbear/Opentopic_ws/install/omnidirectional_controllers/share/omnidirectional_controllers/package.bash'
[0.967s] INFO:colcon.colcon_core.shell:Creating package script '/home/pbear/Opentopic_ws/install/omnidirectional_controllers/share/omnidirectional_controllers/package.zsh'
[0.967s] Level 1:colcon.colcon_core.environment:create_file_with_runtime_dependencies(/home/pbear/Opentopic_ws/install/omnidirectional_controllers/share/colcon-core/packages/omnidirectional_controllers)
[0.979s] DEBUG:colcon.colcon_core.event_handler.log_command:Invoked command in '/home/pbear/Opentopic_ws/build/axebot_gazebo' returned '0': CMAKE_PREFIX_PATH=/home/pbear/Opentopic_ws/install/axebot_description:/home/pbear/Opentopic_ws/install/turtlesim_plus_interfaces:/home/pbear/Opentopic_ws/install/turtlesim_plus:/home/pbear/Opentopic_ws/install/omnidirectional_controllers:/home/pbear/Opentopic_ws/install/axebot_gazebo:/home/pbear/Opentopic_ws/install/axebot_control:/home/pbear/fra501_ws/install/megarover_samples_ros2:/home/pbear/fra501_ws/install/xicro_pkg:/home/pbear/fra501_ws/install/xicro_interfaces:/home/pbear/fra501_ws/install/turtlesim_plus_interfaces:/home/pbear/fra501_ws/install/turtlesim_plus:/home/pbear/fra501_ws/install/turtlesim_interfaces:/home/pbear/fra501_ws/install/turtlesim_control:/home/pbear/fra501_ws/install/software_integration:/home/pbear/fra501_ws/install/noob_gazebo:/home/pbear/fra501_ws/install/noob_description:/home/pbear/fra501_ws/install/my_controller_interfaces:/home/pbear/fra501_ws/install/my_controller:/home/pbear/fra501_ws/install/example_description:/home/pbear/FRA501_exam1_6417_6440/install/turtlesim_plus_interfaces:/home/pbear/FRA501_exam1_6417_6440/install/turtlesim_plus:/home/pbear/FRA501_exam1_6417_6440/install/turtle_control:/opt/ros/humble /usr/bin/cmake --build /home/pbear/Opentopic_ws/build/axebot_gazebo -- -j16 -l16
[1.022s] DEBUG:colcon.colcon_core.event_handler.log_command:Invoking command in '/home/pbear/Opentopic_ws/build/axebot_gazebo': CMAKE_PREFIX_PATH=/home/pbear/Opentopic_ws/install/axebot_description:/home/pbear/Opentopic_ws/install/turtlesim_plus_interfaces:/home/pbear/Opentopic_ws/install/turtlesim_plus:/home/pbear/Opentopic_ws/install/omnidirectional_controllers:/home/pbear/Opentopic_ws/install/axebot_gazebo:/home/pbear/Opentopic_ws/install/axebot_control:/home/pbear/fra501_ws/install/megarover_samples_ros2:/home/pbear/fra501_ws/install/xicro_pkg:/home/pbear/fra501_ws/install/xicro_interfaces:/home/pbear/fra501_ws/install/turtlesim_plus_interfaces:/home/pbear/fra501_ws/install/turtlesim_plus:/home/pbear/fra501_ws/install/turtlesim_interfaces:/home/pbear/fra501_ws/install/turtlesim_control:/home/pbear/fra501_ws/install/software_integration:/home/pbear/fra501_ws/install/noob_gazebo:/home/pbear/fra501_ws/install/noob_description:/home/pbear/fra501_ws/install/my_controller_interfaces:/home/pbear/fra501_ws/install/my_controller:/home/pbear/fra501_ws/install/example_description:/home/pbear/FRA501_exam1_6417_6440/install/turtlesim_plus_interfaces:/home/pbear/FRA501_exam1_6417_6440/install/turtlesim_plus:/home/pbear/FRA501_exam1_6417_6440/install/turtle_control:/opt/ros/humble /usr/bin/cmake --install /home/pbear/Opentopic_ws/build/axebot_gazebo
[1.036s] Level 1:colcon.colcon_core.environment:create_environment_scripts_only(axebot_gazebo)
[1.037s] Level 1:colcon.colcon_core.environment:checking '/home/pbear/Opentopic_ws/install/axebot_gazebo' for CMake module files
[1.037s] DEBUG:colcon.colcon_core.event_handler.log_command:Invoked command in '/home/pbear/Opentopic_ws/build/axebot_gazebo' returned '0': CMAKE_PREFIX_PATH=/home/pbear/Opentopic_ws/install/axebot_description:/home/pbear/Opentopic_ws/install/turtlesim_plus_interfaces:/home/pbear/Opentopic_ws/install/turtlesim_plus:/home/pbear/Opentopic_ws/install/omnidirectional_controllers:/home/pbear/Opentopic_ws/install/axebot_gazebo:/home/pbear/Opentopic_ws/install/axebot_control:/home/pbear/fra501_ws/install/megarover_samples_ros2:/home/pbear/fra501_ws/install/xicro_pkg:/home/pbear/fra501_ws/install/xicro_interfaces:/home/pbear/fra501_ws/install/turtlesim_plus_interfaces:/home/pbear/fra501_ws/install/turtlesim_plus:/home/pbear/fra501_ws/install/turtlesim_interfaces:/home/pbear/fra501_ws/install/turtlesim_control:/home/pbear/fra501_ws/install/software_integration:/home/pbear/fra501_ws/install/noob_gazebo:/home/pbear/fra501_ws/install/noob_description:/home/pbear/fra501_ws/install/my_controller_interfaces:/home/pbear/fra501_ws/install/my_controller:/home/pbear/fra501_ws/install/example_description:/home/pbear/FRA501_exam1_6417_6440/install/turtlesim_plus_interfaces:/home/pbear/FRA501_exam1_6417_6440/install/turtlesim_plus:/home/pbear/FRA501_exam1_6417_6440/install/turtle_control:/opt/ros/humble /usr/bin/cmake --install /home/pbear/Opentopic_ws/build/axebot_gazebo
[1.038s] Level 1:colcon.colcon_core.environment:checking '/home/pbear/Opentopic_ws/install/axebot_gazebo' for CMake config files
[1.038s] Level 1:colcon.colcon_core.shell:create_environment_hook('axebot_gazebo', 'cmake_prefix_path')
[1.038s] INFO:colcon.colcon_core.shell:Creating environment hook '/home/pbear/Opentopic_ws/install/axebot_gazebo/share/axebot_gazebo/hook/cmake_prefix_path.ps1'
[1.039s] INFO:colcon.colcon_core.shell:Creating environment descriptor '/home/pbear/Opentopic_ws/install/axebot_gazebo/share/axebot_gazebo/hook/cmake_prefix_path.dsv'
[1.039s] INFO:colcon.colcon_core.shell:Creating environment hook '/home/pbear/Opentopic_ws/install/axebot_gazebo/share/axebot_gazebo/hook/cmake_prefix_path.sh'
[1.040s] Level 1:colcon.colcon_core.environment:checking '/home/pbear/Opentopic_ws/install/axebot_gazebo/bin'
[1.040s] Level 1:colcon.colcon_core.environment:checking '/home/pbear/Opentopic_ws/install/axebot_gazebo/lib/pkgconfig/axebot_gazebo.pc'
[1.040s] Level 1:colcon.colcon_core.environment:checking '/home/pbear/Opentopic_ws/install/axebot_gazebo/lib/python3.10/site-packages'
[1.040s] Level 1:colcon.colcon_core.environment:checking '/home/pbear/Opentopic_ws/install/axebot_gazebo/bin'
[1.041s] INFO:colcon.colcon_core.shell:Creating package script '/home/pbear/Opentopic_ws/install/axebot_gazebo/share/axebot_gazebo/package.ps1'
[1.041s] INFO:colcon.colcon_core.shell:Creating package descriptor '/home/pbear/Opentopic_ws/install/axebot_gazebo/share/axebot_gazebo/package.dsv'
[1.042s] INFO:colcon.colcon_core.shell:Creating package script '/home/pbear/Opentopic_ws/install/axebot_gazebo/share/axebot_gazebo/package.sh'
[1.042s] INFO:colcon.colcon_core.shell:Creating package script '/home/pbear/Opentopic_ws/install/axebot_gazebo/share/axebot_gazebo/package.bash'
[1.043s] INFO:colcon.colcon_core.shell:Creating package script '/home/pbear/Opentopic_ws/install/axebot_gazebo/share/axebot_gazebo/package.zsh'
[1.043s] Level 1:colcon.colcon_core.environment:create_file_with_runtime_dependencies(/home/pbear/Opentopic_ws/install/axebot_gazebo/share/colcon-core/packages/axebot_gazebo)
[1.055s] Level 1:colcon.colcon_core.environment:create_environment_scripts_only(omnidirectional_controllers)
[1.055s] Level 1:colcon.colcon_core.environment:checking '/home/pbear/Opentopic_ws/install/omnidirectional_controllers' for CMake module files
[1.055s] Level 1:colcon.colcon_core.environment:checking '/home/pbear/Opentopic_ws/install/omnidirectional_controllers' for CMake config files
[1.056s] Level 1:colcon.colcon_core.shell:create_environment_hook('omnidirectional_controllers', 'cmake_prefix_path')
[1.056s] INFO:colcon.colcon_core.shell:Creating environment hook '/home/pbear/Opentopic_ws/install/omnidirectional_controllers/share/omnidirectional_controllers/hook/cmake_prefix_path.ps1'
[1.056s] INFO:colcon.colcon_core.shell:Creating environment descriptor '/home/pbear/Opentopic_ws/install/omnidirectional_controllers/share/omnidirectional_controllers/hook/cmake_prefix_path.dsv'
[1.057s] INFO:colcon.colcon_core.shell:Creating environment hook '/home/pbear/Opentopic_ws/install/omnidirectional_controllers/share/omnidirectional_controllers/hook/cmake_prefix_path.sh'
[1.057s] Level 1:colcon.colcon_core.environment:checking '/home/pbear/Opentopic_ws/install/omnidirectional_controllers/lib'
[1.057s] Level 1:colcon.colcon_core.shell:create_environment_hook('omnidirectional_controllers', 'ld_library_path_lib')
[1.058s] INFO:colcon.colcon_core.shell:Creating environment hook '/home/pbear/Opentopic_ws/install/omnidirectional_controllers/share/omnidirectional_controllers/hook/ld_library_path_lib.ps1'
[1.058s] INFO:colcon.colcon_core.shell:Creating environment descriptor '/home/pbear/Opentopic_ws/install/omnidirectional_controllers/share/omnidirectional_controllers/hook/ld_library_path_lib.dsv'
[1.059s] INFO:colcon.colcon_core.shell:Creating environment hook '/home/pbear/Opentopic_ws/install/omnidirectional_controllers/share/omnidirectional_controllers/hook/ld_library_path_lib.sh'
[1.059s] Level 1:colcon.colcon_core.environment:checking '/home/pbear/Opentopic_ws/install/omnidirectional_controllers/bin'
[1.059s] Level 1:colcon.colcon_core.environment:checking '/home/pbear/Opentopic_ws/install/omnidirectional_controllers/lib/pkgconfig/omnidirectional_controllers.pc'
[1.060s] Level 1:colcon.colcon_core.environment:checking '/home/pbear/Opentopic_ws/install/omnidirectional_controllers/lib/python3.10/site-packages'
[1.060s] Level 1:colcon.colcon_core.environment:checking '/home/pbear/Opentopic_ws/install/omnidirectional_controllers/bin'
[1.060s] INFO:colcon.colcon_core.shell:Creating package script '/home/pbear/Opentopic_ws/install/omnidirectional_controllers/share/omnidirectional_controllers/package.ps1'
[1.061s] INFO:colcon.colcon_core.shell:Creating package descriptor '/home/pbear/Opentopic_ws/install/omnidirectional_controllers/share/omnidirectional_controllers/package.dsv'
[1.061s] INFO:colcon.colcon_core.shell:Creating package script '/home/pbear/Opentopic_ws/install/omnidirectional_controllers/share/omnidirectional_controllers/package.sh'
[1.062s] INFO:colcon.colcon_core.shell:Creating package script '/home/pbear/Opentopic_ws/install/omnidirectional_controllers/share/omnidirectional_controllers/package.bash'
[1.062s] INFO:colcon.colcon_core.shell:Creating package script '/home/pbear/Opentopic_ws/install/omnidirectional_controllers/share/omnidirectional_controllers/package.zsh'
[1.063s] Level 1:colcon.colcon_core.environment:create_file_with_runtime_dependencies(/home/pbear/Opentopic_ws/install/omnidirectional_controllers/share/colcon-core/packages/omnidirectional_controllers)
[1.091s] Level 1:colcon.colcon_core.environment:create_environment_scripts_only(axebot_gazebo)
[1.092s] Level 1:colcon.colcon_core.environment:checking '/home/pbear/Opentopic_ws/install/axebot_gazebo' for CMake module files
[1.092s] Level 1:colcon.colcon_core.environment:checking '/home/pbear/Opentopic_ws/install/axebot_gazebo' for CMake config files
[1.093s] Level 1:colcon.colcon_core.shell:create_environment_hook('axebot_gazebo', 'cmake_prefix_path')
[1.093s] INFO:colcon.colcon_core.shell:Creating environment hook '/home/pbear/Opentopic_ws/install/axebot_gazebo/share/axebot_gazebo/hook/cmake_prefix_path.ps1'
[1.093s] INFO:colcon.colcon_core.shell:Creating environment descriptor '/home/pbear/Opentopic_ws/install/axebot_gazebo/share/axebot_gazebo/hook/cmake_prefix_path.dsv'
[1.094s] INFO:colcon.colcon_core.shell:Creating environment hook '/home/pbear/Opentopic_ws/install/axebot_gazebo/share/axebot_gazebo/hook/cmake_prefix_path.sh'
[1.095s] Level 1:colcon.colcon_core.environment:checking '/home/pbear/Opentopic_ws/install/axebot_gazebo/bin'
[1.095s] Level 1:colcon.colcon_core.environment:checking '/home/pbear/Opentopic_ws/install/axebot_gazebo/lib/pkgconfig/axebot_gazebo.pc'
[1.095s] Level 1:colcon.colcon_core.environment:checking '/home/pbear/Opentopic_ws/install/axebot_gazebo/lib/python3.10/site-packages'
[1.095s] Level 1:colcon.colcon_core.environment:checking '/home/pbear/Opentopic_ws/install/axebot_gazebo/bin'
[1.095s] INFO:colcon.colcon_core.shell:Creating package script '/home/pbear/Opentopic_ws/install/axebot_gazebo/share/axebot_gazebo/package.ps1'
[1.096s] INFO:colcon.colcon_core.shell:Creating package descriptor '/home/pbear/Opentopic_ws/install/axebot_gazebo/share/axebot_gazebo/package.dsv'
[1.096s] INFO:colcon.colcon_core.shell:Creating package script '/home/pbear/Opentopic_ws/install/axebot_gazebo/share/axebot_gazebo/package.sh'
[1.097s] INFO:colcon.colcon_core.shell:Creating package script '/home/pbear/Opentopic_ws/install/axebot_gazebo/share/axebot_gazebo/package.bash'
[1.097s] INFO:colcon.colcon_core.shell:Creating package script '/home/pbear/Opentopic_ws/install/axebot_gazebo/share/axebot_gazebo/package.zsh'
[1.098s] Level 1:colcon.colcon_core.environment:create_file_with_runtime_dependencies(/home/pbear/Opentopic_ws/install/axebot_gazebo/share/colcon-core/packages/axebot_gazebo)
[1.239s] DEBUG:colcon.colcon_core.event_handler.log_command:Invoked command in '/home/pbear/Opentopic_ws/build/turtlesim_plus' returned '0': CMAKE_PREFIX_PATH=${CMAKE_PREFIX_PATH}:/opt/ros/humble /usr/bin/cmake --build /home/pbear/Opentopic_ws/build/turtlesim_plus -- -j16 -l16
[1.255s] DEBUG:colcon.colcon_core.event_handler.log_command:Invoked command in '/home/pbear/Opentopic_ws/build/turtlesim_plus_interfaces' returned '0': CMAKE_PREFIX_PATH=${CMAKE_PREFIX_PATH}:/opt/ros/humble /usr/bin/cmake --build /home/pbear/Opentopic_ws/build/turtlesim_plus_interfaces -- -j16 -l16
[1.291s] DEBUG:colcon.colcon_core.event_handler.log_command:Invoking command in '/home/pbear/Opentopic_ws/build/turtlesim_plus': CMAKE_PREFIX_PATH=${CMAKE_PREFIX_PATH}:/opt/ros/humble /usr/bin/cmake --install /home/pbear/Opentopic_ws/build/turtlesim_plus
[1.363s] Level 1:colcon.colcon_core.environment:create_environment_scripts_only(turtlesim_plus)
[1.364s] Level 1:colcon.colcon_core.environment:checking '/home/pbear/Opentopic_ws/install/turtlesim_plus' for CMake module files
[1.364s] DEBUG:colcon.colcon_core.event_handler.log_command:Invoked command in '/home/pbear/Opentopic_ws/build/turtlesim_plus' returned '0': CMAKE_PREFIX_PATH=${CMAKE_PREFIX_PATH}:/opt/ros/humble /usr/bin/cmake --install /home/pbear/Opentopic_ws/build/turtlesim_plus
[1.365s] Level 1:colcon.colcon_core.environment:checking '/home/pbear/Opentopic_ws/install/turtlesim_plus' for CMake config files
[1.366s] Level 1:colcon.colcon_core.shell:create_environment_hook('turtlesim_plus', 'cmake_prefix_path')
[1.366s] INFO:colcon.colcon_core.shell:Creating environment hook '/home/pbear/Opentopic_ws/install/turtlesim_plus/share/turtlesim_plus/hook/cmake_prefix_path.ps1'
[1.367s] INFO:colcon.colcon_core.shell:Creating environment descriptor '/home/pbear/Opentopic_ws/install/turtlesim_plus/share/turtlesim_plus/hook/cmake_prefix_path.dsv'
[1.367s] INFO:colcon.colcon_core.shell:Creating environment hook '/home/pbear/Opentopic_ws/install/turtlesim_plus/share/turtlesim_plus/hook/cmake_prefix_path.sh'
[1.368s] Level 1:colcon.colcon_core.environment:checking '/home/pbear/Opentopic_ws/install/turtlesim_plus/lib'
[1.368s] Level 1:colcon.colcon_core.environment:checking '/home/pbear/Opentopic_ws/install/turtlesim_plus/bin'
[1.368s] Level 1:colcon.colcon_core.environment:checking '/home/pbear/Opentopic_ws/install/turtlesim_plus/lib/pkgconfig/turtlesim_plus.pc'
[1.368s] Level 1:colcon.colcon_core.environment:checking '/home/pbear/Opentopic_ws/install/turtlesim_plus/lib/python3.10/site-packages'
[1.368s] Level 1:colcon.colcon_core.environment:checking '/home/pbear/Opentopic_ws/install/turtlesim_plus/bin'
[1.369s] INFO:colcon.colcon_core.shell:Creating package script '/home/pbear/Opentopic_ws/install/turtlesim_plus/share/turtlesim_plus/package.ps1'
[1.369s] INFO:colcon.colcon_core.shell:Creating package descriptor '/home/pbear/Opentopic_ws/install/turtlesim_plus/share/turtlesim_plus/package.dsv'
[1.370s] INFO:colcon.colcon_core.shell:Creating package script '/home/pbear/Opentopic_ws/install/turtlesim_plus/share/turtlesim_plus/package.sh'
[1.370s] INFO:colcon.colcon_core.shell:Creating package script '/home/pbear/Opentopic_ws/install/turtlesim_plus/share/turtlesim_plus/package.bash'
[1.371s] INFO:colcon.colcon_core.shell:Creating package script '/home/pbear/Opentopic_ws/install/turtlesim_plus/share/turtlesim_plus/package.zsh'
[1.371s] Level 1:colcon.colcon_core.environment:create_file_with_runtime_dependencies(/home/pbear/Opentopic_ws/install/turtlesim_plus/share/colcon-core/packages/turtlesim_plus)
[1.418s] Level 1:colcon.colcon_core.environment:create_environment_scripts_only(turtlesim_plus)
[1.418s] Level 1:colcon.colcon_core.environment:checking '/home/pbear/Opentopic_ws/install/turtlesim_plus' for CMake module files
[1.419s] Level 1:colcon.colcon_core.environment:checking '/home/pbear/Opentopic_ws/install/turtlesim_plus' for CMake config files
[1.419s] Level 1:colcon.colcon_core.shell:create_environment_hook('turtlesim_plus', 'cmake_prefix_path')
[1.419s] INFO:colcon.colcon_core.shell:Creating environment hook '/home/pbear/Opentopic_ws/install/turtlesim_plus/share/turtlesim_plus/hook/cmake_prefix_path.ps1'
[1.420s] INFO:colcon.colcon_core.shell:Creating environment descriptor '/home/pbear/Opentopic_ws/install/turtlesim_plus/share/turtlesim_plus/hook/cmake_prefix_path.dsv'
[1.420s] INFO:colcon.colcon_core.shell:Creating environment hook '/home/pbear/Opentopic_ws/install/turtlesim_plus/share/turtlesim_plus/hook/cmake_prefix_path.sh'
[1.421s] Level 1:colcon.colcon_core.environment:checking '/home/pbear/Opentopic_ws/install/turtlesim_plus/lib'
[1.421s] Level 1:colcon.colcon_core.environment:checking '/home/pbear/Opentopic_ws/install/turtlesim_plus/bin'
[1.421s] Level 1:colcon.colcon_core.environment:checking '/home/pbear/Opentopic_ws/install/turtlesim_plus/lib/pkgconfig/turtlesim_plus.pc'
[1.421s] Level 1:colcon.colcon_core.environment:checking '/home/pbear/Opentopic_ws/install/turtlesim_plus/lib/python3.10/site-packages'
[1.421s] Level 1:colcon.colcon_core.environment:checking '/home/pbear/Opentopic_ws/install/turtlesim_plus/bin'
[1.422s] INFO:colcon.colcon_core.shell:Creating package script '/home/pbear/Opentopic_ws/install/turtlesim_plus/share/turtlesim_plus/package.ps1'
[1.422s] INFO:colcon.colcon_core.shell:Creating package descriptor '/home/pbear/Opentopic_ws/install/turtlesim_plus/share/turtlesim_plus/package.dsv'
[1.423s] INFO:colcon.colcon_core.shell:Creating package script '/home/pbear/Opentopic_ws/install/turtlesim_plus/share/turtlesim_plus/package.sh'
[1.423s] INFO:colcon.colcon_core.shell:Creating package script '/home/pbear/Opentopic_ws/install/turtlesim_plus/share/turtlesim_plus/package.bash'
[1.423s] INFO:colcon.colcon_core.shell:Creating package script '/home/pbear/Opentopic_ws/install/turtlesim_plus/share/turtlesim_plus/package.zsh'
[1.424s] Level 1:colcon.colcon_core.environment:create_file_with_runtime_dependencies(/home/pbear/Opentopic_ws/install/turtlesim_plus/share/colcon-core/packages/turtlesim_plus)
[1.552s] DEBUG:colcon.colcon_core.event_handler.log_command:Invoking command in '/home/pbear/Opentopic_ws/build/turtlesim_plus_interfaces': CMAKE_PREFIX_PATH=${CMAKE_PREFIX_PATH}:/opt/ros/humble /usr/bin/cmake --install /home/pbear/Opentopic_ws/build/turtlesim_plus_interfaces
[1.645s] Level 1:colcon.colcon_core.environment:create_environment_scripts_only(turtlesim_plus_interfaces)
[1.645s] Level 1:colcon.colcon_core.environment:checking '/home/pbear/Opentopic_ws/install/turtlesim_plus_interfaces' for CMake module files
[1.646s] DEBUG:colcon.colcon_core.event_handler.log_command:Invoked command in '/home/pbear/Opentopic_ws/build/turtlesim_plus_interfaces' returned '0': CMAKE_PREFIX_PATH=${CMAKE_PREFIX_PATH}:/opt/ros/humble /usr/bin/cmake --install /home/pbear/Opentopic_ws/build/turtlesim_plus_interfaces
[1.647s] Level 1:colcon.colcon_core.environment:checking '/home/pbear/Opentopic_ws/install/turtlesim_plus_interfaces' for CMake config files
[1.648s] Level 1:colcon.colcon_core.shell:create_environment_hook('turtlesim_plus_interfaces', 'cmake_prefix_path')
[1.648s] INFO:colcon.colcon_core.shell:Creating environment hook '/home/pbear/Opentopic_ws/install/turtlesim_plus_interfaces/share/turtlesim_plus_interfaces/hook/cmake_prefix_path.ps1'
[1.649s] INFO:colcon.colcon_core.shell:Creating environment descriptor '/home/pbear/Opentopic_ws/install/turtlesim_plus_interfaces/share/turtlesim_plus_interfaces/hook/cmake_prefix_path.dsv'
[1.649s] INFO:colcon.colcon_core.shell:Creating environment hook '/home/pbear/Opentopic_ws/install/turtlesim_plus_interfaces/share/turtlesim_plus_interfaces/hook/cmake_prefix_path.sh'
[1.650s] Level 1:colcon.colcon_core.environment:checking '/home/pbear/Opentopic_ws/install/turtlesim_plus_interfaces/lib'
[1.650s] Level 1:colcon.colcon_core.shell:create_environment_hook('turtlesim_plus_interfaces', 'ld_library_path_lib')
[1.650s] INFO:colcon.colcon_core.shell:Creating environment hook '/home/pbear/Opentopic_ws/install/turtlesim_plus_interfaces/share/turtlesim_plus_interfaces/hook/ld_library_path_lib.ps1'
[1.651s] INFO:colcon.colcon_core.shell:Creating environment descriptor '/home/pbear/Opentopic_ws/install/turtlesim_plus_interfaces/share/turtlesim_plus_interfaces/hook/ld_library_path_lib.dsv'
[1.651s] INFO:colcon.colcon_core.shell:Creating environment hook '/home/pbear/Opentopic_ws/install/turtlesim_plus_interfaces/share/turtlesim_plus_interfaces/hook/ld_library_path_lib.sh'
[1.652s] Level 1:colcon.colcon_core.environment:checking '/home/pbear/Opentopic_ws/install/turtlesim_plus_interfaces/bin'
[1.652s] Level 1:colcon.colcon_core.environment:checking '/home/pbear/Opentopic_ws/install/turtlesim_plus_interfaces/lib/pkgconfig/turtlesim_plus_interfaces.pc'
[1.652s] Level 1:colcon.colcon_core.environment:checking '/home/pbear/Opentopic_ws/install/turtlesim_plus_interfaces/lib/python3.10/site-packages'
[1.652s] Level 1:colcon.colcon_core.environment:checking '/home/pbear/Opentopic_ws/install/turtlesim_plus_interfaces/bin'
[1.653s] INFO:colcon.colcon_core.shell:Creating package script '/home/pbear/Opentopic_ws/install/turtlesim_plus_interfaces/share/turtlesim_plus_interfaces/package.ps1'
[1.654s] INFO:colcon.colcon_core.shell:Creating package descriptor '/home/pbear/Opentopic_ws/install/turtlesim_plus_interfaces/share/turtlesim_plus_interfaces/package.dsv'
[1.654s] INFO:colcon.colcon_core.shell:Creating package script '/home/pbear/Opentopic_ws/install/turtlesim_plus_interfaces/share/turtlesim_plus_interfaces/package.sh'
[1.655s] INFO:colcon.colcon_core.shell:Creating package script '/home/pbear/Opentopic_ws/install/turtlesim_plus_interfaces/share/turtlesim_plus_interfaces/package.bash'
[1.655s] INFO:colcon.colcon_core.shell:Creating package script '/home/pbear/Opentopic_ws/install/turtlesim_plus_interfaces/share/turtlesim_plus_interfaces/package.zsh'
[1.656s] Level 1:colcon.colcon_core.environment:create_file_with_runtime_dependencies(/home/pbear/Opentopic_ws/install/turtlesim_plus_interfaces/share/colcon-core/packages/turtlesim_plus_interfaces)
[1.946s] Level 1:colcon.colcon_core.environment:create_environment_scripts_only(turtlesim_plus_interfaces)
[1.946s] Level 1:colcon.colcon_core.environment:checking '/home/pbear/Opentopic_ws/install/turtlesim_plus_interfaces' for CMake module files
[1.947s] Level 1:colcon.colcon_core.environment:checking '/home/pbear/Opentopic_ws/install/turtlesim_plus_interfaces' for CMake config files
[1.948s] Level 1:colcon.colcon_core.shell:create_environment_hook('turtlesim_plus_interfaces', 'cmake_prefix_path')
[1.948s] INFO:colcon.colcon_core.shell:Creating environment hook '/home/pbear/Opentopic_ws/install/turtlesim_plus_interfaces/share/turtlesim_plus_interfaces/hook/cmake_prefix_path.ps1'
[1.949s] INFO:colcon.colcon_core.shell:Creating environment descriptor '/home/pbear/Opentopic_ws/install/turtlesim_plus_interfaces/share/turtlesim_plus_interfaces/hook/cmake_prefix_path.dsv'
[1.949s] INFO:colcon.colcon_core.shell:Creating environment hook '/home/pbear/Opentopic_ws/install/turtlesim_plus_interfaces/share/turtlesim_plus_interfaces/hook/cmake_prefix_path.sh'
[1.950s] Level 1:colcon.colcon_core.environment:checking '/home/pbear/Opentopic_ws/install/turtlesim_plus_interfaces/lib'
[1.950s] Level 1:colcon.colcon_core.shell:create_environment_hook('turtlesim_plus_interfaces', 'ld_library_path_lib')
[1.950s] INFO:colcon.colcon_core.shell:Creating environment hook '/home/pbear/Opentopic_ws/install/turtlesim_plus_interfaces/share/turtlesim_plus_interfaces/hook/ld_library_path_lib.ps1'
[1.950s] INFO:colcon.colcon_core.shell:Creating environment descriptor '/home/pbear/Opentopic_ws/install/turtlesim_plus_interfaces/share/turtlesim_plus_interfaces/hook/ld_library_path_lib.dsv'
[1.951s] INFO:colcon.colcon_core.shell:Creating environment hook '/home/pbear/Opentopic_ws/install/turtlesim_plus_interfaces/share/turtlesim_plus_interfaces/hook/ld_library_path_lib.sh'
[1.951s] Level 1:colcon.colcon_core.environment:checking '/home/pbear/Opentopic_ws/install/turtlesim_plus_interfaces/bin'
[1.951s] Level 1:colcon.colcon_core.environment:checking '/home/pbear/Opentopic_ws/install/turtlesim_plus_interfaces/lib/pkgconfig/turtlesim_plus_interfaces.pc'
[1.952s] Level 1:colcon.colcon_core.environment:checking '/home/pbear/Opentopic_ws/install/turtlesim_plus_interfaces/lib/python3.10/site-packages'
[1.952s] Level 1:colcon.colcon_core.environment:checking '/home/pbear/Opentopic_ws/install/turtlesim_plus_interfaces/bin'
[1.952s] INFO:colcon.colcon_core.shell:Creating package script '/home/pbear/Opentopic_ws/install/turtlesim_plus_interfaces/share/turtlesim_plus_interfaces/package.ps1'
[1.953s] INFO:colcon.colcon_core.shell:Creating package descriptor '/home/pbear/Opentopic_ws/install/turtlesim_plus_interfaces/share/turtlesim_plus_interfaces/package.dsv'
[1.953s] INFO:colcon.colcon_core.shell:Creating package script '/home/pbear/Opentopic_ws/install/turtlesim_plus_interfaces/share/turtlesim_plus_interfaces/package.sh'
[1.954s] INFO:colcon.colcon_core.shell:Creating package script '/home/pbear/Opentopic_ws/install/turtlesim_plus_interfaces/share/turtlesim_plus_interfaces/package.bash'
[1.954s] INFO:colcon.colcon_core.shell:Creating package script '/home/pbear/Opentopic_ws/install/turtlesim_plus_interfaces/share/turtlesim_plus_interfaces/package.zsh'
[1.955s] Level 1:colcon.colcon_core.environment:create_file_with_runtime_dependencies(/home/pbear/Opentopic_ws/install/turtlesim_plus_interfaces/share/colcon-core/packages/turtlesim_plus_interfaces)
[1.955s] DEBUG:colcon.colcon_parallel_executor.executor.parallel:closing loop
[1.955s] DEBUG:colcon.colcon_parallel_executor.executor.parallel:loop closed
[1.955s] DEBUG:colcon.colcon_parallel_executor.executor.parallel:run_until_complete finished with '0'
[1.955s] DEBUG:colcon.colcon_core.event_reactor:joining thread
[1.963s] INFO:colcon.colcon_core.plugin_system:Skipping extension 'colcon_notification.desktop_notification.terminal_notifier': Not used on non-Darwin systems
[1.963s] INFO:colcon.colcon_core.plugin_system:Skipping extension 'colcon_notification.desktop_notification.win32': Not used on non-Windows systems
[1.963s] INFO:colcon.colcon_notification.desktop_notification:Sending desktop notification using 'notify2'
[1.978s] DEBUG:colcon.colcon_core.event_reactor:joined thread
[1.979s] INFO:colcon.colcon_core.shell:Creating prefix script '/home/pbear/Opentopic_ws/install/local_setup.ps1'
[1.981s] INFO:colcon.colcon_core.shell:Creating prefix util module '/home/pbear/Opentopic_ws/install/_local_setup_util_ps1.py'
[1.982s] INFO:colcon.colcon_core.shell:Creating prefix chain script '/home/pbear/Opentopic_ws/install/setup.ps1'
[1.984s] INFO:colcon.colcon_core.shell:Creating prefix script '/home/pbear/Opentopic_ws/install/local_setup.sh'
[1.985s] INFO:colcon.colcon_core.shell:Creating prefix util module '/home/pbear/Opentopic_ws/install/_local_setup_util_sh.py'
[1.986s] INFO:colcon.colcon_core.shell:Creating prefix chain script '/home/pbear/Opentopic_ws/install/setup.sh'
[1.988s] INFO:colcon.colcon_core.shell:Creating prefix script '/home/pbear/Opentopic_ws/install/local_setup.bash'
[1.989s] INFO:colcon.colcon_core.shell:Creating prefix chain script '/home/pbear/Opentopic_ws/install/setup.bash'
[1.991s] INFO:colcon.colcon_core.shell:Creating prefix script '/home/pbear/Opentopic_ws/install/local_setup.zsh'
[1.991s] INFO:colcon.colcon_core.shell:Creating prefix chain script '/home/pbear/Opentopic_ws/install/setup.zsh'
