[0.029s] Invoking command in '/home/pbear/Opentopic_ws/build/turtlesim_plus': CMAKE_PREFIX_PATH=${CMAKE_PREFIX_PATH}:/opt/ros/humble /usr/bin/cmake /home/pbear/Opentopic_ws/src/turtlesim_plus -DCMAKE_INSTALL_PREFIX=/home/pbear/Opentopic_ws/install/turtlesim_plus
[0.113s] -- The C compiler identification is GNU 11.4.0
[0.201s] -- The CXX compiler identification is GNU 11.4.0
[0.213s] -- Detecting C compiler ABI info
[0.324s] -- Detecting C compiler ABI info - done
[0.333s] -- Check for working C compiler: /usr/bin/cc - skipped
[0.333s] -- Detecting C compile features
[0.334s] -- Detecting C compile features - done
[0.338s] -- Detecting CXX compiler ABI info
[0.462s] -- Detecting CXX compiler ABI info - done
[0.471s] -- Check for working CXX compiler: /usr/bin/c++ - skipped
[0.471s] -- Detecting CXX compile features
[0.472s] -- Detecting CXX compile features - done
[0.478s] -- Found ament_cmake: 1.3.8 (/opt/ros/humble/share/ament_cmake/cmake)
[0.732s] -- Found Python3: /usr/bin/python3 (found version "3.10.12") found components: Interpreter 
[0.907s] -- Found rclcpp: 16.0.8 (/opt/ros/humble/share/rclcpp/cmake)
[0.997s] -- Found rosidl_generator_c: 3.1.5 (/opt/ros/humble/share/rosidl_generator_c/cmake)
[1.010s] -- Found rosidl_adapter: 3.1.5 (/opt/ros/humble/share/rosidl_adapter/cmake)
[1.027s] -- Found rosidl_generator_cpp: 3.1.5 (/opt/ros/humble/share/rosidl_generator_cpp/cmake)
[1.052s] -- Using all available rosidl_typesupport_c: rosidl_typesupport_fastrtps_c;rosidl_typesupport_introspection_c
[1.087s] -- Using all available rosidl_typesupport_cpp: rosidl_typesupport_fastrtps_cpp;rosidl_typesupport_introspection_cpp
[1.210s] -- Found rmw_implementation_cmake: 6.1.1 (/opt/ros/humble/share/rmw_implementation_cmake/cmake)
[1.217s] -- Found rmw_fastrtps_cpp: 6.2.6 (/opt/ros/humble/share/rmw_fastrtps_cpp/cmake)
[1.415s] -- Found OpenSSL: /usr/lib/x86_64-linux-gnu/libcrypto.so (found version "3.0.2")  
[1.463s] -- Found FastRTPS: /opt/ros/humble/include  
[1.546s] -- Using RMW implementation 'rmw_fastrtps_cpp' as default
[1.571s] -- Looking for pthread.h
[1.690s] -- Looking for pthread.h - found
[1.690s] -- Performing Test CMAKE_HAVE_LIBC_PTHREAD
[1.807s] -- Performing Test CMAKE_HAVE_LIBC_PTHREAD - Success
[1.809s] -- Found Threads: TRUE  
[2.034s] -- Found rclpy: 3.3.12 (/opt/ros/humble/share/rclpy/cmake)
[2.266s] -- Configuring done
[2.276s] -- Generating done
[2.279s] -- Build files have been written to: /home/pbear/Opentopic_ws/build/turtlesim_plus
[2.294s] Invoked command in '/home/pbear/Opentopic_ws/build/turtlesim_plus' returned '0': CMAKE_PREFIX_PATH=${CMAKE_PREFIX_PATH}:/opt/ros/humble /usr/bin/cmake /home/pbear/Opentopic_ws/src/turtlesim_plus -DCMAKE_INSTALL_PREFIX=/home/pbear/Opentopic_ws/install/turtlesim_plus
[2.297s] Invoking command in '/home/pbear/Opentopic_ws/build/turtlesim_plus': CMAKE_PREFIX_PATH=${CMAKE_PREFIX_PATH}:/opt/ros/humble /usr/bin/cmake --build /home/pbear/Opentopic_ws/build/turtlesim_plus -- -j16 -l16
[2.394s] Built target ament_cmake_python_copy_turtlesim_plus
[2.729s] running egg_info
[2.730s] creating turtlesim_plus.egg-info
[2.730s] writing turtlesim_plus.egg-info/PKG-INFO
[2.730s] writing dependency_links to turtlesim_plus.egg-info/dependency_links.txt
[2.730s] writing top-level names to turtlesim_plus.egg-info/top_level.txt
[2.731s] writing manifest file 'turtlesim_plus.egg-info/SOURCES.txt'
[2.733s] reading manifest file 'turtlesim_plus.egg-info/SOURCES.txt'
[2.734s] writing manifest file 'turtlesim_plus.egg-info/SOURCES.txt'
[2.779s] Built target ament_cmake_python_build_turtlesim_plus_egg
[2.799s] Invoked command in '/home/pbear/Opentopic_ws/build/turtlesim_plus' returned '0': CMAKE_PREFIX_PATH=${CMAKE_PREFIX_PATH}:/opt/ros/humble /usr/bin/cmake --build /home/pbear/Opentopic_ws/build/turtlesim_plus -- -j16 -l16
[2.849s] Invoking command in '/home/pbear/Opentopic_ws/build/turtlesim_plus': CMAKE_PREFIX_PATH=${CMAKE_PREFIX_PATH}:/opt/ros/humble /usr/bin/cmake --install /home/pbear/Opentopic_ws/build/turtlesim_plus
[2.860s] -- Install configuration: ""
[2.860s] -- Installing: /home/pbear/Opentopic_ws/install/turtlesim_plus/share/turtlesim_plus/environment/pythonpath.sh
[2.861s] -- Installing: /home/pbear/Opentopic_ws/install/turtlesim_plus/share/turtlesim_plus/environment/pythonpath.dsv
[2.861s] -- Installing: /home/pbear/Opentopic_ws/install/turtlesim_plus/local/lib/python3.10/dist-packages/turtlesim_plus-1.0.0-py3.10.egg-info
[2.861s] -- Installing: /home/pbear/Opentopic_ws/install/turtlesim_plus/local/lib/python3.10/dist-packages/turtlesim_plus-1.0.0-py3.10.egg-info/PKG-INFO
[2.861s] -- Installing: /home/pbear/Opentopic_ws/install/turtlesim_plus/local/lib/python3.10/dist-packages/turtlesim_plus-1.0.0-py3.10.egg-info/top_level.txt
[2.862s] -- Installing: /home/pbear/Opentopic_ws/install/turtlesim_plus/local/lib/python3.10/dist-packages/turtlesim_plus-1.0.0-py3.10.egg-info/dependency_links.txt
[2.862s] -- Installing: /home/pbear/Opentopic_ws/install/turtlesim_plus/local/lib/python3.10/dist-packages/turtlesim_plus-1.0.0-py3.10.egg-info/SOURCES.txt
[2.862s] -- Installing: /home/pbear/Opentopic_ws/install/turtlesim_plus/local/lib/python3.10/dist-packages/turtlesim_plus
[2.862s] -- Installing: /home/pbear/Opentopic_ws/install/turtlesim_plus/local/lib/python3.10/dist-packages/turtlesim_plus/entity.py
[2.862s] -- Installing: /home/pbear/Opentopic_ws/install/turtlesim_plus/local/lib/python3.10/dist-packages/turtlesim_plus/__init__.py
[2.862s] -- Installing: /home/pbear/Opentopic_ws/install/turtlesim_plus/local/lib/python3.10/dist-packages/turtlesim_plus/image
[2.862s] -- Installing: /home/pbear/Opentopic_ws/install/turtlesim_plus/local/lib/python3.10/dist-packages/turtlesim_plus/image/turtle
[2.862s] -- Installing: /home/pbear/Opentopic_ws/install/turtlesim_plus/local/lib/python3.10/dist-packages/turtlesim_plus/image/turtle/rolling.png
[2.862s] -- Installing: /home/pbear/Opentopic_ws/install/turtlesim_plus/local/lib/python3.10/dist-packages/turtlesim_plus/image/turtle/humble.png
[2.863s] -- Installing: /home/pbear/Opentopic_ws/install/turtlesim_plus/local/lib/python3.10/dist-packages/turtlesim_plus/image/turtle/foxy.png
[2.863s] -- Installing: /home/pbear/Opentopic_ws/install/turtlesim_plus/local/lib/python3.10/dist-packages/turtlesim_plus/image/turtle/galactic.png
[2.863s] -- Installing: /home/pbear/Opentopic_ws/install/turtlesim_plus/local/lib/python3.10/dist-packages/turtlesim_plus/image/turtle/bouncy.png
[2.863s] -- Installing: /home/pbear/Opentopic_ws/install/turtlesim_plus/local/lib/python3.10/dist-packages/turtlesim_plus/image/turtle/otto.png
[2.863s] -- Installing: /home/pbear/Opentopic_ws/install/turtlesim_plus/local/lib/python3.10/dist-packages/turtlesim_plus/image/turtle/eloquent.png
[2.864s] -- Installing: /home/pbear/Opentopic_ws/install/turtlesim_plus/local/lib/python3.10/dist-packages/turtlesim_plus/image/turtle/dashing.png
[2.864s] -- Installing: /home/pbear/Opentopic_ws/install/turtlesim_plus/local/lib/python3.10/dist-packages/turtlesim_plus/image/turtle/ardent.png
[2.864s] -- Installing: /home/pbear/Opentopic_ws/install/turtlesim_plus/local/lib/python3.10/dist-packages/turtlesim_plus/image/turtle/crystal.png
[2.864s] -- Installing: /home/pbear/Opentopic_ws/install/turtlesim_plus/local/lib/python3.10/dist-packages/turtlesim_plus/image/map
[2.864s] -- Installing: /home/pbear/Opentopic_ws/install/turtlesim_plus/local/lib/python3.10/dist-packages/turtlesim_plus/image/map/map.png
[2.865s] -- Installing: /home/pbear/Opentopic_ws/install/turtlesim_plus/local/lib/python3.10/dist-packages/turtlesim_plus/image/object
[2.865s] -- Installing: /home/pbear/Opentopic_ws/install/turtlesim_plus/local/lib/python3.10/dist-packages/turtlesim_plus/image/object/parcel.png
[2.865s] -- Installing: /home/pbear/Opentopic_ws/install/turtlesim_plus/local/lib/python3.10/dist-packages/turtlesim_plus/image/object/pizza.png
[2.865s] -- Installing: /home/pbear/Opentopic_ws/install/turtlesim_plus/local/lib/python3.10/dist-packages/turtlesim_plus/ros2_plugins.py
[2.923s] Listing '/home/pbear/Opentopic_ws/install/turtlesim_plus/local/lib/python3.10/dist-packages/turtlesim_plus'...
[2.923s] Compiling '/home/pbear/Opentopic_ws/install/turtlesim_plus/local/lib/python3.10/dist-packages/turtlesim_plus/__init__.py'...
[2.923s] Compiling '/home/pbear/Opentopic_ws/install/turtlesim_plus/local/lib/python3.10/dist-packages/turtlesim_plus/entity.py'...
[2.923s] Listing '/home/pbear/Opentopic_ws/install/turtlesim_plus/local/lib/python3.10/dist-packages/turtlesim_plus/image'...
[2.924s] Listing '/home/pbear/Opentopic_ws/install/turtlesim_plus/local/lib/python3.10/dist-packages/turtlesim_plus/image/map'...
[2.924s] Listing '/home/pbear/Opentopic_ws/install/turtlesim_plus/local/lib/python3.10/dist-packages/turtlesim_plus/image/object'...
[2.924s] Listing '/home/pbear/Opentopic_ws/install/turtlesim_plus/local/lib/python3.10/dist-packages/turtlesim_plus/image/turtle'...
[2.924s] Compiling '/home/pbear/Opentopic_ws/install/turtlesim_plus/local/lib/python3.10/dist-packages/turtlesim_plus/ros2_plugins.py'...
[2.930s] -- Installing: /home/pbear/Opentopic_ws/install/turtlesim_plus/lib/turtlesim_plus/turtlesim_plus_node.py
[2.930s] -- Installing: /home/pbear/Opentopic_ws/install/turtlesim_plus/lib/turtlesim_plus/pizza_on_click.py
[2.931s] -- Up-to-date: /home/pbear/Opentopic_ws/install/turtlesim_plus/share/turtlesim_plus
[2.931s] -- Installing: /home/pbear/Opentopic_ws/install/turtlesim_plus/share/ament_index/resource_index/package_run_dependencies/turtlesim_plus
[2.931s] -- Installing: /home/pbear/Opentopic_ws/install/turtlesim_plus/share/ament_index/resource_index/parent_prefix_path/turtlesim_plus
[2.932s] -- Installing: /home/pbear/Opentopic_ws/install/turtlesim_plus/share/turtlesim_plus/environment/ament_prefix_path.sh
[2.932s] -- Installing: /home/pbear/Opentopic_ws/install/turtlesim_plus/share/turtlesim_plus/environment/ament_prefix_path.dsv
[2.932s] -- Installing: /home/pbear/Opentopic_ws/install/turtlesim_plus/share/turtlesim_plus/environment/path.sh
[2.932s] -- Installing: /home/pbear/Opentopic_ws/install/turtlesim_plus/share/turtlesim_plus/environment/path.dsv
[2.933s] -- Installing: /home/pbear/Opentopic_ws/install/turtlesim_plus/share/turtlesim_plus/local_setup.bash
[2.933s] -- Installing: /home/pbear/Opentopic_ws/install/turtlesim_plus/share/turtlesim_plus/local_setup.sh
[2.933s] -- Installing: /home/pbear/Opentopic_ws/install/turtlesim_plus/share/turtlesim_plus/local_setup.zsh
[2.933s] -- Installing: /home/pbear/Opentopic_ws/install/turtlesim_plus/share/turtlesim_plus/local_setup.dsv
[2.933s] -- Installing: /home/pbear/Opentopic_ws/install/turtlesim_plus/share/turtlesim_plus/package.dsv
[2.933s] -- Installing: /home/pbear/Opentopic_ws/install/turtlesim_plus/share/ament_index/resource_index/packages/turtlesim_plus
[2.934s] -- Installing: /home/pbear/Opentopic_ws/install/turtlesim_plus/share/turtlesim_plus/cmake/turtlesim_plusConfig.cmake
[2.934s] -- Installing: /home/pbear/Opentopic_ws/install/turtlesim_plus/share/turtlesim_plus/cmake/turtlesim_plusConfig-version.cmake
[2.934s] -- Installing: /home/pbear/Opentopic_ws/install/turtlesim_plus/share/turtlesim_plus/package.xml
[2.938s] Invoked command in '/home/pbear/Opentopic_ws/build/turtlesim_plus' returned '0': CMAKE_PREFIX_PATH=${CMAKE_PREFIX_PATH}:/opt/ros/humble /usr/bin/cmake --install /home/pbear/Opentopic_ws/build/turtlesim_plus
