[0.014s] Invoking command in '/home/pbear/Opentopic_ws/build/axebot_gazebo': AMENT_PREFIX_PATH=/home/pbear/Opentopic_ws/install/axebot_description:${AMENT_PREFIX_PATH} CMAKE_PREFIX_PATH=/home/pbear/Opentopic_ws/install/axebot_description:/home/pbear/fra501_ws/install/xicro_pkg:/home/pbear/fra501_ws/install/xicro_interfaces:/home/pbear/fra501_ws/install/turtlesim_plus_interfaces:/home/pbear/fra501_ws/install/turtlesim_plus:/home/pbear/fra501_ws/install/turtlesim_interfaces:/home/pbear/fra501_ws/install/turtlesim_control:/home/pbear/fra501_ws/install/software_integration:/home/pbear/fra501_ws/install/noob_gazebo:/home/pbear/fra501_ws/install/noob_description:/home/pbear/fra501_ws/install/my_controller_interfaces:/home/pbear/fra501_ws/install/my_controller:/home/pbear/fra501_ws/install/megarover_samples_ros2:/home/pbear/fra501_ws/install/example_description:/home/pbear/FRA501_exam1_6417_6440/install/turtlesim_plus_interfaces:/home/pbear/FRA501_exam1_6417_6440/install/turtlesim_plus:/home/pbear/FRA501_exam1_6417_6440/install/turtle_control:/opt/ros/humble /usr/bin/cmake /home/pbear/Opentopic_ws/src/axebot/axebot_gazebo -DCMAKE_INSTALL_PREFIX=/home/pbear/Opentopic_ws/install/axebot_gazebo
[0.098s] -- The C compiler identification is GNU 11.4.0
[0.179s] -- The CXX compiler identification is GNU 11.4.0
[0.190s] -- Detecting C compiler ABI info
[0.295s] -- Detecting C compiler ABI info - done
[0.305s] -- Check for working C compiler: /usr/bin/cc - skipped
[0.306s] -- Detecting C compile features
[0.306s] -- Detecting C compile features - done
[0.310s] -- Detecting CXX compiler ABI info
[0.433s] -- Detecting CXX compiler ABI info - done
[0.443s] -- Check for working CXX compiler: /usr/bin/c++ - skipped
[0.443s] -- Detecting CXX compile features
[0.444s] -- Detecting CXX compile features - done
[0.451s] -- Found ament_cmake: 1.3.8 (/opt/ros/humble/share/ament_cmake/cmake)
[0.708s] -- Found Python3: /usr/bin/python3 (found version "3.10.12") found components: Interpreter 
[0.886s] -- Found ament_lint_auto: 0.12.10 (/opt/ros/humble/share/ament_lint_auto/cmake)
[1.050s] -- Added test 'copyright' to check source files copyright and LICENSE
[1.052s] -- Added test 'flake8' to check Python code syntax and style conventions
[1.053s] -- Added test 'lint_cmake' to check CMake code style
[1.054s] -- Added test 'pep257' to check Python code against some of the docstring style conventions in PEP 257
[1.055s] -- Added test 'xmllint' to check XML markup files
[1.058s] -- Configuring done
[1.062s] -- Generating done
[1.064s] -- Build files have been written to: /home/pbear/Opentopic_ws/build/axebot_gazebo
[1.069s] Invoked command in '/home/pbear/Opentopic_ws/build/axebot_gazebo' returned '0': AMENT_PREFIX_PATH=/home/pbear/Opentopic_ws/install/axebot_description:${AMENT_PREFIX_PATH} CMAKE_PREFIX_PATH=/home/pbear/Opentopic_ws/install/axebot_description:/home/pbear/fra501_ws/install/xicro_pkg:/home/pbear/fra501_ws/install/xicro_interfaces:/home/pbear/fra501_ws/install/turtlesim_plus_interfaces:/home/pbear/fra501_ws/install/turtlesim_plus:/home/pbear/fra501_ws/install/turtlesim_interfaces:/home/pbear/fra501_ws/install/turtlesim_control:/home/pbear/fra501_ws/install/software_integration:/home/pbear/fra501_ws/install/noob_gazebo:/home/pbear/fra501_ws/install/noob_description:/home/pbear/fra501_ws/install/my_controller_interfaces:/home/pbear/fra501_ws/install/my_controller:/home/pbear/fra501_ws/install/megarover_samples_ros2:/home/pbear/fra501_ws/install/example_description:/home/pbear/FRA501_exam1_6417_6440/install/turtlesim_plus_interfaces:/home/pbear/FRA501_exam1_6417_6440/install/turtlesim_plus:/home/pbear/FRA501_exam1_6417_6440/install/turtle_control:/opt/ros/humble /usr/bin/cmake /home/pbear/Opentopic_ws/src/axebot/axebot_gazebo -DCMAKE_INSTALL_PREFIX=/home/pbear/Opentopic_ws/install/axebot_gazebo
[1.072s] Invoking command in '/home/pbear/Opentopic_ws/build/axebot_gazebo': AMENT_PREFIX_PATH=/home/pbear/Opentopic_ws/install/axebot_description:${AMENT_PREFIX_PATH} CMAKE_PREFIX_PATH=/home/pbear/Opentopic_ws/install/axebot_description:/home/pbear/fra501_ws/install/xicro_pkg:/home/pbear/fra501_ws/install/xicro_interfaces:/home/pbear/fra501_ws/install/turtlesim_plus_interfaces:/home/pbear/fra501_ws/install/turtlesim_plus:/home/pbear/fra501_ws/install/turtlesim_interfaces:/home/pbear/fra501_ws/install/turtlesim_control:/home/pbear/fra501_ws/install/software_integration:/home/pbear/fra501_ws/install/noob_gazebo:/home/pbear/fra501_ws/install/noob_description:/home/pbear/fra501_ws/install/my_controller_interfaces:/home/pbear/fra501_ws/install/my_controller:/home/pbear/fra501_ws/install/megarover_samples_ros2:/home/pbear/fra501_ws/install/example_description:/home/pbear/FRA501_exam1_6417_6440/install/turtlesim_plus_interfaces:/home/pbear/FRA501_exam1_6417_6440/install/turtlesim_plus:/home/pbear/FRA501_exam1_6417_6440/install/turtle_control:/opt/ros/humble /usr/bin/cmake --build /home/pbear/Opentopic_ws/build/axebot_gazebo -- -j16 -l16
[1.139s] Invoked command in '/home/pbear/Opentopic_ws/build/axebot_gazebo' returned '0': AMENT_PREFIX_PATH=/home/pbear/Opentopic_ws/install/axebot_description:${AMENT_PREFIX_PATH} CMAKE_PREFIX_PATH=/home/pbear/Opentopic_ws/install/axebot_description:/home/pbear/fra501_ws/install/xicro_pkg:/home/pbear/fra501_ws/install/xicro_interfaces:/home/pbear/fra501_ws/install/turtlesim_plus_interfaces:/home/pbear/fra501_ws/install/turtlesim_plus:/home/pbear/fra501_ws/install/turtlesim_interfaces:/home/pbear/fra501_ws/install/turtlesim_control:/home/pbear/fra501_ws/install/software_integration:/home/pbear/fra501_ws/install/noob_gazebo:/home/pbear/fra501_ws/install/noob_description:/home/pbear/fra501_ws/install/my_controller_interfaces:/home/pbear/fra501_ws/install/my_controller:/home/pbear/fra501_ws/install/megarover_samples_ros2:/home/pbear/fra501_ws/install/example_description:/home/pbear/FRA501_exam1_6417_6440/install/turtlesim_plus_interfaces:/home/pbear/FRA501_exam1_6417_6440/install/turtlesim_plus:/home/pbear/FRA501_exam1_6417_6440/install/turtle_control:/opt/ros/humble /usr/bin/cmake --build /home/pbear/Opentopic_ws/build/axebot_gazebo -- -j16 -l16
[1.186s] Invoking command in '/home/pbear/Opentopic_ws/build/axebot_gazebo': AMENT_PREFIX_PATH=/home/pbear/Opentopic_ws/install/axebot_description:${AMENT_PREFIX_PATH} CMAKE_PREFIX_PATH=/home/pbear/Opentopic_ws/install/axebot_description:/home/pbear/fra501_ws/install/xicro_pkg:/home/pbear/fra501_ws/install/xicro_interfaces:/home/pbear/fra501_ws/install/turtlesim_plus_interfaces:/home/pbear/fra501_ws/install/turtlesim_plus:/home/pbear/fra501_ws/install/turtlesim_interfaces:/home/pbear/fra501_ws/install/turtlesim_control:/home/pbear/fra501_ws/install/software_integration:/home/pbear/fra501_ws/install/noob_gazebo:/home/pbear/fra501_ws/install/noob_description:/home/pbear/fra501_ws/install/my_controller_interfaces:/home/pbear/fra501_ws/install/my_controller:/home/pbear/fra501_ws/install/megarover_samples_ros2:/home/pbear/fra501_ws/install/example_description:/home/pbear/FRA501_exam1_6417_6440/install/turtlesim_plus_interfaces:/home/pbear/FRA501_exam1_6417_6440/install/turtlesim_plus:/home/pbear/FRA501_exam1_6417_6440/install/turtle_control:/opt/ros/humble /usr/bin/cmake --install /home/pbear/Opentopic_ws/build/axebot_gazebo
[1.197s] -- Install configuration: ""
[1.197s] -- Installing: /home/pbear/Opentopic_ws/install/axebot_gazebo/share/axebot_gazebo/launch
[1.197s] -- Installing: /home/pbear/Opentopic_ws/install/axebot_gazebo/share/axebot_gazebo/launch/axebot.launch.py
[1.198s] -- Installing: /home/pbear/Opentopic_ws/install/axebot_gazebo/share/ament_index/resource_index/package_run_dependencies/axebot_gazebo
[1.198s] -- Installing: /home/pbear/Opentopic_ws/install/axebot_gazebo/share/ament_index/resource_index/parent_prefix_path/axebot_gazebo
[1.198s] -- Installing: /home/pbear/Opentopic_ws/install/axebot_gazebo/share/axebot_gazebo/environment/ament_prefix_path.sh
[1.198s] -- Installing: /home/pbear/Opentopic_ws/install/axebot_gazebo/share/axebot_gazebo/environment/ament_prefix_path.dsv
[1.199s] -- Installing: /home/pbear/Opentopic_ws/install/axebot_gazebo/share/axebot_gazebo/environment/path.sh
[1.199s] -- Installing: /home/pbear/Opentopic_ws/install/axebot_gazebo/share/axebot_gazebo/environment/path.dsv
[1.199s] -- Installing: /home/pbear/Opentopic_ws/install/axebot_gazebo/share/axebot_gazebo/local_setup.bash
[1.199s] -- Installing: /home/pbear/Opentopic_ws/install/axebot_gazebo/share/axebot_gazebo/local_setup.sh
[1.200s] -- Installing: /home/pbear/Opentopic_ws/install/axebot_gazebo/share/axebot_gazebo/local_setup.zsh
[1.200s] -- Installing: /home/pbear/Opentopic_ws/install/axebot_gazebo/share/axebot_gazebo/local_setup.dsv
[1.200s] -- Installing: /home/pbear/Opentopic_ws/install/axebot_gazebo/share/axebot_gazebo/package.dsv
[1.200s] -- Installing: /home/pbear/Opentopic_ws/install/axebot_gazebo/share/ament_index/resource_index/packages/axebot_gazebo
[1.201s] -- Installing: /home/pbear/Opentopic_ws/install/axebot_gazebo/share/axebot_gazebo/cmake/axebot_gazeboConfig.cmake
[1.201s] -- Installing: /home/pbear/Opentopic_ws/install/axebot_gazebo/share/axebot_gazebo/cmake/axebot_gazeboConfig-version.cmake
[1.201s] -- Installing: /home/pbear/Opentopic_ws/install/axebot_gazebo/share/axebot_gazebo/package.xml
[1.205s] Invoked command in '/home/pbear/Opentopic_ws/build/axebot_gazebo' returned '0': AMENT_PREFIX_PATH=/home/pbear/Opentopic_ws/install/axebot_description:${AMENT_PREFIX_PATH} CMAKE_PREFIX_PATH=/home/pbear/Opentopic_ws/install/axebot_description:/home/pbear/fra501_ws/install/xicro_pkg:/home/pbear/fra501_ws/install/xicro_interfaces:/home/pbear/fra501_ws/install/turtlesim_plus_interfaces:/home/pbear/fra501_ws/install/turtlesim_plus:/home/pbear/fra501_ws/install/turtlesim_interfaces:/home/pbear/fra501_ws/install/turtlesim_control:/home/pbear/fra501_ws/install/software_integration:/home/pbear/fra501_ws/install/noob_gazebo:/home/pbear/fra501_ws/install/noob_description:/home/pbear/fra501_ws/install/my_controller_interfaces:/home/pbear/fra501_ws/install/my_controller:/home/pbear/fra501_ws/install/megarover_samples_ros2:/home/pbear/fra501_ws/install/example_description:/home/pbear/FRA501_exam1_6417_6440/install/turtlesim_plus_interfaces:/home/pbear/FRA501_exam1_6417_6440/install/turtlesim_plus:/home/pbear/FRA501_exam1_6417_6440/install/turtle_control:/opt/ros/humble /usr/bin/cmake --install /home/pbear/Opentopic_ws/build/axebot_gazebo
