[0.042s] Invoking command in '/home/pbear/Opentopic_ws/build/axebot_description': CMAKE_PREFIX_PATH=${CMAKE_PREFIX_PATH}:/opt/ros/humble /usr/bin/cmake --build /home/pbear/Opentopic_ws/build/axebot_description -- -j16 -l16
[0.104s] Invoked command in '/home/pbear/Opentopic_ws/build/axebot_description' returned '0': CMAKE_PREFIX_PATH=${CMAKE_PREFIX_PATH}:/opt/ros/humble /usr/bin/cmake --build /home/pbear/Opentopic_ws/build/axebot_description -- -j16 -l16
[0.171s] Invoking command in '/home/pbear/Opentopic_ws/build/axebot_description': CMAKE_PREFIX_PATH=${CMAKE_PREFIX_PATH}:/opt/ros/humble /usr/bin/cmake --install /home/pbear/Opentopic_ws/build/axebot_description
[0.187s] -- Install configuration: ""
[0.188s] -- Up-to-date: /home/pbear/Opentopic_ws/install/axebot_description/share/axebot_description//launch
[0.190s] -- Up-to-date: /home/pbear/Opentopic_ws/install/axebot_description/share/axebot_description//launch/view_robot.launch.py
[0.190s] -- Up-to-date: /home/pbear/Opentopic_ws/install/axebot_description/share/axebot_description//config
[0.191s] -- Up-to-date: /home/pbear/Opentopic_ws/install/axebot_description/share/axebot_description//config/wheel_only.rviz
[0.191s] -- Up-to-date: /home/pbear/Opentopic_ws/install/axebot_description/share/axebot_description//config/axebot.rviz
[0.191s] -- Up-to-date: /home/pbear/Opentopic_ws/install/axebot_description/share/axebot_description//urdf
[0.191s] -- Up-to-date: /home/pbear/Opentopic_ws/install/axebot_description/share/axebot_description//urdf/ros2_control.urdf.xacro
[0.191s] -- Up-to-date: /home/pbear/Opentopic_ws/install/axebot_description/share/axebot_description//urdf/materials.urdf.xacro
[0.191s] -- Up-to-date: /home/pbear/Opentopic_ws/install/axebot_description/share/axebot_description//urdf/gazebo.urdf.xacro
[0.191s] -- Up-to-date: /home/pbear/Opentopic_ws/install/axebot_description/share/axebot_description//urdf/wheel.urdf.xacro
[0.191s] -- Up-to-date: /home/pbear/Opentopic_ws/install/axebot_description/share/axebot_description//urdf/axebot.urdf.xacro
[0.191s] -- Up-to-date: /home/pbear/Opentopic_ws/install/axebot_description/share/axebot_description//meshes
[0.192s] -- Up-to-date: /home/pbear/Opentopic_ws/install/axebot_description/share/axebot_description//meshes/rim.stl
[0.192s] -- Up-to-date: /home/pbear/Opentopic_ws/install/axebot_description/share/axebot_description//meshes/wheel-collision.dae
[0.192s] -- Up-to-date: /home/pbear/Opentopic_ws/install/axebot_description/share/axebot_description//meshes/roller.stl
[0.192s] -- Up-to-date: /home/pbear/Opentopic_ws/install/axebot_description/share/ament_index/resource_index/package_run_dependencies/axebot_description
[0.192s] -- Up-to-date: /home/pbear/Opentopic_ws/install/axebot_description/share/ament_index/resource_index/parent_prefix_path/axebot_description
[0.192s] -- Up-to-date: /home/pbear/Opentopic_ws/install/axebot_description/share/axebot_description/environment/ament_prefix_path.sh
[0.192s] -- Up-to-date: /home/pbear/Opentopic_ws/install/axebot_description/share/axebot_description/environment/ament_prefix_path.dsv
[0.192s] -- Up-to-date: /home/pbear/Opentopic_ws/install/axebot_description/share/axebot_description/environment/path.sh
[0.192s] -- Up-to-date: /home/pbear/Opentopic_ws/install/axebot_description/share/axebot_description/environment/path.dsv
[0.193s] -- Up-to-date: /home/pbear/Opentopic_ws/install/axebot_description/share/axebot_description/local_setup.bash
[0.193s] -- Up-to-date: /home/pbear/Opentopic_ws/install/axebot_description/share/axebot_description/local_setup.sh
[0.193s] -- Up-to-date: /home/pbear/Opentopic_ws/install/axebot_description/share/axebot_description/local_setup.zsh
[0.193s] -- Up-to-date: /home/pbear/Opentopic_ws/install/axebot_description/share/axebot_description/local_setup.dsv
[0.193s] -- Installing: /home/pbear/Opentopic_ws/install/axebot_description/share/axebot_description/package.dsv
[0.193s] -- Up-to-date: /home/pbear/Opentopic_ws/install/axebot_description/share/ament_index/resource_index/packages/axebot_description
[0.193s] -- Up-to-date: /home/pbear/Opentopic_ws/install/axebot_description/share/axebot_description/cmake/axebot_descriptionConfig.cmake
[0.194s] -- Up-to-date: /home/pbear/Opentopic_ws/install/axebot_description/share/axebot_description/cmake/axebot_descriptionConfig-version.cmake
[0.194s] -- Up-to-date: /home/pbear/Opentopic_ws/install/axebot_description/share/axebot_description/package.xml
[0.199s] Invoked command in '/home/pbear/Opentopic_ws/build/axebot_description' returned '0': CMAKE_PREFIX_PATH=${CMAKE_PREFIX_PATH}:/opt/ros/humble /usr/bin/cmake --install /home/pbear/Opentopic_ws/build/axebot_description
