[0.036s] Invoking command in '/home/pbear/Opentopic_ws/build/omnidirectional_controllers': CMAKE_PREFIX_PATH=${CMAKE_PREFIX_PATH}:/opt/ros/humble /usr/bin/cmake --build /home/pbear/Opentopic_ws/build/omnidirectional_controllers -- -j16 -l16
[0.119s] [  9%] Built target odometry
[0.120s] [ 19%] Built target kinematics
[0.121s] [ 28%] Built target gmock_main
[0.125s] [ 42%] Built target gmock
[0.171s] [ 61%] Built target test_kinematics
[0.172s] [ 80%] Built target omnidirectional_controllers
[0.175s] [100%] Built target test_odometry
[0.196s] Invoked command in '/home/pbear/Opentopic_ws/build/omnidirectional_controllers' returned '0': CMAKE_PREFIX_PATH=${CMAKE_PREFIX_PATH}:/opt/ros/humble /usr/bin/cmake --build /home/pbear/Opentopic_ws/build/omnidirectional_controllers -- -j16 -l16
[0.279s] Invoking command in '/home/pbear/Opentopic_ws/build/omnidirectional_controllers': CMAKE_PREFIX_PATH=${CMAKE_PREFIX_PATH}:/opt/ros/humble /usr/bin/cmake --install /home/pbear/Opentopic_ws/build/omnidirectional_controllers
[0.290s] -- Install configuration: ""
[0.290s] -- Up-to-date: /home/pbear/Opentopic_ws/install/omnidirectional_controllers/share/omnidirectional_controllers/omnidirectional_plugin.xml
[0.290s] -- Up-to-date: /home/pbear/Opentopic_ws/install/omnidirectional_controllers/include
[0.291s] -- Up-to-date: /home/pbear/Opentopic_ws/install/omnidirectional_controllers/include/omnidirectional_controllers
[0.292s] -- Up-to-date: /home/pbear/Opentopic_ws/install/omnidirectional_controllers/include/omnidirectional_controllers/omnidirectional_controller.hpp
[0.293s] -- Up-to-date: /home/pbear/Opentopic_ws/install/omnidirectional_controllers/include/omnidirectional_controllers/types.hpp
[0.293s] -- Up-to-date: /home/pbear/Opentopic_ws/install/omnidirectional_controllers/include/omnidirectional_controllers/odometry.hpp
[0.293s] -- Up-to-date: /home/pbear/Opentopic_ws/install/omnidirectional_controllers/include/omnidirectional_controllers/kinematics.hpp
[0.293s] -- Up-to-date: /home/pbear/Opentopic_ws/install/omnidirectional_controllers/lib/libomnidirectional_controllers.so
[0.293s] -- Up-to-date: /home/pbear/Opentopic_ws/install/omnidirectional_controllers/share/omnidirectional_controllers/environment/library_path.sh
[0.293s] -- Up-to-date: /home/pbear/Opentopic_ws/install/omnidirectional_controllers/share/omnidirectional_controllers/environment/library_path.dsv
[0.293s] -- Up-to-date: /home/pbear/Opentopic_ws/install/omnidirectional_controllers/share/ament_index/resource_index/package_run_dependencies/omnidirectional_controllers
[0.293s] -- Up-to-date: /home/pbear/Opentopic_ws/install/omnidirectional_controllers/share/ament_index/resource_index/parent_prefix_path/omnidirectional_controllers
[0.293s] -- Up-to-date: /home/pbear/Opentopic_ws/install/omnidirectional_controllers/share/omnidirectional_controllers/environment/ament_prefix_path.sh
[0.293s] -- Up-to-date: /home/pbear/Opentopic_ws/install/omnidirectional_controllers/share/omnidirectional_controllers/environment/ament_prefix_path.dsv
[0.294s] -- Up-to-date: /home/pbear/Opentopic_ws/install/omnidirectional_controllers/share/omnidirectional_controllers/environment/path.sh
[0.294s] -- Up-to-date: /home/pbear/Opentopic_ws/install/omnidirectional_controllers/share/omnidirectional_controllers/environment/path.dsv
[0.294s] -- Up-to-date: /home/pbear/Opentopic_ws/install/omnidirectional_controllers/share/omnidirectional_controllers/local_setup.bash
[0.294s] -- Up-to-date: /home/pbear/Opentopic_ws/install/omnidirectional_controllers/share/omnidirectional_controllers/local_setup.sh
[0.294s] -- Up-to-date: /home/pbear/Opentopic_ws/install/omnidirectional_controllers/share/omnidirectional_controllers/local_setup.zsh
[0.294s] -- Up-to-date: /home/pbear/Opentopic_ws/install/omnidirectional_controllers/share/omnidirectional_controllers/local_setup.dsv
[0.294s] -- Installing: /home/pbear/Opentopic_ws/install/omnidirectional_controllers/share/omnidirectional_controllers/package.dsv
[0.295s] -- Up-to-date: /home/pbear/Opentopic_ws/install/omnidirectional_controllers/share/ament_index/resource_index/packages/omnidirectional_controllers
[0.295s] -- Up-to-date: /home/pbear/Opentopic_ws/install/omnidirectional_controllers/share/ament_index/resource_index/controller_interface__pluginlib__plugin/omnidirectional_controllers
[0.295s] -- Up-to-date: /home/pbear/Opentopic_ws/install/omnidirectional_controllers/share/omnidirectional_controllers/cmake/ament_cmake_export_dependencies-extras.cmake
[0.296s] -- Up-to-date: /home/pbear/Opentopic_ws/install/omnidirectional_controllers/share/omnidirectional_controllers/cmake/ament_cmake_export_include_directories-extras.cmake
[0.296s] -- Up-to-date: /home/pbear/Opentopic_ws/install/omnidirectional_controllers/share/omnidirectional_controllers/cmake/ament_cmake_export_libraries-extras.cmake
[0.296s] -- Up-to-date: /home/pbear/Opentopic_ws/install/omnidirectional_controllers/share/omnidirectional_controllers/cmake/omnidirectional_controllersConfig.cmake
[0.297s] -- Up-to-date: /home/pbear/Opentopic_ws/install/omnidirectional_controllers/share/omnidirectional_controllers/cmake/omnidirectional_controllersConfig-version.cmake
[0.297s] -- Up-to-date: /home/pbear/Opentopic_ws/install/omnidirectional_controllers/share/omnidirectional_controllers/package.xml
[0.308s] Invoked command in '/home/pbear/Opentopic_ws/build/omnidirectional_controllers' returned '0': CMAKE_PREFIX_PATH=${CMAKE_PREFIX_PATH}:/opt/ros/humble /usr/bin/cmake --install /home/pbear/Opentopic_ws/build/omnidirectional_controllers
