[0.037s] Invoking command in '/home/pbear/Opentopic_ws/build/axebot_control': CMAKE_PREFIX_PATH=${CMAKE_PREFIX_PATH}:/opt/ros/humble /usr/bin/cmake /home/pbear/Opentopic_ws/src/axebot/axebot_control -DCMAKE_INSTALL_PREFIX=/home/pbear/Opentopic_ws/install/axebot_control
[0.118s] -- The C compiler identification is GNU 11.4.0
[0.203s] -- The CXX compiler identification is GNU 11.4.0
[0.216s] -- Detecting C compiler ABI info
[0.330s] -- Detecting C compiler ABI info - done
[0.339s] -- Check for working C compiler: /usr/bin/cc - skipped
[0.339s] -- Detecting C compile features
[0.340s] -- Detecting C compile features - done
[0.344s] -- Detecting CXX compiler ABI info
[0.473s] -- Detecting CXX compiler ABI info - done
[0.488s] -- Check for working CXX compiler: /usr/bin/c++ - skipped
[0.489s] -- Detecting CXX compile features
[0.489s] -- Detecting CXX compile features - done
[0.498s] -- Found ament_cmake: 1.3.8 (/opt/ros/humble/share/ament_cmake/cmake)
[0.755s] -- Found Python3: /usr/bin/python3 (found version "3.10.12") found components: Interpreter 
[0.927s] -- Found geometry_msgs: 4.2.3 (/opt/ros/humble/share/geometry_msgs/cmake)
[1.008s] -- Found rosidl_generator_c: 3.1.5 (/opt/ros/humble/share/rosidl_generator_c/cmake)
[1.021s] -- Found rosidl_adapter: 3.1.5 (/opt/ros/humble/share/rosidl_adapter/cmake)
[1.038s] -- Found rosidl_generator_cpp: 3.1.5 (/opt/ros/humble/share/rosidl_generator_cpp/cmake)
[1.062s] -- Using all available rosidl_typesupport_c: rosidl_typesupport_fastrtps_c;rosidl_typesupport_introspection_c
[1.099s] -- Using all available rosidl_typesupport_cpp: rosidl_typesupport_fastrtps_cpp;rosidl_typesupport_introspection_cpp
[1.267s] -- Found nav_msgs: 4.2.3 (/opt/ros/humble/share/nav_msgs/cmake)
[1.382s] -- Found rclcpp: 16.0.8 (/opt/ros/humble/share/rclcpp/cmake)
[1.492s] -- Found rmw_implementation_cmake: 6.1.1 (/opt/ros/humble/share/rmw_implementation_cmake/cmake)
[1.499s] -- Found rmw_fastrtps_cpp: 6.2.6 (/opt/ros/humble/share/rmw_fastrtps_cpp/cmake)
[1.697s] -- Found OpenSSL: /usr/lib/x86_64-linux-gnu/libcrypto.so (found version "3.0.2")  
[1.752s] -- Found FastRTPS: /opt/ros/humble/include  
[1.841s] -- Using RMW implementation 'rmw_fastrtps_cpp' as default
[1.864s] -- Looking for pthread.h
[1.982s] -- Looking for pthread.h - found
[1.982s] -- Performing Test CMAKE_HAVE_LIBC_PTHREAD
[2.095s] -- Performing Test CMAKE_HAVE_LIBC_PTHREAD - Success
[2.096s] -- Found Threads: TRUE  
[2.286s] -- Found tf2: 0.25.6 (/opt/ros/humble/share/tf2/cmake)
[2.319s] -- Found tf2_msgs: 0.25.6 (/opt/ros/humble/share/tf2_msgs/cmake)
[2.542s] -- Found tf2_ros: 0.25.6 (/opt/ros/humble/share/tf2_ros/cmake)
[2.763s] -- Found tf2_geometry_msgs: 0.25.6 (/opt/ros/humble/share/tf2_geometry_msgs/cmake)
[2.799s] -- Found eigen3_cmake_module: 0.1.1 (/opt/ros/humble/share/eigen3_cmake_module/cmake)
[2.801s] -- Found Eigen3: TRUE (found version "3.4.0") 
[2.801s] -- Ensuring Eigen3 include directory is part of orocos-kdl CMake target
[2.823s] -- Found ament_lint_auto: 0.12.10 (/opt/ros/humble/share/ament_lint_auto/cmake)
[2.969s] -- Added test 'copyright' to check source files copyright and LICENSE
[2.971s] -- Added test 'cppcheck' to perform static code analysis on C / C++ code
[2.971s] -- Configured cppcheck include dirs: $<BUILD_INTERFACE:/home/pbear/Opentopic_ws/src/axebot/axebot_control/include>
[2.971s] -- Configured cppcheck exclude dirs and/or files: 
[2.974s] -- Added test 'cpplint' to check C / C++ code against the Google style
[2.974s] -- Configured cpplint exclude dirs and/or files: 
[2.975s] -- Added test 'flake8' to check Python code syntax and style conventions
[2.976s] -- Added test 'lint_cmake' to check CMake code style
[2.977s] -- Added test 'pep257' to check Python code against some of the docstring style conventions in PEP 257
[2.980s] -- Added test 'uncrustify' to check C / C++ code style
[2.980s] -- Configured uncrustify additional arguments: 
[2.981s] -- Added test 'xmllint' to check XML markup files
[2.984s] -- Configuring done
[3.002s] -- Generating done
[3.005s] -- Build files have been written to: /home/pbear/Opentopic_ws/build/axebot_control
[3.021s] Invoked command in '/home/pbear/Opentopic_ws/build/axebot_control' returned '0': CMAKE_PREFIX_PATH=${CMAKE_PREFIX_PATH}:/opt/ros/humble /usr/bin/cmake /home/pbear/Opentopic_ws/src/axebot/axebot_control -DCMAKE_INSTALL_PREFIX=/home/pbear/Opentopic_ws/install/axebot_control
[3.023s] Invoking command in '/home/pbear/Opentopic_ws/build/axebot_control': CMAKE_PREFIX_PATH=${CMAKE_PREFIX_PATH}:/opt/ros/humble /usr/bin/cmake --build /home/pbear/Opentopic_ws/build/axebot_control -- -j16 -l16
[3.106s] [ 33%] [32mBuilding CXX object CMakeFiles/go_to_goal.dir/src/go_to_goal_node.cpp.o[0m
[3.107s] [ 66%] [32mBuilding CXX object CMakeFiles/go_to_goal.dir/src/go_to_goal.cpp.o[0m
[14.636s] [100%] [32m[1mLinking CXX executable go_to_goal[0m
[15.324s] [100%] Built target go_to_goal
[15.339s] Invoked command in '/home/pbear/Opentopic_ws/build/axebot_control' returned '0': CMAKE_PREFIX_PATH=${CMAKE_PREFIX_PATH}:/opt/ros/humble /usr/bin/cmake --build /home/pbear/Opentopic_ws/build/axebot_control -- -j16 -l16
[15.384s] Invoking command in '/home/pbear/Opentopic_ws/build/axebot_control': CMAKE_PREFIX_PATH=${CMAKE_PREFIX_PATH}:/opt/ros/humble /usr/bin/cmake --install /home/pbear/Opentopic_ws/build/axebot_control
[15.392s] -- Install configuration: ""
[15.392s] -- Installing: /home/pbear/Opentopic_ws/install/axebot_control/share/axebot_control//launch
[15.392s] -- Installing: /home/pbear/Opentopic_ws/install/axebot_control/share/axebot_control//launch/move_axebot_to_point.launch.py
[15.392s] -- Installing: /home/pbear/Opentopic_ws/install/axebot_control/share/axebot_control//launch/.gitempty
[15.392s] -- Installing: /home/pbear/Opentopic_ws/install/axebot_control/share/axebot_control//config
[15.393s] -- Installing: /home/pbear/Opentopic_ws/install/axebot_control/share/axebot_control//config/ros2_controllers.yaml
[15.393s] -- Installing: /home/pbear/Opentopic_ws/install/axebot_control/share/axebot_control//config/omnidirectional_controller.yaml
[15.393s] -- Installing: /home/pbear/Opentopic_ws/install/axebot_control/lib/axebot_control/go_to_goal
[15.400s] -- Set runtime path of "/home/pbear/Opentopic_ws/install/axebot_control/lib/axebot_control/go_to_goal" to ""
[15.401s] -- Installing: /home/pbear/Opentopic_ws/install/axebot_control/share/ament_index/resource_index/package_run_dependencies/axebot_control
[15.401s] -- Installing: /home/pbear/Opentopic_ws/install/axebot_control/share/ament_index/resource_index/parent_prefix_path/axebot_control
[15.401s] -- Installing: /home/pbear/Opentopic_ws/install/axebot_control/share/axebot_control/environment/ament_prefix_path.sh
[15.401s] -- Installing: /home/pbear/Opentopic_ws/install/axebot_control/share/axebot_control/environment/ament_prefix_path.dsv
[15.401s] -- Installing: /home/pbear/Opentopic_ws/install/axebot_control/share/axebot_control/environment/path.sh
[15.401s] -- Installing: /home/pbear/Opentopic_ws/install/axebot_control/share/axebot_control/environment/path.dsv
[15.401s] -- Installing: /home/pbear/Opentopic_ws/install/axebot_control/share/axebot_control/local_setup.bash
[15.402s] -- Installing: /home/pbear/Opentopic_ws/install/axebot_control/share/axebot_control/local_setup.sh
[15.402s] -- Installing: /home/pbear/Opentopic_ws/install/axebot_control/share/axebot_control/local_setup.zsh
[15.402s] -- Installing: /home/pbear/Opentopic_ws/install/axebot_control/share/axebot_control/local_setup.dsv
[15.402s] -- Installing: /home/pbear/Opentopic_ws/install/axebot_control/share/axebot_control/package.dsv
[15.402s] -- Installing: /home/pbear/Opentopic_ws/install/axebot_control/share/ament_index/resource_index/packages/axebot_control
[15.402s] -- Installing: /home/pbear/Opentopic_ws/install/axebot_control/share/axebot_control/cmake/axebot_controlConfig.cmake
[15.402s] -- Installing: /home/pbear/Opentopic_ws/install/axebot_control/share/axebot_control/cmake/axebot_controlConfig-version.cmake
[15.402s] -- Installing: /home/pbear/Opentopic_ws/install/axebot_control/share/axebot_control/package.xml
[15.404s] Invoked command in '/home/pbear/Opentopic_ws/build/axebot_control' returned '0': CMAKE_PREFIX_PATH=${CMAKE_PREFIX_PATH}:/opt/ros/humble /usr/bin/cmake --install /home/pbear/Opentopic_ws/build/axebot_control
