-- Install configuration: ""
-- Up-to-date: /home/pbear/Opentopic_ws/install/axebot_description/share/axebot_description//launch
-- Up-to-date: /home/pbear/Opentopic_ws/install/axebot_description/share/axebot_description//launch/view_robot.launch.py
-- Up-to-date: /home/pbear/Opentopic_ws/install/axebot_description/share/axebot_description//config
-- Up-to-date: /home/pbear/Opentopic_ws/install/axebot_description/share/axebot_description//config/wheel_only.rviz
-- Up-to-date: /home/pbear/Opentopic_ws/install/axebot_description/share/axebot_description//config/axebot.rviz
-- Up-to-date: /home/pbear/Opentopic_ws/install/axebot_description/share/axebot_description//urdf
-- Up-to-date: /home/pbear/Opentopic_ws/install/axebot_description/share/axebot_description//urdf/ros2_control.urdf.xacro
-- Up-to-date: /home/pbear/Opentopic_ws/install/axebot_description/share/axebot_description//urdf/materials.urdf.xacro
-- Up-to-date: /home/pbear/Opentopic_ws/install/axebot_description/share/axebot_description//urdf/gazebo.urdf.xacro
-- Up-to-date: /home/pbear/Opentopic_ws/install/axebot_description/share/axebot_description//urdf/wheel.urdf.xacro
-- Up-to-date: /home/pbear/Opentopic_ws/install/axebot_description/share/axebot_description//urdf/axebot.urdf.xacro
-- Up-to-date: /home/pbear/Opentopic_ws/install/axebot_description/share/axebot_description//meshes
-- Up-to-date: /home/pbear/Opentopic_ws/install/axebot_description/share/axebot_description//meshes/rim.stl
-- Up-to-date: /home/pbear/Opentopic_ws/install/axebot_description/share/axebot_description//meshes/wheel-collision.dae
-- Up-to-date: /home/pbear/Opentopic_ws/install/axebot_description/share/axebot_description//meshes/roller.stl
-- Up-to-date: /home/pbear/Opentopic_ws/install/axebot_description/share/ament_index/resource_index/package_run_dependencies/axebot_description
-- Up-to-date: /home/pbear/Opentopic_ws/install/axebot_description/share/ament_index/resource_index/parent_prefix_path/axebot_description
-- Up-to-date: /home/pbear/Opentopic_ws/install/axebot_description/share/axebot_description/environment/ament_prefix_path.sh
-- Up-to-date: /home/pbear/Opentopic_ws/install/axebot_description/share/axebot_description/environment/ament_prefix_path.dsv
-- Up-to-date: /home/pbear/Opentopic_ws/install/axebot_description/share/axebot_description/environment/path.sh
-- Up-to-date: /home/pbear/Opentopic_ws/install/axebot_description/share/axebot_description/environment/path.dsv
-- Up-to-date: /home/pbear/Opentopic_ws/install/axebot_description/share/axebot_description/local_setup.bash
-- Up-to-date: /home/pbear/Opentopic_ws/install/axebot_description/share/axebot_description/local_setup.sh
-- Up-to-date: /home/pbear/Opentopic_ws/install/axebot_description/share/axebot_description/local_setup.zsh
-- Up-to-date: /home/pbear/Opentopic_ws/install/axebot_description/share/axebot_description/local_setup.dsv
-- Up-to-date: /home/pbear/Opentopic_ws/install/axebot_description/share/axebot_description/package.dsv
-- Up-to-date: /home/pbear/Opentopic_ws/install/axebot_description/share/ament_index/resource_index/packages/axebot_description
-- Up-to-date: /home/pbear/Opentopic_ws/install/axebot_description/share/axebot_description/cmake/axebot_descriptionConfig.cmake
-- Up-to-date: /home/pbear/Opentopic_ws/install/axebot_description/share/axebot_description/cmake/axebot_descriptionConfig-version.cmake
-- Up-to-date: /home/pbear/Opentopic_ws/install/axebot_description/share/axebot_description/package.xml
