[0.033s] Invoking command in '/home/pbear/Opentopic_ws/build/turtlesim_plus_interfaces': CMAKE_PREFIX_PATH=${CMAKE_PREFIX_PATH}:/opt/ros/humble /usr/bin/cmake --build /home/pbear/Opentopic_ws/build/turtlesim_plus_interfaces -- -j16 -l16
[0.122s] [ 12%] Built target turtlesim_plus_interfaces__rosidl_generator_c
[0.122s] [ 12%] Built target turtlesim_plus_interfaces__cpp
[0.143s] [ 12%] Built target ament_cmake_python_copy_turtlesim_plus_interfaces
[0.174s] [ 34%] Built target turtlesim_plus_interfaces__rosidl_typesupport_c
[0.174s] [ 34%] Built target turtlesim_plus_interfaces__rosidl_typesupport_introspection_c
[0.175s] [ 45%] Built target turtlesim_plus_interfaces__rosidl_typesupport_fastrtps_c
[0.175s] [ 56%] Built target turtlesim_plus_interfaces__rosidl_typesupport_introspection_cpp
[0.177s] [ 67%] Built target turtlesim_plus_interfaces__rosidl_typesupport_fastrtps_cpp
[0.192s] [ 78%] Built target turtlesim_plus_interfaces__rosidl_typesupport_cpp
[0.227s] [ 78%] Built target turtlesim_plus_interfaces
[0.263s] [ 80%] Built target turtlesim_plus_interfaces__py
[0.303s] [ 89%] Built target turtlesim_plus_interfaces__rosidl_generator_py
[0.339s] [ 92%] Built target turtlesim_plus_interfaces__rosidl_typesupport_fastrtps_c__pyext
[0.340s] [ 98%] Built target turtlesim_plus_interfaces__rosidl_typesupport_introspection_c__pyext
[0.340s] [100%] Built target turtlesim_plus_interfaces__rosidl_typesupport_c__pyext
[0.491s] running egg_info
[0.491s] writing turtlesim_plus_interfaces.egg-info/PKG-INFO
[0.492s] writing dependency_links to turtlesim_plus_interfaces.egg-info/dependency_links.txt
[0.492s] writing top-level names to turtlesim_plus_interfaces.egg-info/top_level.txt
[0.495s] reading manifest file 'turtlesim_plus_interfaces.egg-info/SOURCES.txt'
[0.496s] writing manifest file 'turtlesim_plus_interfaces.egg-info/SOURCES.txt'
[0.537s] [100%] Built target ament_cmake_python_build_turtlesim_plus_interfaces_egg
