[0.040s] Invoking command in '/home/pbear/Opentopic_ws/build/turtlesim_plus': CMAKE_PREFIX_PATH=${CMAKE_PREFIX_PATH}:/opt/ros/humble /usr/bin/cmake --build /home/pbear/Opentopic_ws/build/turtlesim_plus -- -j16 -l16
[0.159s] Built target ament_cmake_python_copy_turtlesim_plus
[0.544s] running egg_info
[0.545s] writing turtlesim_plus.egg-info/PKG-INFO
[0.545s] writing dependency_links to turtlesim_plus.egg-info/dependency_links.txt
[0.545s] writing top-level names to turtlesim_plus.egg-info/top_level.txt
[0.548s] reading manifest file 'turtlesim_plus.egg-info/SOURCES.txt'
[0.549s] writing manifest file 'turtlesim_plus.egg-info/SOURCES.txt'
[0.592s] Built target ament_cmake_python_build_turtlesim_plus_egg
[0.611s] Invoked command in '/home/pbear/Opentopic_ws/build/turtlesim_plus' returned '0': CMAKE_PREFIX_PATH=${CMAKE_PREFIX_PATH}:/opt/ros/humble /usr/bin/cmake --build /home/pbear/Opentopic_ws/build/turtlesim_plus -- -j16 -l16
[0.660s] Invoking command in '/home/pbear/Opentopic_ws/build/turtlesim_plus': CMAKE_PREFIX_PATH=${CMAKE_PREFIX_PATH}:/opt/ros/humble /usr/bin/cmake --install /home/pbear/Opentopic_ws/build/turtlesim_plus
[0.670s] -- Install configuration: ""
[0.670s] -- Up-to-date: /home/pbear/Opentopic_ws/install/turtlesim_plus/share/turtlesim_plus/environment/pythonpath.sh
[0.670s] -- Up-to-date: /home/pbear/Opentopic_ws/install/turtlesim_plus/share/turtlesim_plus/environment/pythonpath.dsv
[0.670s] -- Up-to-date: /home/pbear/Opentopic_ws/install/turtlesim_plus/local/lib/python3.10/dist-packages/turtlesim_plus-1.0.0-py3.10.egg-info
[0.670s] -- Installing: /home/pbear/Opentopic_ws/install/turtlesim_plus/local/lib/python3.10/dist-packages/turtlesim_plus-1.0.0-py3.10.egg-info/PKG-INFO
[0.670s] -- Installing: /home/pbear/Opentopic_ws/install/turtlesim_plus/local/lib/python3.10/dist-packages/turtlesim_plus-1.0.0-py3.10.egg-info/top_level.txt
[0.671s] -- Installing: /home/pbear/Opentopic_ws/install/turtlesim_plus/local/lib/python3.10/dist-packages/turtlesim_plus-1.0.0-py3.10.egg-info/dependency_links.txt
[0.671s] -- Installing: /home/pbear/Opentopic_ws/install/turtlesim_plus/local/lib/python3.10/dist-packages/turtlesim_plus-1.0.0-py3.10.egg-info/SOURCES.txt
[0.671s] -- Up-to-date: /home/pbear/Opentopic_ws/install/turtlesim_plus/local/lib/python3.10/dist-packages/turtlesim_plus
[0.671s] -- Up-to-date: /home/pbear/Opentopic_ws/install/turtlesim_plus/local/lib/python3.10/dist-packages/turtlesim_plus/entity.py
[0.671s] -- Up-to-date: /home/pbear/Opentopic_ws/install/turtlesim_plus/local/lib/python3.10/dist-packages/turtlesim_plus/__init__.py
[0.671s] -- Up-to-date: /home/pbear/Opentopic_ws/install/turtlesim_plus/local/lib/python3.10/dist-packages/turtlesim_plus/image
[0.672s] -- Up-to-date: /home/pbear/Opentopic_ws/install/turtlesim_plus/local/lib/python3.10/dist-packages/turtlesim_plus/image/turtle
[0.672s] -- Up-to-date: /home/pbear/Opentopic_ws/install/turtlesim_plus/local/lib/python3.10/dist-packages/turtlesim_plus/image/turtle/rolling.png
[0.672s] -- Up-to-date: /home/pbear/Opentopic_ws/install/turtlesim_plus/local/lib/python3.10/dist-packages/turtlesim_plus/image/turtle/humble.png
[0.672s] -- Up-to-date: /home/pbear/Opentopic_ws/install/turtlesim_plus/local/lib/python3.10/dist-packages/turtlesim_plus/image/turtle/foxy.png
[0.673s] -- Up-to-date: /home/pbear/Opentopic_ws/install/turtlesim_plus/local/lib/python3.10/dist-packages/turtlesim_plus/image/turtle/galactic.png
[0.673s] -- Up-to-date: /home/pbear/Opentopic_ws/install/turtlesim_plus/local/lib/python3.10/dist-packages/turtlesim_plus/image/turtle/bouncy.png
[0.673s] -- Up-to-date: /home/pbear/Opentopic_ws/install/turtlesim_plus/local/lib/python3.10/dist-packages/turtlesim_plus/image/turtle/otto.png
[0.673s] -- Up-to-date: /home/pbear/Opentopic_ws/install/turtlesim_plus/local/lib/python3.10/dist-packages/turtlesim_plus/image/turtle/eloquent.png
[0.673s] -- Up-to-date: /home/pbear/Opentopic_ws/install/turtlesim_plus/local/lib/python3.10/dist-packages/turtlesim_plus/image/turtle/dashing.png
[0.674s] -- Up-to-date: /home/pbear/Opentopic_ws/install/turtlesim_plus/local/lib/python3.10/dist-packages/turtlesim_plus/image/turtle/ardent.png
[0.674s] -- Up-to-date: /home/pbear/Opentopic_ws/install/turtlesim_plus/local/lib/python3.10/dist-packages/turtlesim_plus/image/turtle/crystal.png
[0.674s] -- Up-to-date: /home/pbear/Opentopic_ws/install/turtlesim_plus/local/lib/python3.10/dist-packages/turtlesim_plus/image/map
[0.674s] -- Up-to-date: /home/pbear/Opentopic_ws/install/turtlesim_plus/local/lib/python3.10/dist-packages/turtlesim_plus/image/map/map.png
[0.674s] -- Up-to-date: /home/pbear/Opentopic_ws/install/turtlesim_plus/local/lib/python3.10/dist-packages/turtlesim_plus/image/object
[0.674s] -- Up-to-date: /home/pbear/Opentopic_ws/install/turtlesim_plus/local/lib/python3.10/dist-packages/turtlesim_plus/image/object/parcel.png
[0.674s] -- Up-to-date: /home/pbear/Opentopic_ws/install/turtlesim_plus/local/lib/python3.10/dist-packages/turtlesim_plus/image/object/pizza.png
[0.674s] -- Up-to-date: /home/pbear/Opentopic_ws/install/turtlesim_plus/local/lib/python3.10/dist-packages/turtlesim_plus/ros2_plugins.py
[0.719s] Listing '/home/pbear/Opentopic_ws/install/turtlesim_plus/local/lib/python3.10/dist-packages/turtlesim_plus'...
[0.720s] Listing '/home/pbear/Opentopic_ws/install/turtlesim_plus/local/lib/python3.10/dist-packages/turtlesim_plus/image'...
[0.720s] Listing '/home/pbear/Opentopic_ws/install/turtlesim_plus/local/lib/python3.10/dist-packages/turtlesim_plus/image/map'...
[0.720s] Listing '/home/pbear/Opentopic_ws/install/turtlesim_plus/local/lib/python3.10/dist-packages/turtlesim_plus/image/object'...
[0.720s] Listing '/home/pbear/Opentopic_ws/install/turtlesim_plus/local/lib/python3.10/dist-packages/turtlesim_plus/image/turtle'...
[0.726s] -- Up-to-date: /home/pbear/Opentopic_ws/install/turtlesim_plus/lib/turtlesim_plus/turtlesim_plus_node.py
[0.726s] -- Up-to-date: /home/pbear/Opentopic_ws/install/turtlesim_plus/lib/turtlesim_plus/pizza_on_click.py
[0.726s] -- Up-to-date: /home/pbear/Opentopic_ws/install/turtlesim_plus/share/turtlesim_plus
[0.726s] -- Up-to-date: /home/pbear/Opentopic_ws/install/turtlesim_plus/share/ament_index/resource_index/package_run_dependencies/turtlesim_plus
[0.726s] -- Up-to-date: /home/pbear/Opentopic_ws/install/turtlesim_plus/share/ament_index/resource_index/parent_prefix_path/turtlesim_plus
[0.726s] -- Up-to-date: /home/pbear/Opentopic_ws/install/turtlesim_plus/share/turtlesim_plus/environment/ament_prefix_path.sh
[0.727s] -- Up-to-date: /home/pbear/Opentopic_ws/install/turtlesim_plus/share/turtlesim_plus/environment/ament_prefix_path.dsv
[0.727s] -- Up-to-date: /home/pbear/Opentopic_ws/install/turtlesim_plus/share/turtlesim_plus/environment/path.sh
[0.727s] -- Up-to-date: /home/pbear/Opentopic_ws/install/turtlesim_plus/share/turtlesim_plus/environment/path.dsv
[0.727s] -- Up-to-date: /home/pbear/Opentopic_ws/install/turtlesim_plus/share/turtlesim_plus/local_setup.bash
[0.727s] -- Up-to-date: /home/pbear/Opentopic_ws/install/turtlesim_plus/share/turtlesim_plus/local_setup.sh
[0.727s] -- Up-to-date: /home/pbear/Opentopic_ws/install/turtlesim_plus/share/turtlesim_plus/local_setup.zsh
[0.727s] -- Up-to-date: /home/pbear/Opentopic_ws/install/turtlesim_plus/share/turtlesim_plus/local_setup.dsv
[0.727s] -- Installing: /home/pbear/Opentopic_ws/install/turtlesim_plus/share/turtlesim_plus/package.dsv
[0.727s] -- Up-to-date: /home/pbear/Opentopic_ws/install/turtlesim_plus/share/ament_index/resource_index/packages/turtlesim_plus
[0.727s] -- Up-to-date: /home/pbear/Opentopic_ws/install/turtlesim_plus/share/turtlesim_plus/cmake/turtlesim_plusConfig.cmake
[0.728s] -- Up-to-date: /home/pbear/Opentopic_ws/install/turtlesim_plus/share/turtlesim_plus/cmake/turtlesim_plusConfig-version.cmake
[0.728s] -- Up-to-date: /home/pbear/Opentopic_ws/install/turtlesim_plus/share/turtlesim_plus/package.xml
[0.731s] Invoked command in '/home/pbear/Opentopic_ws/build/turtlesim_plus' returned '0': CMAKE_PREFIX_PATH=${CMAKE_PREFIX_PATH}:/opt/ros/humble /usr/bin/cmake --install /home/pbear/Opentopic_ws/build/turtlesim_plus
