[0.143s] DEBUG:colcon:Command line arguments: ['/usr/bin/colcon', 'build']
[0.143s] DEBUG:colcon:Parsed command line arguments: Namespace(log_base=None, log_level=None, verb_name='build', build_base='build', install_base='install', merge_install=False, symlink_install=False, test_result_base=None, continue_on_error=False, executor='parallel', parallel_workers=16, event_handlers=None, ignore_user_meta=False, metas=['./colcon.meta'], base_paths=['.'], packages_ignore=None, packages_ignore_regex=None, paths=None, packages_up_to=None, packages_up_to_regex=None, packages_above=None, packages_above_and_dependencies=None, packages_above_depth=None, packages_select_by_dep=None, packages_skip_by_dep=None, packages_skip_up_to=None, packages_select_build_failed=False, packages_skip_build_finished=False, packages_select_test_failures=False, packages_skip_test_passed=False, packages_select=None, packages_skip=None, packages_select_regex=None, packages_skip_regex=None, packages_start=None, packages_end=None, allow_overriding=[], cmake_args=None, cmake_target=None, cmake_target_skip_unavailable=False, cmake_clean_cache=False, cmake_clean_first=False, cmake_force_configure=False, ament_cmake_args=None, catkin_cmake_args=None, catkin_skip_building_tests=False, mixin_files=None, mixin=None, verb_parser=<colcon_mixin.mixin.mixin_argument.MixinArgumentDecorator object at 0x76bf805f48b0>, verb_extension=<colcon_core.verb.build.BuildVerb object at 0x76bf805f4400>, main=<bound method BuildVerb.main of <colcon_core.verb.build.BuildVerb object at 0x76bf805f4400>>, mixin_verb=('build',))
[0.362s] Level 1:colcon.colcon_core.package_discovery:discover_packages(colcon_meta) check parameters
[0.363s] Level 1:colcon.colcon_core.package_discovery:discover_packages(recursive) check parameters
[0.363s] Level 1:colcon.colcon_core.package_discovery:discover_packages(ignore) check parameters
[0.363s] Level 1:colcon.colcon_core.package_discovery:discover_packages(path) check parameters
[0.363s] Level 1:colcon.colcon_core.package_discovery:discover_packages(colcon_meta) discover
[0.363s] Level 1:colcon.colcon_core.package_discovery:discover_packages(recursive) discover
[0.363s] INFO:colcon.colcon_core.package_discovery:Crawling recursively for packages in '/home/pbear/Opentopic_ws'
[0.363s] Level 1:colcon.colcon_core.package_identification:_identify(.) by extensions ['ignore', 'ignore_ament_install']
[0.363s] Level 1:colcon.colcon_core.package_identification:_identify(.) by extension 'ignore'
[0.363s] Level 1:colcon.colcon_core.package_identification:_identify(.) by extension 'ignore_ament_install'
[0.363s] Level 1:colcon.colcon_core.package_identification:_identify(.) by extensions ['colcon_pkg']
[0.363s] Level 1:colcon.colcon_core.package_identification:_identify(.) by extension 'colcon_pkg'
[0.363s] Level 1:colcon.colcon_core.package_identification:_identify(.) by extensions ['colcon_meta']
[0.363s] Level 1:colcon.colcon_core.package_identification:_identify(.) by extension 'colcon_meta'
[0.364s] Level 1:colcon.colcon_core.package_identification:_identify(.) by extensions ['ros']
[0.364s] Level 1:colcon.colcon_core.package_identification:_identify(.) by extension 'ros'
[0.377s] Level 1:colcon.colcon_core.package_identification:_identify(.) by extensions ['cmake', 'python']
[0.377s] Level 1:colcon.colcon_core.package_identification:_identify(.) by extension 'cmake'
[0.377s] Level 1:colcon.colcon_core.package_identification:_identify(.) by extension 'python'
[0.377s] Level 1:colcon.colcon_core.package_identification:_identify(.) by extensions ['python_setup_py']
[0.377s] Level 1:colcon.colcon_core.package_identification:_identify(.) by extension 'python_setup_py'
[0.377s] Level 1:colcon.colcon_core.package_identification:_identify(build) by extensions ['ignore', 'ignore_ament_install']
[0.377s] Level 1:colcon.colcon_core.package_identification:_identify(build) by extension 'ignore'
[0.377s] Level 1:colcon.colcon_core.package_identification:_identify(build) ignored
[0.378s] Level 1:colcon.colcon_core.package_identification:_identify(install) by extensions ['ignore', 'ignore_ament_install']
[0.378s] Level 1:colcon.colcon_core.package_identification:_identify(install) by extension 'ignore'
[0.378s] Level 1:colcon.colcon_core.package_identification:_identify(install) ignored
[0.378s] Level 1:colcon.colcon_core.package_identification:_identify(log) by extensions ['ignore', 'ignore_ament_install']
[0.378s] Level 1:colcon.colcon_core.package_identification:_identify(log) by extension 'ignore'
[0.378s] Level 1:colcon.colcon_core.package_identification:_identify(log) ignored
[0.378s] Level 1:colcon.colcon_core.package_identification:_identify(src) by extensions ['ignore', 'ignore_ament_install']
[0.378s] Level 1:colcon.colcon_core.package_identification:_identify(src) by extension 'ignore'
[0.378s] Level 1:colcon.colcon_core.package_identification:_identify(src) by extension 'ignore_ament_install'
[0.378s] Level 1:colcon.colcon_core.package_identification:_identify(src) by extensions ['colcon_pkg']
[0.378s] Level 1:colcon.colcon_core.package_identification:_identify(src) by extension 'colcon_pkg'
[0.378s] Level 1:colcon.colcon_core.package_identification:_identify(src) by extensions ['colcon_meta']
[0.378s] Level 1:colcon.colcon_core.package_identification:_identify(src) by extension 'colcon_meta'
[0.379s] Level 1:colcon.colcon_core.package_identification:_identify(src) by extensions ['ros']
[0.379s] Level 1:colcon.colcon_core.package_identification:_identify(src) by extension 'ros'
[0.379s] Level 1:colcon.colcon_core.package_identification:_identify(src) by extensions ['cmake', 'python']
[0.379s] Level 1:colcon.colcon_core.package_identification:_identify(src) by extension 'cmake'
[0.379s] Level 1:colcon.colcon_core.package_identification:_identify(src) by extension 'python'
[0.379s] Level 1:colcon.colcon_core.package_identification:_identify(src) by extensions ['python_setup_py']
[0.379s] Level 1:colcon.colcon_core.package_identification:_identify(src) by extension 'python_setup_py'
[0.379s] Level 1:colcon.colcon_core.package_identification:_identify(src/axebot) by extensions ['ignore', 'ignore_ament_install']
[0.379s] Level 1:colcon.colcon_core.package_identification:_identify(src/axebot) by extension 'ignore'
[0.379s] Level 1:colcon.colcon_core.package_identification:_identify(src/axebot) by extension 'ignore_ament_install'
[0.379s] Level 1:colcon.colcon_core.package_identification:_identify(src/axebot) by extensions ['colcon_pkg']
[0.379s] Level 1:colcon.colcon_core.package_identification:_identify(src/axebot) by extension 'colcon_pkg'
[0.379s] Level 1:colcon.colcon_core.package_identification:_identify(src/axebot) by extensions ['colcon_meta']
[0.379s] Level 1:colcon.colcon_core.package_identification:_identify(src/axebot) by extension 'colcon_meta'
[0.379s] Level 1:colcon.colcon_core.package_identification:_identify(src/axebot) by extensions ['ros']
[0.379s] Level 1:colcon.colcon_core.package_identification:_identify(src/axebot) by extension 'ros'
[0.379s] Level 1:colcon.colcon_core.package_identification:_identify(src/axebot) by extensions ['cmake', 'python']
[0.380s] Level 1:colcon.colcon_core.package_identification:_identify(src/axebot) by extension 'cmake'
[0.380s] Level 1:colcon.colcon_core.package_identification:_identify(src/axebot) by extension 'python'
[0.380s] Level 1:colcon.colcon_core.package_identification:_identify(src/axebot) by extensions ['python_setup_py']
[0.380s] Level 1:colcon.colcon_core.package_identification:_identify(src/axebot) by extension 'python_setup_py'
[0.380s] Level 1:colcon.colcon_core.package_identification:_identify(src/axebot/axebot_control) by extensions ['ignore', 'ignore_ament_install']
[0.380s] Level 1:colcon.colcon_core.package_identification:_identify(src/axebot/axebot_control) by extension 'ignore'
[0.380s] Level 1:colcon.colcon_core.package_identification:_identify(src/axebot/axebot_control) by extension 'ignore_ament_install'
[0.380s] Level 1:colcon.colcon_core.package_identification:_identify(src/axebot/axebot_control) by extensions ['colcon_pkg']
[0.380s] Level 1:colcon.colcon_core.package_identification:_identify(src/axebot/axebot_control) by extension 'colcon_pkg'
[0.380s] Level 1:colcon.colcon_core.package_identification:_identify(src/axebot/axebot_control) by extensions ['colcon_meta']
[0.380s] Level 1:colcon.colcon_core.package_identification:_identify(src/axebot/axebot_control) by extension 'colcon_meta'
[0.380s] Level 1:colcon.colcon_core.package_identification:_identify(src/axebot/axebot_control) by extensions ['ros']
[0.380s] Level 1:colcon.colcon_core.package_identification:_identify(src/axebot/axebot_control) by extension 'ros'
[0.384s] DEBUG:colcon.colcon_core.package_identification:Package 'src/axebot/axebot_control' with type 'ros.ament_cmake' and name 'axebot_control'
[0.384s] Level 1:colcon.colcon_core.package_identification:_identify(src/axebot/axebot_description) by extensions ['ignore', 'ignore_ament_install']
[0.384s] Level 1:colcon.colcon_core.package_identification:_identify(src/axebot/axebot_description) by extension 'ignore'
[0.384s] Level 1:colcon.colcon_core.package_identification:_identify(src/axebot/axebot_description) by extension 'ignore_ament_install'
[0.384s] Level 1:colcon.colcon_core.package_identification:_identify(src/axebot/axebot_description) by extensions ['colcon_pkg']
[0.384s] Level 1:colcon.colcon_core.package_identification:_identify(src/axebot/axebot_description) by extension 'colcon_pkg'
[0.384s] Level 1:colcon.colcon_core.package_identification:_identify(src/axebot/axebot_description) by extensions ['colcon_meta']
[0.384s] Level 1:colcon.colcon_core.package_identification:_identify(src/axebot/axebot_description) by extension 'colcon_meta'
[0.385s] Level 1:colcon.colcon_core.package_identification:_identify(src/axebot/axebot_description) by extensions ['ros']
[0.385s] Level 1:colcon.colcon_core.package_identification:_identify(src/axebot/axebot_description) by extension 'ros'
[0.385s] DEBUG:colcon.colcon_core.package_identification:Package 'src/axebot/axebot_description' with type 'ros.ament_cmake' and name 'axebot_description'
[0.385s] Level 1:colcon.colcon_core.package_identification:_identify(src/axebot/axebot_gazebo) by extensions ['ignore', 'ignore_ament_install']
[0.385s] Level 1:colcon.colcon_core.package_identification:_identify(src/axebot/axebot_gazebo) by extension 'ignore'
[0.386s] Level 1:colcon.colcon_core.package_identification:_identify(src/axebot/axebot_gazebo) by extension 'ignore_ament_install'
[0.386s] Level 1:colcon.colcon_core.package_identification:_identify(src/axebot/axebot_gazebo) by extensions ['colcon_pkg']
[0.386s] Level 1:colcon.colcon_core.package_identification:_identify(src/axebot/axebot_gazebo) by extension 'colcon_pkg'
[0.386s] Level 1:colcon.colcon_core.package_identification:_identify(src/axebot/axebot_gazebo) by extensions ['colcon_meta']
[0.386s] Level 1:colcon.colcon_core.package_identification:_identify(src/axebot/axebot_gazebo) by extension 'colcon_meta'
[0.386s] Level 1:colcon.colcon_core.package_identification:_identify(src/axebot/axebot_gazebo) by extensions ['ros']
[0.386s] Level 1:colcon.colcon_core.package_identification:_identify(src/axebot/axebot_gazebo) by extension 'ros'
[0.386s] DEBUG:colcon.colcon_core.package_identification:Package 'src/axebot/axebot_gazebo' with type 'ros.ament_cmake' and name 'axebot_gazebo'
[0.387s] Level 1:colcon.colcon_core.package_identification:_identify(src/axebot/doc) by extensions ['ignore', 'ignore_ament_install']
[0.387s] Level 1:colcon.colcon_core.package_identification:_identify(src/axebot/doc) by extension 'ignore'
[0.387s] Level 1:colcon.colcon_core.package_identification:_identify(src/axebot/doc) by extension 'ignore_ament_install'
[0.387s] Level 1:colcon.colcon_core.package_identification:_identify(src/axebot/doc) by extensions ['colcon_pkg']
[0.387s] Level 1:colcon.colcon_core.package_identification:_identify(src/axebot/doc) by extension 'colcon_pkg'
[0.387s] Level 1:colcon.colcon_core.package_identification:_identify(src/axebot/doc) by extensions ['colcon_meta']
[0.387s] Level 1:colcon.colcon_core.package_identification:_identify(src/axebot/doc) by extension 'colcon_meta'
[0.387s] Level 1:colcon.colcon_core.package_identification:_identify(src/axebot/doc) by extensions ['ros']
[0.387s] Level 1:colcon.colcon_core.package_identification:_identify(src/axebot/doc) by extension 'ros'
[0.387s] Level 1:colcon.colcon_core.package_identification:_identify(src/axebot/doc) by extensions ['cmake', 'python']
[0.387s] Level 1:colcon.colcon_core.package_identification:_identify(src/axebot/doc) by extension 'cmake'
[0.387s] Level 1:colcon.colcon_core.package_identification:_identify(src/axebot/doc) by extension 'python'
[0.387s] Level 1:colcon.colcon_core.package_identification:_identify(src/axebot/doc) by extensions ['python_setup_py']
[0.387s] Level 1:colcon.colcon_core.package_identification:_identify(src/axebot/doc) by extension 'python_setup_py'
[0.387s] Level 1:colcon.colcon_core.package_identification:_identify(src/axebot/doc/images) by extensions ['ignore', 'ignore_ament_install']
[0.388s] Level 1:colcon.colcon_core.package_identification:_identify(src/axebot/doc/images) by extension 'ignore'
[0.388s] Level 1:colcon.colcon_core.package_identification:_identify(src/axebot/doc/images) by extension 'ignore_ament_install'
[0.388s] Level 1:colcon.colcon_core.package_identification:_identify(src/axebot/doc/images) by extensions ['colcon_pkg']
[0.388s] Level 1:colcon.colcon_core.package_identification:_identify(src/axebot/doc/images) by extension 'colcon_pkg'
[0.388s] Level 1:colcon.colcon_core.package_identification:_identify(src/axebot/doc/images) by extensions ['colcon_meta']
[0.388s] Level 1:colcon.colcon_core.package_identification:_identify(src/axebot/doc/images) by extension 'colcon_meta'
[0.388s] Level 1:colcon.colcon_core.package_identification:_identify(src/axebot/doc/images) by extensions ['ros']
[0.388s] Level 1:colcon.colcon_core.package_identification:_identify(src/axebot/doc/images) by extension 'ros'
[0.388s] Level 1:colcon.colcon_core.package_identification:_identify(src/axebot/doc/images) by extensions ['cmake', 'python']
[0.388s] Level 1:colcon.colcon_core.package_identification:_identify(src/axebot/doc/images) by extension 'cmake'
[0.388s] Level 1:colcon.colcon_core.package_identification:_identify(src/axebot/doc/images) by extension 'python'
[0.388s] Level 1:colcon.colcon_core.package_identification:_identify(src/axebot/doc/images) by extensions ['python_setup_py']
[0.388s] Level 1:colcon.colcon_core.package_identification:_identify(src/axebot/doc/images) by extension 'python_setup_py'
[0.388s] Level 1:colcon.colcon_core.package_identification:_identify(src/omnidirectional_controllers) by extensions ['ignore', 'ignore_ament_install']
[0.388s] Level 1:colcon.colcon_core.package_identification:_identify(src/omnidirectional_controllers) by extension 'ignore'
[0.388s] Level 1:colcon.colcon_core.package_identification:_identify(src/omnidirectional_controllers) by extension 'ignore_ament_install'
[0.388s] Level 1:colcon.colcon_core.package_identification:_identify(src/omnidirectional_controllers) by extensions ['colcon_pkg']
[0.388s] Level 1:colcon.colcon_core.package_identification:_identify(src/omnidirectional_controllers) by extension 'colcon_pkg'
[0.389s] Level 1:colcon.colcon_core.package_identification:_identify(src/omnidirectional_controllers) by extensions ['colcon_meta']
[0.389s] Level 1:colcon.colcon_core.package_identification:_identify(src/omnidirectional_controllers) by extension 'colcon_meta'
[0.389s] Level 1:colcon.colcon_core.package_identification:_identify(src/omnidirectional_controllers) by extensions ['ros']
[0.389s] Level 1:colcon.colcon_core.package_identification:_identify(src/omnidirectional_controllers) by extension 'ros'
[0.390s] DEBUG:colcon.colcon_core.package_identification:Package 'src/omnidirectional_controllers' with type 'ros.ament_cmake' and name 'omnidirectional_controllers'
[0.390s] Level 1:colcon.colcon_core.package_identification:_identify(src/turtlesim_plus) by extensions ['ignore', 'ignore_ament_install']
[0.390s] Level 1:colcon.colcon_core.package_identification:_identify(src/turtlesim_plus) by extension 'ignore'
[0.390s] Level 1:colcon.colcon_core.package_identification:_identify(src/turtlesim_plus) by extension 'ignore_ament_install'
[0.390s] Level 1:colcon.colcon_core.package_identification:_identify(src/turtlesim_plus) by extensions ['colcon_pkg']
[0.390s] Level 1:colcon.colcon_core.package_identification:_identify(src/turtlesim_plus) by extension 'colcon_pkg'
[0.390s] Level 1:colcon.colcon_core.package_identification:_identify(src/turtlesim_plus) by extensions ['colcon_meta']
[0.390s] Level 1:colcon.colcon_core.package_identification:_identify(src/turtlesim_plus) by extension 'colcon_meta'
[0.390s] Level 1:colcon.colcon_core.package_identification:_identify(src/turtlesim_plus) by extensions ['ros']
[0.391s] Level 1:colcon.colcon_core.package_identification:_identify(src/turtlesim_plus) by extension 'ros'
[0.392s] DEBUG:colcon.colcon_core.package_identification:Package 'src/turtlesim_plus' with type 'ros.ament_cmake' and name 'turtlesim_plus'
[0.392s] Level 1:colcon.colcon_core.package_identification:_identify(src/turtlesim_plus_interfaces) by extensions ['ignore', 'ignore_ament_install']
[0.392s] Level 1:colcon.colcon_core.package_identification:_identify(src/turtlesim_plus_interfaces) by extension 'ignore'
[0.392s] Level 1:colcon.colcon_core.package_identification:_identify(src/turtlesim_plus_interfaces) by extension 'ignore_ament_install'
[0.392s] Level 1:colcon.colcon_core.package_identification:_identify(src/turtlesim_plus_interfaces) by extensions ['colcon_pkg']
[0.392s] Level 1:colcon.colcon_core.package_identification:_identify(src/turtlesim_plus_interfaces) by extension 'colcon_pkg'
[0.392s] Level 1:colcon.colcon_core.package_identification:_identify(src/turtlesim_plus_interfaces) by extensions ['colcon_meta']
[0.392s] Level 1:colcon.colcon_core.package_identification:_identify(src/turtlesim_plus_interfaces) by extension 'colcon_meta'
[0.392s] Level 1:colcon.colcon_core.package_identification:_identify(src/turtlesim_plus_interfaces) by extensions ['ros']
[0.392s] Level 1:colcon.colcon_core.package_identification:_identify(src/turtlesim_plus_interfaces) by extension 'ros'
[0.393s] DEBUG:colcon.colcon_core.package_identification:Package 'src/turtlesim_plus_interfaces' with type 'ros.ament_cmake' and name 'turtlesim_plus_interfaces'
[0.393s] Level 1:colcon.colcon_core.package_discovery:discover_packages(recursive) using defaults
[0.393s] Level 1:colcon.colcon_core.package_discovery:discover_packages(ignore) discover
[0.393s] Level 1:colcon.colcon_core.package_discovery:discover_packages(ignore) using defaults
[0.393s] Level 1:colcon.colcon_core.package_discovery:discover_packages(path) discover
[0.393s] Level 1:colcon.colcon_core.package_discovery:discover_packages(path) using defaults
[0.440s] Level 1:colcon.colcon_core.package_discovery:discover_packages(prefix_path) check parameters
[0.441s] Level 1:colcon.colcon_core.package_discovery:discover_packages(prefix_path) discover
[0.444s] DEBUG:colcon.colcon_installed_package_information.package_discovery:Found 6 installed packages in /home/pbear/Opentopic_ws/install
[0.444s] DEBUG:colcon.colcon_installed_package_information.package_discovery:Found 4 installed packages in /home/pbear/FRA501_exam1_6417_6440/install
[0.445s] DEBUG:colcon.colcon_installed_package_information.package_discovery:Found 15 installed packages in /home/pbear/fra501_ws/install
[0.448s] DEBUG:colcon.colcon_installed_package_information.package_discovery:Found 367 installed packages in /opt/ros/humble
[0.450s] Level 1:colcon.colcon_core.package_discovery:discover_packages(prefix_path) using defaults
[0.506s] Level 5:colcon.colcon_core.verb:set package 'axebot_control' build argument 'cmake_args' from command line to 'None'
[0.507s] Level 5:colcon.colcon_core.verb:set package 'axebot_control' build argument 'cmake_target' from command line to 'None'
[0.507s] Level 5:colcon.colcon_core.verb:set package 'axebot_control' build argument 'cmake_target_skip_unavailable' from command line to 'False'
[0.507s] Level 5:colcon.colcon_core.verb:set package 'axebot_control' build argument 'cmake_clean_cache' from command line to 'False'
[0.507s] Level 5:colcon.colcon_core.verb:set package 'axebot_control' build argument 'cmake_clean_first' from command line to 'False'
[0.507s] Level 5:colcon.colcon_core.verb:set package 'axebot_control' build argument 'cmake_force_configure' from command line to 'False'
[0.507s] Level 5:colcon.colcon_core.verb:set package 'axebot_control' build argument 'ament_cmake_args' from command line to 'None'
[0.507s] Level 5:colcon.colcon_core.verb:set package 'axebot_control' build argument 'catkin_cmake_args' from command line to 'None'
[0.507s] Level 5:colcon.colcon_core.verb:set package 'axebot_control' build argument 'catkin_skip_building_tests' from command line to 'False'
[0.507s] DEBUG:colcon.colcon_core.verb:Building package 'axebot_control' with the following arguments: {'ament_cmake_args': None, 'build_base': '/home/pbear/Opentopic_ws/build/axebot_control', 'catkin_cmake_args': None, 'catkin_skip_building_tests': False, 'cmake_args': None, 'cmake_clean_cache': False, 'cmake_clean_first': False, 'cmake_force_configure': False, 'cmake_target': None, 'cmake_target_skip_unavailable': False, 'install_base': '/home/pbear/Opentopic_ws/install/axebot_control', 'merge_install': False, 'path': '/home/pbear/Opentopic_ws/src/axebot/axebot_control', 'symlink_install': False, 'test_result_base': None}
[0.507s] Level 5:colcon.colcon_core.verb:set package 'axebot_description' build argument 'cmake_args' from command line to 'None'
[0.507s] Level 5:colcon.colcon_core.verb:set package 'axebot_description' build argument 'cmake_target' from command line to 'None'
[0.507s] Level 5:colcon.colcon_core.verb:set package 'axebot_description' build argument 'cmake_target_skip_unavailable' from command line to 'False'
[0.507s] Level 5:colcon.colcon_core.verb:set package 'axebot_description' build argument 'cmake_clean_cache' from command line to 'False'
[0.507s] Level 5:colcon.colcon_core.verb:set package 'axebot_description' build argument 'cmake_clean_first' from command line to 'False'
[0.507s] Level 5:colcon.colcon_core.verb:set package 'axebot_description' build argument 'cmake_force_configure' from command line to 'False'
[0.507s] Level 5:colcon.colcon_core.verb:set package 'axebot_description' build argument 'ament_cmake_args' from command line to 'None'
[0.508s] Level 5:colcon.colcon_core.verb:set package 'axebot_description' build argument 'catkin_cmake_args' from command line to 'None'
[0.508s] Level 5:colcon.colcon_core.verb:set package 'axebot_description' build argument 'catkin_skip_building_tests' from command line to 'False'
[0.508s] DEBUG:colcon.colcon_core.verb:Building package 'axebot_description' with the following arguments: {'ament_cmake_args': None, 'build_base': '/home/pbear/Opentopic_ws/build/axebot_description', 'catkin_cmake_args': None, 'catkin_skip_building_tests': False, 'cmake_args': None, 'cmake_clean_cache': False, 'cmake_clean_first': False, 'cmake_force_configure': False, 'cmake_target': None, 'cmake_target_skip_unavailable': False, 'install_base': '/home/pbear/Opentopic_ws/install/axebot_description', 'merge_install': False, 'path': '/home/pbear/Opentopic_ws/src/axebot/axebot_description', 'symlink_install': False, 'test_result_base': None}
[0.508s] Level 5:colcon.colcon_core.verb:set package 'omnidirectional_controllers' build argument 'cmake_args' from command line to 'None'
[0.508s] Level 5:colcon.colcon_core.verb:set package 'omnidirectional_controllers' build argument 'cmake_target' from command line to 'None'
[0.508s] Level 5:colcon.colcon_core.verb:set package 'omnidirectional_controllers' build argument 'cmake_target_skip_unavailable' from command line to 'False'
[0.508s] Level 5:colcon.colcon_core.verb:set package 'omnidirectional_controllers' build argument 'cmake_clean_cache' from command line to 'False'
[0.508s] Level 5:colcon.colcon_core.verb:set package 'omnidirectional_controllers' build argument 'cmake_clean_first' from command line to 'False'
[0.508s] Level 5:colcon.colcon_core.verb:set package 'omnidirectional_controllers' build argument 'cmake_force_configure' from command line to 'False'
[0.508s] Level 5:colcon.colcon_core.verb:set package 'omnidirectional_controllers' build argument 'ament_cmake_args' from command line to 'None'
[0.508s] Level 5:colcon.colcon_core.verb:set package 'omnidirectional_controllers' build argument 'catkin_cmake_args' from command line to 'None'
[0.508s] Level 5:colcon.colcon_core.verb:set package 'omnidirectional_controllers' build argument 'catkin_skip_building_tests' from command line to 'False'
[0.508s] DEBUG:colcon.colcon_core.verb:Building package 'omnidirectional_controllers' with the following arguments: {'ament_cmake_args': None, 'build_base': '/home/pbear/Opentopic_ws/build/omnidirectional_controllers', 'catkin_cmake_args': None, 'catkin_skip_building_tests': False, 'cmake_args': None, 'cmake_clean_cache': False, 'cmake_clean_first': False, 'cmake_force_configure': False, 'cmake_target': None, 'cmake_target_skip_unavailable': False, 'install_base': '/home/pbear/Opentopic_ws/install/omnidirectional_controllers', 'merge_install': False, 'path': '/home/pbear/Opentopic_ws/src/omnidirectional_controllers', 'symlink_install': False, 'test_result_base': None}
[0.509s] Level 5:colcon.colcon_core.verb:set package 'turtlesim_plus' build argument 'cmake_args' from command line to 'None'
[0.509s] Level 5:colcon.colcon_core.verb:set package 'turtlesim_plus' build argument 'cmake_target' from command line to 'None'
[0.509s] Level 5:colcon.colcon_core.verb:set package 'turtlesim_plus' build argument 'cmake_target_skip_unavailable' from command line to 'False'
[0.509s] Level 5:colcon.colcon_core.verb:set package 'turtlesim_plus' build argument 'cmake_clean_cache' from command line to 'False'
[0.509s] Level 5:colcon.colcon_core.verb:set package 'turtlesim_plus' build argument 'cmake_clean_first' from command line to 'False'
[0.509s] Level 5:colcon.colcon_core.verb:set package 'turtlesim_plus' build argument 'cmake_force_configure' from command line to 'False'
[0.509s] Level 5:colcon.colcon_core.verb:set package 'turtlesim_plus' build argument 'ament_cmake_args' from command line to 'None'
[0.509s] Level 5:colcon.colcon_core.verb:set package 'turtlesim_plus' build argument 'catkin_cmake_args' from command line to 'None'
[0.509s] Level 5:colcon.colcon_core.verb:set package 'turtlesim_plus' build argument 'catkin_skip_building_tests' from command line to 'False'
[0.509s] DEBUG:colcon.colcon_core.verb:Building package 'turtlesim_plus' with the following arguments: {'ament_cmake_args': None, 'build_base': '/home/pbear/Opentopic_ws/build/turtlesim_plus', 'catkin_cmake_args': None, 'catkin_skip_building_tests': False, 'cmake_args': None, 'cmake_clean_cache': False, 'cmake_clean_first': False, 'cmake_force_configure': False, 'cmake_target': None, 'cmake_target_skip_unavailable': False, 'install_base': '/home/pbear/Opentopic_ws/install/turtlesim_plus', 'merge_install': False, 'path': '/home/pbear/Opentopic_ws/src/turtlesim_plus', 'symlink_install': False, 'test_result_base': None}
[0.509s] Level 5:colcon.colcon_core.verb:set package 'turtlesim_plus_interfaces' build argument 'cmake_args' from command line to 'None'
[0.509s] Level 5:colcon.colcon_core.verb:set package 'turtlesim_plus_interfaces' build argument 'cmake_target' from command line to 'None'
[0.509s] Level 5:colcon.colcon_core.verb:set package 'turtlesim_plus_interfaces' build argument 'cmake_target_skip_unavailable' from command line to 'False'
[0.509s] Level 5:colcon.colcon_core.verb:set package 'turtlesim_plus_interfaces' build argument 'cmake_clean_cache' from command line to 'False'
[0.509s] Level 5:colcon.colcon_core.verb:set package 'turtlesim_plus_interfaces' build argument 'cmake_clean_first' from command line to 'False'
[0.509s] Level 5:colcon.colcon_core.verb:set package 'turtlesim_plus_interfaces' build argument 'cmake_force_configure' from command line to 'False'
[0.509s] Level 5:colcon.colcon_core.verb:set package 'turtlesim_plus_interfaces' build argument 'ament_cmake_args' from command line to 'None'
[0.509s] Level 5:colcon.colcon_core.verb:set package 'turtlesim_plus_interfaces' build argument 'catkin_cmake_args' from command line to 'None'
[0.509s] Level 5:colcon.colcon_core.verb:set package 'turtlesim_plus_interfaces' build argument 'catkin_skip_building_tests' from command line to 'False'
[0.509s] DEBUG:colcon.colcon_core.verb:Building package 'turtlesim_plus_interfaces' with the following arguments: {'ament_cmake_args': None, 'build_base': '/home/pbear/Opentopic_ws/build/turtlesim_plus_interfaces', 'catkin_cmake_args': None, 'catkin_skip_building_tests': False, 'cmake_args': None, 'cmake_clean_cache': False, 'cmake_clean_first': False, 'cmake_force_configure': False, 'cmake_target': None, 'cmake_target_skip_unavailable': False, 'install_base': '/home/pbear/Opentopic_ws/install/turtlesim_plus_interfaces', 'merge_install': False, 'path': '/home/pbear/Opentopic_ws/src/turtlesim_plus_interfaces', 'symlink_install': False, 'test_result_base': None}
[0.510s] Level 5:colcon.colcon_core.verb:set package 'axebot_gazebo' build argument 'cmake_args' from command line to 'None'
[0.510s] Level 5:colcon.colcon_core.verb:set package 'axebot_gazebo' build argument 'cmake_target' from command line to 'None'
[0.510s] Level 5:colcon.colcon_core.verb:set package 'axebot_gazebo' build argument 'cmake_target_skip_unavailable' from command line to 'False'
[0.510s] Level 5:colcon.colcon_core.verb:set package 'axebot_gazebo' build argument 'cmake_clean_cache' from command line to 'False'
[0.510s] Level 5:colcon.colcon_core.verb:set package 'axebot_gazebo' build argument 'cmake_clean_first' from command line to 'False'
[0.510s] Level 5:colcon.colcon_core.verb:set package 'axebot_gazebo' build argument 'cmake_force_configure' from command line to 'False'
[0.510s] Level 5:colcon.colcon_core.verb:set package 'axebot_gazebo' build argument 'ament_cmake_args' from command line to 'None'
[0.510s] Level 5:colcon.colcon_core.verb:set package 'axebot_gazebo' build argument 'catkin_cmake_args' from command line to 'None'
[0.510s] Level 5:colcon.colcon_core.verb:set package 'axebot_gazebo' build argument 'catkin_skip_building_tests' from command line to 'False'
[0.510s] DEBUG:colcon.colcon_core.verb:Building package 'axebot_gazebo' with the following arguments: {'ament_cmake_args': None, 'build_base': '/home/pbear/Opentopic_ws/build/axebot_gazebo', 'catkin_cmake_args': None, 'catkin_skip_building_tests': False, 'cmake_args': None, 'cmake_clean_cache': False, 'cmake_clean_first': False, 'cmake_force_configure': False, 'cmake_target': None, 'cmake_target_skip_unavailable': False, 'install_base': '/home/pbear/Opentopic_ws/install/axebot_gazebo', 'merge_install': False, 'path': '/home/pbear/Opentopic_ws/src/axebot/axebot_gazebo', 'symlink_install': False, 'test_result_base': None}
[0.510s] INFO:colcon.colcon_core.executor:Executing jobs using 'parallel' executor
[0.512s] DEBUG:colcon.colcon_parallel_executor.executor.parallel:run_until_complete
[0.512s] INFO:colcon.colcon_ros.task.ament_cmake.build:Building ROS package in '/home/pbear/Opentopic_ws/src/axebot/axebot_description' with build type 'ament_cmake'
[0.512s] INFO:colcon.colcon_cmake.task.cmake.build:Building CMake package in '/home/pbear/Opentopic_ws/src/axebot/axebot_description'
[0.515s] INFO:colcon.colcon_core.plugin_system:Skipping extension 'colcon_core.shell.bat': Not used on non-Windows systems
[0.515s] INFO:colcon.colcon_core.shell:Skip shell extension 'powershell' for command environment: Not usable outside of PowerShell
[0.515s] DEBUG:colcon.colcon_core.shell:Skip shell extension 'dsv' for command environment
[0.523s] INFO:colcon.colcon_ros.task.ament_cmake.build:Building ROS package in '/home/pbear/Opentopic_ws/src/axebot/axebot_control' with build type 'ament_cmake'
[0.523s] INFO:colcon.colcon_cmake.task.cmake.build:Building CMake package in '/home/pbear/Opentopic_ws/src/axebot/axebot_control'
[0.523s] INFO:colcon.colcon_core.shell:Skip shell extension 'powershell' for command environment: Not usable outside of PowerShell
[0.524s] DEBUG:colcon.colcon_core.shell:Skip shell extension 'dsv' for command environment
[0.531s] INFO:colcon.colcon_ros.task.ament_cmake.build:Building ROS package in '/home/pbear/Opentopic_ws/src/omnidirectional_controllers' with build type 'ament_cmake'
[0.531s] INFO:colcon.colcon_cmake.task.cmake.build:Building CMake package in '/home/pbear/Opentopic_ws/src/omnidirectional_controllers'
[0.532s] INFO:colcon.colcon_core.shell:Skip shell extension 'powershell' for command environment: Not usable outside of PowerShell
[0.532s] DEBUG:colcon.colcon_core.shell:Skip shell extension 'dsv' for command environment
[0.539s] INFO:colcon.colcon_ros.task.ament_cmake.build:Building ROS package in '/home/pbear/Opentopic_ws/src/turtlesim_plus' with build type 'ament_cmake'
[0.540s] INFO:colcon.colcon_cmake.task.cmake.build:Building CMake package in '/home/pbear/Opentopic_ws/src/turtlesim_plus'
[0.540s] INFO:colcon.colcon_core.shell:Skip shell extension 'powershell' for command environment: Not usable outside of PowerShell
[0.540s] DEBUG:colcon.colcon_core.shell:Skip shell extension 'dsv' for command environment
[0.547s] INFO:colcon.colcon_ros.task.ament_cmake.build:Building ROS package in '/home/pbear/Opentopic_ws/src/turtlesim_plus_interfaces' with build type 'ament_cmake'
[0.548s] INFO:colcon.colcon_cmake.task.cmake.build:Building CMake package in '/home/pbear/Opentopic_ws/src/turtlesim_plus_interfaces'
[0.548s] INFO:colcon.colcon_core.shell:Skip shell extension 'powershell' for command environment: Not usable outside of PowerShell
[0.548s] DEBUG:colcon.colcon_core.shell:Skip shell extension 'dsv' for command environment
[0.561s] DEBUG:colcon.colcon_core.event_handler.log_command:Invoking command in '/home/pbear/Opentopic_ws/build/axebot_description': CMAKE_PREFIX_PATH=${CMAKE_PREFIX_PATH}:/opt/ros/humble /usr/bin/cmake --build /home/pbear/Opentopic_ws/build/axebot_description -- -j16 -l16
[0.568s] DEBUG:colcon.colcon_core.event_handler.log_command:Invoking command in '/home/pbear/Opentopic_ws/build/axebot_control': CMAKE_PREFIX_PATH=${CMAKE_PREFIX_PATH}:/opt/ros/humble /usr/bin/cmake --build /home/pbear/Opentopic_ws/build/axebot_control -- -j16 -l16
[0.573s] DEBUG:colcon.colcon_core.event_handler.log_command:Invoking command in '/home/pbear/Opentopic_ws/build/omnidirectional_controllers': CMAKE_PREFIX_PATH=${CMAKE_PREFIX_PATH}:/opt/ros/humble /usr/bin/cmake --build /home/pbear/Opentopic_ws/build/omnidirectional_controllers -- -j16 -l16
[0.578s] DEBUG:colcon.colcon_core.event_handler.log_command:Invoking command in '/home/pbear/Opentopic_ws/build/turtlesim_plus': CMAKE_PREFIX_PATH=${CMAKE_PREFIX_PATH}:/opt/ros/humble /usr/bin/cmake --build /home/pbear/Opentopic_ws/build/turtlesim_plus -- -j16 -l16
[0.587s] DEBUG:colcon.colcon_core.event_handler.log_command:Invoking command in '/home/pbear/Opentopic_ws/build/turtlesim_plus_interfaces': CMAKE_PREFIX_PATH=${CMAKE_PREFIX_PATH}:/opt/ros/humble /usr/bin/cmake --build /home/pbear/Opentopic_ws/build/turtlesim_plus_interfaces -- -j16 -l16
[0.635s] DEBUG:colcon.colcon_core.event_handler.log_command:Invoked command in '/home/pbear/Opentopic_ws/build/axebot_description' returned '0': CMAKE_PREFIX_PATH=${CMAKE_PREFIX_PATH}:/opt/ros/humble /usr/bin/cmake --build /home/pbear/Opentopic_ws/build/axebot_description -- -j16 -l16
[0.708s] DEBUG:colcon.colcon_core.event_handler.log_command:Invoking command in '/home/pbear/Opentopic_ws/build/axebot_description': CMAKE_PREFIX_PATH=${CMAKE_PREFIX_PATH}:/opt/ros/humble /usr/bin/cmake --install /home/pbear/Opentopic_ws/build/axebot_description
[0.711s] DEBUG:colcon.colcon_core.event_handler.log_command:Invoked command in '/home/pbear/Opentopic_ws/build/axebot_control' returned '0': CMAKE_PREFIX_PATH=${CMAKE_PREFIX_PATH}:/opt/ros/humble /usr/bin/cmake --build /home/pbear/Opentopic_ws/build/axebot_control -- -j16 -l16
[0.732s] Level 1:colcon.colcon_core.environment:create_environment_scripts_only(axebot_description)
[0.733s] DEBUG:colcon.colcon_core.event_handler.log_command:Invoked command in '/home/pbear/Opentopic_ws/build/axebot_description' returned '0': CMAKE_PREFIX_PATH=${CMAKE_PREFIX_PATH}:/opt/ros/humble /usr/bin/cmake --install /home/pbear/Opentopic_ws/build/axebot_description
[0.741s] Level 1:colcon.colcon_core.environment:checking '/home/pbear/Opentopic_ws/install/axebot_description' for CMake module files
[0.743s] Level 1:colcon.colcon_core.environment:checking '/home/pbear/Opentopic_ws/install/axebot_description' for CMake config files
[0.744s] Level 1:colcon.colcon_core.shell:create_environment_hook('axebot_description', 'cmake_prefix_path')
[0.745s] INFO:colcon.colcon_core.shell:Creating environment hook '/home/pbear/Opentopic_ws/install/axebot_description/share/axebot_description/hook/cmake_prefix_path.ps1'
[0.747s] INFO:colcon.colcon_core.shell:Creating environment descriptor '/home/pbear/Opentopic_ws/install/axebot_description/share/axebot_description/hook/cmake_prefix_path.dsv'
[0.749s] INFO:colcon.colcon_core.shell:Creating environment hook '/home/pbear/Opentopic_ws/install/axebot_description/share/axebot_description/hook/cmake_prefix_path.sh'
[0.750s] Level 1:colcon.colcon_core.environment:checking '/home/pbear/Opentopic_ws/install/axebot_description/bin'
[0.751s] Level 1:colcon.colcon_core.environment:checking '/home/pbear/Opentopic_ws/install/axebot_description/lib/pkgconfig/axebot_description.pc'
[0.751s] Level 1:colcon.colcon_core.environment:checking '/home/pbear/Opentopic_ws/install/axebot_description/lib/python3.10/site-packages'
[0.751s] Level 1:colcon.colcon_core.environment:checking '/home/pbear/Opentopic_ws/install/axebot_description/bin'
[0.752s] INFO:colcon.colcon_core.shell:Creating package script '/home/pbear/Opentopic_ws/install/axebot_description/share/axebot_description/package.ps1'
[0.753s] INFO:colcon.colcon_core.shell:Creating package descriptor '/home/pbear/Opentopic_ws/install/axebot_description/share/axebot_description/package.dsv'
[0.754s] INFO:colcon.colcon_core.shell:Creating package script '/home/pbear/Opentopic_ws/install/axebot_description/share/axebot_description/package.sh'
[0.755s] INFO:colcon.colcon_core.shell:Creating package script '/home/pbear/Opentopic_ws/install/axebot_description/share/axebot_description/package.bash'
[0.756s] INFO:colcon.colcon_core.shell:Creating package script '/home/pbear/Opentopic_ws/install/axebot_description/share/axebot_description/package.zsh'
[0.757s] Level 1:colcon.colcon_core.environment:create_file_with_runtime_dependencies(/home/pbear/Opentopic_ws/install/axebot_description/share/colcon-core/packages/axebot_description)
[0.765s] DEBUG:colcon.colcon_core.event_handler.log_command:Invoked command in '/home/pbear/Opentopic_ws/build/omnidirectional_controllers' returned '0': CMAKE_PREFIX_PATH=${CMAKE_PREFIX_PATH}:/opt/ros/humble /usr/bin/cmake --build /home/pbear/Opentopic_ws/build/omnidirectional_controllers -- -j16 -l16
[0.792s] DEBUG:colcon.colcon_core.event_handler.log_command:Invoking command in '/home/pbear/Opentopic_ws/build/axebot_control': CMAKE_PREFIX_PATH=${CMAKE_PREFIX_PATH}:/opt/ros/humble /usr/bin/cmake --install /home/pbear/Opentopic_ws/build/axebot_control
[0.815s] Level 1:colcon.colcon_core.environment:create_environment_scripts_only(axebot_description)
[0.816s] Level 1:colcon.colcon_core.environment:checking '/home/pbear/Opentopic_ws/install/axebot_description' for CMake module files
[0.817s] Level 1:colcon.colcon_core.environment:checking '/home/pbear/Opentopic_ws/install/axebot_description' for CMake config files
[0.818s] Level 1:colcon.colcon_core.shell:create_environment_hook('axebot_description', 'cmake_prefix_path')
[0.818s] INFO:colcon.colcon_core.shell:Creating environment hook '/home/pbear/Opentopic_ws/install/axebot_description/share/axebot_description/hook/cmake_prefix_path.ps1'
[0.819s] INFO:colcon.colcon_core.shell:Creating environment descriptor '/home/pbear/Opentopic_ws/install/axebot_description/share/axebot_description/hook/cmake_prefix_path.dsv'
[0.820s] INFO:colcon.colcon_core.shell:Creating environment hook '/home/pbear/Opentopic_ws/install/axebot_description/share/axebot_description/hook/cmake_prefix_path.sh'
[0.821s] Level 1:colcon.colcon_core.environment:checking '/home/pbear/Opentopic_ws/install/axebot_description/bin'
[0.821s] Level 1:colcon.colcon_core.environment:checking '/home/pbear/Opentopic_ws/install/axebot_description/lib/pkgconfig/axebot_description.pc'
[0.822s] Level 1:colcon.colcon_core.environment:checking '/home/pbear/Opentopic_ws/install/axebot_description/lib/python3.10/site-packages'
[0.822s] Level 1:colcon.colcon_core.environment:checking '/home/pbear/Opentopic_ws/install/axebot_description/bin'
[0.823s] INFO:colcon.colcon_core.shell:Creating package script '/home/pbear/Opentopic_ws/install/axebot_description/share/axebot_description/package.ps1'
[0.824s] INFO:colcon.colcon_core.shell:Creating package descriptor '/home/pbear/Opentopic_ws/install/axebot_description/share/axebot_description/package.dsv'
[0.825s] INFO:colcon.colcon_core.shell:Creating package script '/home/pbear/Opentopic_ws/install/axebot_description/share/axebot_description/package.sh'
[0.826s] INFO:colcon.colcon_core.shell:Creating package script '/home/pbear/Opentopic_ws/install/axebot_description/share/axebot_description/package.bash'
[0.827s] INFO:colcon.colcon_core.shell:Creating package script '/home/pbear/Opentopic_ws/install/axebot_description/share/axebot_description/package.zsh'
[0.828s] Level 1:colcon.colcon_core.environment:create_file_with_runtime_dependencies(/home/pbear/Opentopic_ws/install/axebot_description/share/colcon-core/packages/axebot_description)
[0.830s] INFO:colcon.colcon_ros.task.ament_cmake.build:Building ROS package in '/home/pbear/Opentopic_ws/src/axebot/axebot_gazebo' with build type 'ament_cmake'
[0.830s] INFO:colcon.colcon_cmake.task.cmake.build:Building CMake package in '/home/pbear/Opentopic_ws/src/axebot/axebot_gazebo'
[0.831s] INFO:colcon.colcon_core.shell:Skip shell extension 'powershell' for command environment: Not usable outside of PowerShell
[0.832s] DEBUG:colcon.colcon_core.shell:Skip shell extension 'dsv' for command environment
[0.845s] Level 1:colcon.colcon_core.environment:create_environment_scripts_only(axebot_control)
[0.846s] Level 1:colcon.colcon_core.environment:checking '/home/pbear/Opentopic_ws/install/axebot_control' for CMake module files
[0.847s] DEBUG:colcon.colcon_core.event_handler.log_command:Invoked command in '/home/pbear/Opentopic_ws/build/axebot_control' returned '0': CMAKE_PREFIX_PATH=${CMAKE_PREFIX_PATH}:/opt/ros/humble /usr/bin/cmake --install /home/pbear/Opentopic_ws/build/axebot_control
[0.847s] Level 1:colcon.colcon_core.environment:checking '/home/pbear/Opentopic_ws/install/axebot_control' for CMake config files
[0.847s] Level 1:colcon.colcon_core.shell:create_environment_hook('axebot_control', 'cmake_prefix_path')
[0.848s] INFO:colcon.colcon_core.shell:Creating environment hook '/home/pbear/Opentopic_ws/install/axebot_control/share/axebot_control/hook/cmake_prefix_path.ps1'
[0.849s] INFO:colcon.colcon_core.shell:Creating environment descriptor '/home/pbear/Opentopic_ws/install/axebot_control/share/axebot_control/hook/cmake_prefix_path.dsv'
[0.849s] INFO:colcon.colcon_core.shell:Creating environment hook '/home/pbear/Opentopic_ws/install/axebot_control/share/axebot_control/hook/cmake_prefix_path.sh'
[0.850s] Level 1:colcon.colcon_core.environment:checking '/home/pbear/Opentopic_ws/install/axebot_control/lib'
[0.851s] Level 1:colcon.colcon_core.environment:checking '/home/pbear/Opentopic_ws/install/axebot_control/bin'
[0.851s] Level 1:colcon.colcon_core.environment:checking '/home/pbear/Opentopic_ws/install/axebot_control/lib/pkgconfig/axebot_control.pc'
[0.852s] Level 1:colcon.colcon_core.environment:checking '/home/pbear/Opentopic_ws/install/axebot_control/lib/python3.10/site-packages'
[0.852s] Level 1:colcon.colcon_core.environment:checking '/home/pbear/Opentopic_ws/install/axebot_control/bin'
[0.852s] INFO:colcon.colcon_core.shell:Creating package script '/home/pbear/Opentopic_ws/install/axebot_control/share/axebot_control/package.ps1'
[0.853s] INFO:colcon.colcon_core.shell:Creating package descriptor '/home/pbear/Opentopic_ws/install/axebot_control/share/axebot_control/package.dsv'
[0.854s] INFO:colcon.colcon_core.shell:Creating package script '/home/pbear/Opentopic_ws/install/axebot_control/share/axebot_control/package.sh'
[0.854s] INFO:colcon.colcon_core.shell:Creating package script '/home/pbear/Opentopic_ws/install/axebot_control/share/axebot_control/package.bash'
[0.854s] INFO:colcon.colcon_core.shell:Creating package script '/home/pbear/Opentopic_ws/install/axebot_control/share/axebot_control/package.zsh'
[0.855s] Level 1:colcon.colcon_core.environment:create_file_with_runtime_dependencies(/home/pbear/Opentopic_ws/install/axebot_control/share/colcon-core/packages/axebot_control)
[0.862s] DEBUG:colcon.colcon_core.event_handler.log_command:Invoking command in '/home/pbear/Opentopic_ws/build/axebot_gazebo': CMAKE_PREFIX_PATH=/home/pbear/Opentopic_ws/install/axebot_description:/home/pbear/Opentopic_ws/install/turtlesim_plus_interfaces:/home/pbear/Opentopic_ws/install/turtlesim_plus:/home/pbear/Opentopic_ws/install/omnidirectional_controllers:/home/pbear/Opentopic_ws/install/axebot_gazebo:/home/pbear/Opentopic_ws/install/axebot_control:/home/pbear/fra501_ws/install/megarover_samples_ros2:/home/pbear/fra501_ws/install/xicro_pkg:/home/pbear/fra501_ws/install/xicro_interfaces:/home/pbear/fra501_ws/install/turtlesim_plus_interfaces:/home/pbear/fra501_ws/install/turtlesim_plus:/home/pbear/fra501_ws/install/turtlesim_interfaces:/home/pbear/fra501_ws/install/turtlesim_control:/home/pbear/fra501_ws/install/software_integration:/home/pbear/fra501_ws/install/noob_gazebo:/home/pbear/fra501_ws/install/noob_description:/home/pbear/fra501_ws/install/my_controller_interfaces:/home/pbear/fra501_ws/install/my_controller:/home/pbear/fra501_ws/install/example_description:/home/pbear/FRA501_exam1_6417_6440/install/turtlesim_plus_interfaces:/home/pbear/FRA501_exam1_6417_6440/install/turtlesim_plus:/home/pbear/FRA501_exam1_6417_6440/install/turtle_control:/opt/ros/humble /usr/bin/cmake --build /home/pbear/Opentopic_ws/build/axebot_gazebo -- -j16 -l16
[0.874s] DEBUG:colcon.colcon_core.event_handler.log_command:Invoking command in '/home/pbear/Opentopic_ws/build/omnidirectional_controllers': CMAKE_PREFIX_PATH=${CMAKE_PREFIX_PATH}:/opt/ros/humble /usr/bin/cmake --install /home/pbear/Opentopic_ws/build/omnidirectional_controllers
[0.894s] Level 1:colcon.colcon_core.environment:create_environment_scripts_only(omnidirectional_controllers)
[0.895s] Level 1:colcon.colcon_core.environment:checking '/home/pbear/Opentopic_ws/install/omnidirectional_controllers' for CMake module files
[0.896s] DEBUG:colcon.colcon_core.event_handler.log_command:Invoked command in '/home/pbear/Opentopic_ws/build/omnidirectional_controllers' returned '0': CMAKE_PREFIX_PATH=${CMAKE_PREFIX_PATH}:/opt/ros/humble /usr/bin/cmake --install /home/pbear/Opentopic_ws/build/omnidirectional_controllers
[0.897s] Level 1:colcon.colcon_core.environment:checking '/home/pbear/Opentopic_ws/install/omnidirectional_controllers' for CMake config files
[0.897s] Level 1:colcon.colcon_core.shell:create_environment_hook('omnidirectional_controllers', 'cmake_prefix_path')
[0.897s] INFO:colcon.colcon_core.shell:Creating environment hook '/home/pbear/Opentopic_ws/install/omnidirectional_controllers/share/omnidirectional_controllers/hook/cmake_prefix_path.ps1'
[0.898s] INFO:colcon.colcon_core.shell:Creating environment descriptor '/home/pbear/Opentopic_ws/install/omnidirectional_controllers/share/omnidirectional_controllers/hook/cmake_prefix_path.dsv'
[0.899s] INFO:colcon.colcon_core.shell:Creating environment hook '/home/pbear/Opentopic_ws/install/omnidirectional_controllers/share/omnidirectional_controllers/hook/cmake_prefix_path.sh'
[0.899s] Level 1:colcon.colcon_core.environment:checking '/home/pbear/Opentopic_ws/install/omnidirectional_controllers/lib'
[0.900s] Level 1:colcon.colcon_core.shell:create_environment_hook('omnidirectional_controllers', 'ld_library_path_lib')
[0.900s] INFO:colcon.colcon_core.shell:Creating environment hook '/home/pbear/Opentopic_ws/install/omnidirectional_controllers/share/omnidirectional_controllers/hook/ld_library_path_lib.ps1'
[0.900s] INFO:colcon.colcon_core.shell:Creating environment descriptor '/home/pbear/Opentopic_ws/install/omnidirectional_controllers/share/omnidirectional_controllers/hook/ld_library_path_lib.dsv'
[0.901s] INFO:colcon.colcon_core.shell:Creating environment hook '/home/pbear/Opentopic_ws/install/omnidirectional_controllers/share/omnidirectional_controllers/hook/ld_library_path_lib.sh'
[0.901s] Level 1:colcon.colcon_core.environment:checking '/home/pbear/Opentopic_ws/install/omnidirectional_controllers/bin'
[0.901s] Level 1:colcon.colcon_core.environment:checking '/home/pbear/Opentopic_ws/install/omnidirectional_controllers/lib/pkgconfig/omnidirectional_controllers.pc'
[0.902s] Level 1:colcon.colcon_core.environment:checking '/home/pbear/Opentopic_ws/install/omnidirectional_controllers/lib/python3.10/site-packages'
[0.902s] Level 1:colcon.colcon_core.environment:checking '/home/pbear/Opentopic_ws/install/omnidirectional_controllers/bin'
[0.902s] INFO:colcon.colcon_core.shell:Creating package script '/home/pbear/Opentopic_ws/install/omnidirectional_controllers/share/omnidirectional_controllers/package.ps1'
[0.903s] INFO:colcon.colcon_core.shell:Creating package descriptor '/home/pbear/Opentopic_ws/install/omnidirectional_controllers/share/omnidirectional_controllers/package.dsv'
[0.904s] INFO:colcon.colcon_core.shell:Creating package script '/home/pbear/Opentopic_ws/install/omnidirectional_controllers/share/omnidirectional_controllers/package.sh'
[0.904s] INFO:colcon.colcon_core.shell:Creating package script '/home/pbear/Opentopic_ws/install/omnidirectional_controllers/share/omnidirectional_controllers/package.bash'
[0.905s] INFO:colcon.colcon_core.shell:Creating package script '/home/pbear/Opentopic_ws/install/omnidirectional_controllers/share/omnidirectional_controllers/package.zsh'
[0.906s] Level 1:colcon.colcon_core.environment:create_file_with_runtime_dependencies(/home/pbear/Opentopic_ws/install/omnidirectional_controllers/share/colcon-core/packages/omnidirectional_controllers)
[0.914s] Level 1:colcon.colcon_core.environment:create_environment_scripts_only(axebot_control)
[0.915s] Level 1:colcon.colcon_core.environment:checking '/home/pbear/Opentopic_ws/install/axebot_control' for CMake module files
[0.916s] Level 1:colcon.colcon_core.environment:checking '/home/pbear/Opentopic_ws/install/axebot_control' for CMake config files
[0.916s] Level 1:colcon.colcon_core.shell:create_environment_hook('axebot_control', 'cmake_prefix_path')
[0.917s] INFO:colcon.colcon_core.shell:Creating environment hook '/home/pbear/Opentopic_ws/install/axebot_control/share/axebot_control/hook/cmake_prefix_path.ps1'
[0.917s] INFO:colcon.colcon_core.shell:Creating environment descriptor '/home/pbear/Opentopic_ws/install/axebot_control/share/axebot_control/hook/cmake_prefix_path.dsv'
[0.918s] INFO:colcon.colcon_core.shell:Creating environment hook '/home/pbear/Opentopic_ws/install/axebot_control/share/axebot_control/hook/cmake_prefix_path.sh'
[0.919s] Level 1:colcon.colcon_core.environment:checking '/home/pbear/Opentopic_ws/install/axebot_control/lib'
[0.919s] Level 1:colcon.colcon_core.environment:checking '/home/pbear/Opentopic_ws/install/axebot_control/bin'
[0.919s] Level 1:colcon.colcon_core.environment:checking '/home/pbear/Opentopic_ws/install/axebot_control/lib/pkgconfig/axebot_control.pc'
[0.920s] Level 1:colcon.colcon_core.environment:checking '/home/pbear/Opentopic_ws/install/axebot_control/lib/python3.10/site-packages'
[0.920s] Level 1:colcon.colcon_core.environment:checking '/home/pbear/Opentopic_ws/install/axebot_control/bin'
[0.921s] INFO:colcon.colcon_core.shell:Creating package script '/home/pbear/Opentopic_ws/install/axebot_control/share/axebot_control/package.ps1'
[0.922s] INFO:colcon.colcon_core.shell:Creating package descriptor '/home/pbear/Opentopic_ws/install/axebot_control/share/axebot_control/package.dsv'
[0.923s] INFO:colcon.colcon_core.shell:Creating package script '/home/pbear/Opentopic_ws/install/axebot_control/share/axebot_control/package.sh'
[0.923s] INFO:colcon.colcon_core.shell:Creating package script '/home/pbear/Opentopic_ws/install/axebot_control/share/axebot_control/package.bash'
[0.924s] INFO:colcon.colcon_core.shell:Creating package script '/home/pbear/Opentopic_ws/install/axebot_control/share/axebot_control/package.zsh'
[0.925s] Level 1:colcon.colcon_core.environment:create_file_with_runtime_dependencies(/home/pbear/Opentopic_ws/install/axebot_control/share/colcon-core/packages/axebot_control)
[0.935s] DEBUG:colcon.colcon_core.event_handler.log_command:Invoked command in '/home/pbear/Opentopic_ws/build/axebot_gazebo' returned '0': CMAKE_PREFIX_PATH=/home/pbear/Opentopic_ws/install/axebot_description:/home/pbear/Opentopic_ws/install/turtlesim_plus_interfaces:/home/pbear/Opentopic_ws/install/turtlesim_plus:/home/pbear/Opentopic_ws/install/omnidirectional_controllers:/home/pbear/Opentopic_ws/install/axebot_gazebo:/home/pbear/Opentopic_ws/install/axebot_control:/home/pbear/fra501_ws/install/megarover_samples_ros2:/home/pbear/fra501_ws/install/xicro_pkg:/home/pbear/fra501_ws/install/xicro_interfaces:/home/pbear/fra501_ws/install/turtlesim_plus_interfaces:/home/pbear/fra501_ws/install/turtlesim_plus:/home/pbear/fra501_ws/install/turtlesim_interfaces:/home/pbear/fra501_ws/install/turtlesim_control:/home/pbear/fra501_ws/install/software_integration:/home/pbear/fra501_ws/install/noob_gazebo:/home/pbear/fra501_ws/install/noob_description:/home/pbear/fra501_ws/install/my_controller_interfaces:/home/pbear/fra501_ws/install/my_controller:/home/pbear/fra501_ws/install/example_description:/home/pbear/FRA501_exam1_6417_6440/install/turtlesim_plus_interfaces:/home/pbear/FRA501_exam1_6417_6440/install/turtlesim_plus:/home/pbear/FRA501_exam1_6417_6440/install/turtle_control:/opt/ros/humble /usr/bin/cmake --build /home/pbear/Opentopic_ws/build/axebot_gazebo -- -j16 -l16
[0.984s] DEBUG:colcon.colcon_core.event_handler.log_command:Invoking command in '/home/pbear/Opentopic_ws/build/axebot_gazebo': CMAKE_PREFIX_PATH=/home/pbear/Opentopic_ws/install/axebot_description:/home/pbear/Opentopic_ws/install/turtlesim_plus_interfaces:/home/pbear/Opentopic_ws/install/turtlesim_plus:/home/pbear/Opentopic_ws/install/omnidirectional_controllers:/home/pbear/Opentopic_ws/install/axebot_gazebo:/home/pbear/Opentopic_ws/install/axebot_control:/home/pbear/fra501_ws/install/megarover_samples_ros2:/home/pbear/fra501_ws/install/xicro_pkg:/home/pbear/fra501_ws/install/xicro_interfaces:/home/pbear/fra501_ws/install/turtlesim_plus_interfaces:/home/pbear/fra501_ws/install/turtlesim_plus:/home/pbear/fra501_ws/install/turtlesim_interfaces:/home/pbear/fra501_ws/install/turtlesim_control:/home/pbear/fra501_ws/install/software_integration:/home/pbear/fra501_ws/install/noob_gazebo:/home/pbear/fra501_ws/install/noob_description:/home/pbear/fra501_ws/install/my_controller_interfaces:/home/pbear/fra501_ws/install/my_controller:/home/pbear/fra501_ws/install/example_description:/home/pbear/FRA501_exam1_6417_6440/install/turtlesim_plus_interfaces:/home/pbear/FRA501_exam1_6417_6440/install/turtlesim_plus:/home/pbear/FRA501_exam1_6417_6440/install/turtle_control:/opt/ros/humble /usr/bin/cmake --install /home/pbear/Opentopic_ws/build/axebot_gazebo
[1.001s] Level 1:colcon.colcon_core.environment:create_environment_scripts_only(axebot_gazebo)
[1.002s] Level 1:colcon.colcon_core.environment:checking '/home/pbear/Opentopic_ws/install/axebot_gazebo' for CMake module files
[1.003s] DEBUG:colcon.colcon_core.event_handler.log_command:Invoked command in '/home/pbear/Opentopic_ws/build/axebot_gazebo' returned '0': CMAKE_PREFIX_PATH=/home/pbear/Opentopic_ws/install/axebot_description:/home/pbear/Opentopic_ws/install/turtlesim_plus_interfaces:/home/pbear/Opentopic_ws/install/turtlesim_plus:/home/pbear/Opentopic_ws/install/omnidirectional_controllers:/home/pbear/Opentopic_ws/install/axebot_gazebo:/home/pbear/Opentopic_ws/install/axebot_control:/home/pbear/fra501_ws/install/megarover_samples_ros2:/home/pbear/fra501_ws/install/xicro_pkg:/home/pbear/fra501_ws/install/xicro_interfaces:/home/pbear/fra501_ws/install/turtlesim_plus_interfaces:/home/pbear/fra501_ws/install/turtlesim_plus:/home/pbear/fra501_ws/install/turtlesim_interfaces:/home/pbear/fra501_ws/install/turtlesim_control:/home/pbear/fra501_ws/install/software_integration:/home/pbear/fra501_ws/install/noob_gazebo:/home/pbear/fra501_ws/install/noob_description:/home/pbear/fra501_ws/install/my_controller_interfaces:/home/pbear/fra501_ws/install/my_controller:/home/pbear/fra501_ws/install/example_description:/home/pbear/FRA501_exam1_6417_6440/install/turtlesim_plus_interfaces:/home/pbear/FRA501_exam1_6417_6440/install/turtlesim_plus:/home/pbear/FRA501_exam1_6417_6440/install/turtle_control:/opt/ros/humble /usr/bin/cmake --install /home/pbear/Opentopic_ws/build/axebot_gazebo
[1.003s] Level 1:colcon.colcon_core.environment:checking '/home/pbear/Opentopic_ws/install/axebot_gazebo' for CMake config files
[1.004s] Level 1:colcon.colcon_core.shell:create_environment_hook('axebot_gazebo', 'cmake_prefix_path')
[1.004s] INFO:colcon.colcon_core.shell:Creating environment hook '/home/pbear/Opentopic_ws/install/axebot_gazebo/share/axebot_gazebo/hook/cmake_prefix_path.ps1'
[1.005s] INFO:colcon.colcon_core.shell:Creating environment descriptor '/home/pbear/Opentopic_ws/install/axebot_gazebo/share/axebot_gazebo/hook/cmake_prefix_path.dsv'
[1.005s] INFO:colcon.colcon_core.shell:Creating environment hook '/home/pbear/Opentopic_ws/install/axebot_gazebo/share/axebot_gazebo/hook/cmake_prefix_path.sh'
[1.006s] Level 1:colcon.colcon_core.environment:checking '/home/pbear/Opentopic_ws/install/axebot_gazebo/bin'
[1.006s] Level 1:colcon.colcon_core.environment:checking '/home/pbear/Opentopic_ws/install/axebot_gazebo/lib/pkgconfig/axebot_gazebo.pc'
[1.006s] Level 1:colcon.colcon_core.environment:checking '/home/pbear/Opentopic_ws/install/axebot_gazebo/lib/python3.10/site-packages'
[1.006s] Level 1:colcon.colcon_core.environment:checking '/home/pbear/Opentopic_ws/install/axebot_gazebo/bin'
[1.006s] INFO:colcon.colcon_core.shell:Creating package script '/home/pbear/Opentopic_ws/install/axebot_gazebo/share/axebot_gazebo/package.ps1'
[1.007s] INFO:colcon.colcon_core.shell:Creating package descriptor '/home/pbear/Opentopic_ws/install/axebot_gazebo/share/axebot_gazebo/package.dsv'
[1.008s] INFO:colcon.colcon_core.shell:Creating package script '/home/pbear/Opentopic_ws/install/axebot_gazebo/share/axebot_gazebo/package.sh'
[1.008s] INFO:colcon.colcon_core.shell:Creating package script '/home/pbear/Opentopic_ws/install/axebot_gazebo/share/axebot_gazebo/package.bash'
[1.008s] INFO:colcon.colcon_core.shell:Creating package script '/home/pbear/Opentopic_ws/install/axebot_gazebo/share/axebot_gazebo/package.zsh'
[1.009s] Level 1:colcon.colcon_core.environment:create_file_with_runtime_dependencies(/home/pbear/Opentopic_ws/install/axebot_gazebo/share/colcon-core/packages/axebot_gazebo)
[1.011s] Level 1:colcon.colcon_core.environment:create_environment_scripts_only(omnidirectional_controllers)
[1.011s] Level 1:colcon.colcon_core.environment:checking '/home/pbear/Opentopic_ws/install/omnidirectional_controllers' for CMake module files
[1.012s] Level 1:colcon.colcon_core.environment:checking '/home/pbear/Opentopic_ws/install/omnidirectional_controllers' for CMake config files
[1.012s] Level 1:colcon.colcon_core.shell:create_environment_hook('omnidirectional_controllers', 'cmake_prefix_path')
[1.012s] INFO:colcon.colcon_core.shell:Creating environment hook '/home/pbear/Opentopic_ws/install/omnidirectional_controllers/share/omnidirectional_controllers/hook/cmake_prefix_path.ps1'
[1.013s] INFO:colcon.colcon_core.shell:Creating environment descriptor '/home/pbear/Opentopic_ws/install/omnidirectional_controllers/share/omnidirectional_controllers/hook/cmake_prefix_path.dsv'
[1.014s] INFO:colcon.colcon_core.shell:Creating environment hook '/home/pbear/Opentopic_ws/install/omnidirectional_controllers/share/omnidirectional_controllers/hook/cmake_prefix_path.sh'
[1.014s] Level 1:colcon.colcon_core.environment:checking '/home/pbear/Opentopic_ws/install/omnidirectional_controllers/lib'
[1.015s] Level 1:colcon.colcon_core.shell:create_environment_hook('omnidirectional_controllers', 'ld_library_path_lib')
[1.015s] INFO:colcon.colcon_core.shell:Creating environment hook '/home/pbear/Opentopic_ws/install/omnidirectional_controllers/share/omnidirectional_controllers/hook/ld_library_path_lib.ps1'
[1.016s] INFO:colcon.colcon_core.shell:Creating environment descriptor '/home/pbear/Opentopic_ws/install/omnidirectional_controllers/share/omnidirectional_controllers/hook/ld_library_path_lib.dsv'
[1.016s] INFO:colcon.colcon_core.shell:Creating environment hook '/home/pbear/Opentopic_ws/install/omnidirectional_controllers/share/omnidirectional_controllers/hook/ld_library_path_lib.sh'
[1.016s] Level 1:colcon.colcon_core.environment:checking '/home/pbear/Opentopic_ws/install/omnidirectional_controllers/bin'
[1.016s] Level 1:colcon.colcon_core.environment:checking '/home/pbear/Opentopic_ws/install/omnidirectional_controllers/lib/pkgconfig/omnidirectional_controllers.pc'
[1.017s] Level 1:colcon.colcon_core.environment:checking '/home/pbear/Opentopic_ws/install/omnidirectional_controllers/lib/python3.10/site-packages'
[1.017s] Level 1:colcon.colcon_core.environment:checking '/home/pbear/Opentopic_ws/install/omnidirectional_controllers/bin'
[1.017s] INFO:colcon.colcon_core.shell:Creating package script '/home/pbear/Opentopic_ws/install/omnidirectional_controllers/share/omnidirectional_controllers/package.ps1'
[1.018s] INFO:colcon.colcon_core.shell:Creating package descriptor '/home/pbear/Opentopic_ws/install/omnidirectional_controllers/share/omnidirectional_controllers/package.dsv'
[1.018s] INFO:colcon.colcon_core.shell:Creating package script '/home/pbear/Opentopic_ws/install/omnidirectional_controllers/share/omnidirectional_controllers/package.sh'
[1.019s] INFO:colcon.colcon_core.shell:Creating package script '/home/pbear/Opentopic_ws/install/omnidirectional_controllers/share/omnidirectional_controllers/package.bash'
[1.019s] INFO:colcon.colcon_core.shell:Creating package script '/home/pbear/Opentopic_ws/install/omnidirectional_controllers/share/omnidirectional_controllers/package.zsh'
[1.020s] Level 1:colcon.colcon_core.environment:create_file_with_runtime_dependencies(/home/pbear/Opentopic_ws/install/omnidirectional_controllers/share/colcon-core/packages/omnidirectional_controllers)
[1.064s] Level 1:colcon.colcon_core.environment:create_environment_scripts_only(axebot_gazebo)
[1.065s] Level 1:colcon.colcon_core.environment:checking '/home/pbear/Opentopic_ws/install/axebot_gazebo' for CMake module files
[1.066s] Level 1:colcon.colcon_core.environment:checking '/home/pbear/Opentopic_ws/install/axebot_gazebo' for CMake config files
[1.066s] Level 1:colcon.colcon_core.shell:create_environment_hook('axebot_gazebo', 'cmake_prefix_path')
[1.066s] INFO:colcon.colcon_core.shell:Creating environment hook '/home/pbear/Opentopic_ws/install/axebot_gazebo/share/axebot_gazebo/hook/cmake_prefix_path.ps1'
[1.067s] INFO:colcon.colcon_core.shell:Creating environment descriptor '/home/pbear/Opentopic_ws/install/axebot_gazebo/share/axebot_gazebo/hook/cmake_prefix_path.dsv'
[1.067s] INFO:colcon.colcon_core.shell:Creating environment hook '/home/pbear/Opentopic_ws/install/axebot_gazebo/share/axebot_gazebo/hook/cmake_prefix_path.sh'
[1.068s] Level 1:colcon.colcon_core.environment:checking '/home/pbear/Opentopic_ws/install/axebot_gazebo/bin'
[1.068s] Level 1:colcon.colcon_core.environment:checking '/home/pbear/Opentopic_ws/install/axebot_gazebo/lib/pkgconfig/axebot_gazebo.pc'
[1.068s] Level 1:colcon.colcon_core.environment:checking '/home/pbear/Opentopic_ws/install/axebot_gazebo/lib/python3.10/site-packages'
[1.069s] Level 1:colcon.colcon_core.environment:checking '/home/pbear/Opentopic_ws/install/axebot_gazebo/bin'
[1.069s] INFO:colcon.colcon_core.shell:Creating package script '/home/pbear/Opentopic_ws/install/axebot_gazebo/share/axebot_gazebo/package.ps1'
[1.070s] INFO:colcon.colcon_core.shell:Creating package descriptor '/home/pbear/Opentopic_ws/install/axebot_gazebo/share/axebot_gazebo/package.dsv'
[1.070s] INFO:colcon.colcon_core.shell:Creating package script '/home/pbear/Opentopic_ws/install/axebot_gazebo/share/axebot_gazebo/package.sh'
[1.071s] INFO:colcon.colcon_core.shell:Creating package script '/home/pbear/Opentopic_ws/install/axebot_gazebo/share/axebot_gazebo/package.bash'
[1.071s] INFO:colcon.colcon_core.shell:Creating package script '/home/pbear/Opentopic_ws/install/axebot_gazebo/share/axebot_gazebo/package.zsh'
[1.072s] Level 1:colcon.colcon_core.environment:create_file_with_runtime_dependencies(/home/pbear/Opentopic_ws/install/axebot_gazebo/share/colcon-core/packages/axebot_gazebo)
[1.209s] DEBUG:colcon.colcon_core.event_handler.log_command:Invoked command in '/home/pbear/Opentopic_ws/build/turtlesim_plus' returned '0': CMAKE_PREFIX_PATH=${CMAKE_PREFIX_PATH}:/opt/ros/humble /usr/bin/cmake --build /home/pbear/Opentopic_ws/build/turtlesim_plus -- -j16 -l16
[1.219s] DEBUG:colcon.colcon_core.event_handler.log_command:Invoked command in '/home/pbear/Opentopic_ws/build/turtlesim_plus_interfaces' returned '0': CMAKE_PREFIX_PATH=${CMAKE_PREFIX_PATH}:/opt/ros/humble /usr/bin/cmake --build /home/pbear/Opentopic_ws/build/turtlesim_plus_interfaces -- -j16 -l16
[1.272s] DEBUG:colcon.colcon_core.event_handler.log_command:Invoking command in '/home/pbear/Opentopic_ws/build/turtlesim_plus': CMAKE_PREFIX_PATH=${CMAKE_PREFIX_PATH}:/opt/ros/humble /usr/bin/cmake --install /home/pbear/Opentopic_ws/build/turtlesim_plus
[1.355s] Level 1:colcon.colcon_core.environment:create_environment_scripts_only(turtlesim_plus)
[1.355s] Level 1:colcon.colcon_core.environment:checking '/home/pbear/Opentopic_ws/install/turtlesim_plus' for CMake module files
[1.356s] DEBUG:colcon.colcon_core.event_handler.log_command:Invoked command in '/home/pbear/Opentopic_ws/build/turtlesim_plus' returned '0': CMAKE_PREFIX_PATH=${CMAKE_PREFIX_PATH}:/opt/ros/humble /usr/bin/cmake --install /home/pbear/Opentopic_ws/build/turtlesim_plus
[1.357s] Level 1:colcon.colcon_core.environment:checking '/home/pbear/Opentopic_ws/install/turtlesim_plus' for CMake config files
[1.357s] Level 1:colcon.colcon_core.shell:create_environment_hook('turtlesim_plus', 'cmake_prefix_path')
[1.358s] INFO:colcon.colcon_core.shell:Creating environment hook '/home/pbear/Opentopic_ws/install/turtlesim_plus/share/turtlesim_plus/hook/cmake_prefix_path.ps1'
[1.358s] INFO:colcon.colcon_core.shell:Creating environment descriptor '/home/pbear/Opentopic_ws/install/turtlesim_plus/share/turtlesim_plus/hook/cmake_prefix_path.dsv'
[1.359s] INFO:colcon.colcon_core.shell:Creating environment hook '/home/pbear/Opentopic_ws/install/turtlesim_plus/share/turtlesim_plus/hook/cmake_prefix_path.sh'
[1.359s] Level 1:colcon.colcon_core.environment:checking '/home/pbear/Opentopic_ws/install/turtlesim_plus/lib'
[1.359s] Level 1:colcon.colcon_core.environment:checking '/home/pbear/Opentopic_ws/install/turtlesim_plus/bin'
[1.359s] Level 1:colcon.colcon_core.environment:checking '/home/pbear/Opentopic_ws/install/turtlesim_plus/lib/pkgconfig/turtlesim_plus.pc'
[1.360s] Level 1:colcon.colcon_core.environment:checking '/home/pbear/Opentopic_ws/install/turtlesim_plus/lib/python3.10/site-packages'
[1.360s] Level 1:colcon.colcon_core.environment:checking '/home/pbear/Opentopic_ws/install/turtlesim_plus/bin'
[1.360s] INFO:colcon.colcon_core.shell:Creating package script '/home/pbear/Opentopic_ws/install/turtlesim_plus/share/turtlesim_plus/package.ps1'
[1.361s] INFO:colcon.colcon_core.shell:Creating package descriptor '/home/pbear/Opentopic_ws/install/turtlesim_plus/share/turtlesim_plus/package.dsv'
[1.361s] INFO:colcon.colcon_core.shell:Creating package script '/home/pbear/Opentopic_ws/install/turtlesim_plus/share/turtlesim_plus/package.sh'
[1.362s] INFO:colcon.colcon_core.shell:Creating package script '/home/pbear/Opentopic_ws/install/turtlesim_plus/share/turtlesim_plus/package.bash'
[1.362s] INFO:colcon.colcon_core.shell:Creating package script '/home/pbear/Opentopic_ws/install/turtlesim_plus/share/turtlesim_plus/package.zsh'
[1.362s] Level 1:colcon.colcon_core.environment:create_file_with_runtime_dependencies(/home/pbear/Opentopic_ws/install/turtlesim_plus/share/colcon-core/packages/turtlesim_plus)
[1.415s] Level 1:colcon.colcon_core.environment:create_environment_scripts_only(turtlesim_plus)
[1.415s] Level 1:colcon.colcon_core.environment:checking '/home/pbear/Opentopic_ws/install/turtlesim_plus' for CMake module files
[1.416s] Level 1:colcon.colcon_core.environment:checking '/home/pbear/Opentopic_ws/install/turtlesim_plus' for CMake config files
[1.416s] Level 1:colcon.colcon_core.shell:create_environment_hook('turtlesim_plus', 'cmake_prefix_path')
[1.417s] INFO:colcon.colcon_core.shell:Creating environment hook '/home/pbear/Opentopic_ws/install/turtlesim_plus/share/turtlesim_plus/hook/cmake_prefix_path.ps1'
[1.417s] INFO:colcon.colcon_core.shell:Creating environment descriptor '/home/pbear/Opentopic_ws/install/turtlesim_plus/share/turtlesim_plus/hook/cmake_prefix_path.dsv'
[1.418s] INFO:colcon.colcon_core.shell:Creating environment hook '/home/pbear/Opentopic_ws/install/turtlesim_plus/share/turtlesim_plus/hook/cmake_prefix_path.sh'
[1.418s] Level 1:colcon.colcon_core.environment:checking '/home/pbear/Opentopic_ws/install/turtlesim_plus/lib'
[1.418s] Level 1:colcon.colcon_core.environment:checking '/home/pbear/Opentopic_ws/install/turtlesim_plus/bin'
[1.418s] Level 1:colcon.colcon_core.environment:checking '/home/pbear/Opentopic_ws/install/turtlesim_plus/lib/pkgconfig/turtlesim_plus.pc'
[1.419s] Level 1:colcon.colcon_core.environment:checking '/home/pbear/Opentopic_ws/install/turtlesim_plus/lib/python3.10/site-packages'
[1.419s] Level 1:colcon.colcon_core.environment:checking '/home/pbear/Opentopic_ws/install/turtlesim_plus/bin'
[1.419s] INFO:colcon.colcon_core.shell:Creating package script '/home/pbear/Opentopic_ws/install/turtlesim_plus/share/turtlesim_plus/package.ps1'
[1.420s] INFO:colcon.colcon_core.shell:Creating package descriptor '/home/pbear/Opentopic_ws/install/turtlesim_plus/share/turtlesim_plus/package.dsv'
[1.420s] INFO:colcon.colcon_core.shell:Creating package script '/home/pbear/Opentopic_ws/install/turtlesim_plus/share/turtlesim_plus/package.sh'
[1.421s] INFO:colcon.colcon_core.shell:Creating package script '/home/pbear/Opentopic_ws/install/turtlesim_plus/share/turtlesim_plus/package.bash'
[1.422s] INFO:colcon.colcon_core.shell:Creating package script '/home/pbear/Opentopic_ws/install/turtlesim_plus/share/turtlesim_plus/package.zsh'
[1.422s] Level 1:colcon.colcon_core.environment:create_file_with_runtime_dependencies(/home/pbear/Opentopic_ws/install/turtlesim_plus/share/colcon-core/packages/turtlesim_plus)
[1.501s] DEBUG:colcon.colcon_core.event_handler.log_command:Invoking command in '/home/pbear/Opentopic_ws/build/turtlesim_plus_interfaces': CMAKE_PREFIX_PATH=${CMAKE_PREFIX_PATH}:/opt/ros/humble /usr/bin/cmake --install /home/pbear/Opentopic_ws/build/turtlesim_plus_interfaces
[1.596s] Level 1:colcon.colcon_core.environment:create_environment_scripts_only(turtlesim_plus_interfaces)
[1.596s] Level 1:colcon.colcon_core.environment:checking '/home/pbear/Opentopic_ws/install/turtlesim_plus_interfaces' for CMake module files
[1.597s] DEBUG:colcon.colcon_core.event_handler.log_command:Invoked command in '/home/pbear/Opentopic_ws/build/turtlesim_plus_interfaces' returned '0': CMAKE_PREFIX_PATH=${CMAKE_PREFIX_PATH}:/opt/ros/humble /usr/bin/cmake --install /home/pbear/Opentopic_ws/build/turtlesim_plus_interfaces
[1.597s] Level 1:colcon.colcon_core.environment:checking '/home/pbear/Opentopic_ws/install/turtlesim_plus_interfaces' for CMake config files
[1.598s] Level 1:colcon.colcon_core.shell:create_environment_hook('turtlesim_plus_interfaces', 'cmake_prefix_path')
[1.598s] INFO:colcon.colcon_core.shell:Creating environment hook '/home/pbear/Opentopic_ws/install/turtlesim_plus_interfaces/share/turtlesim_plus_interfaces/hook/cmake_prefix_path.ps1'
[1.599s] INFO:colcon.colcon_core.shell:Creating environment descriptor '/home/pbear/Opentopic_ws/install/turtlesim_plus_interfaces/share/turtlesim_plus_interfaces/hook/cmake_prefix_path.dsv'
[1.599s] INFO:colcon.colcon_core.shell:Creating environment hook '/home/pbear/Opentopic_ws/install/turtlesim_plus_interfaces/share/turtlesim_plus_interfaces/hook/cmake_prefix_path.sh'
[1.600s] Level 1:colcon.colcon_core.environment:checking '/home/pbear/Opentopic_ws/install/turtlesim_plus_interfaces/lib'
[1.600s] Level 1:colcon.colcon_core.shell:create_environment_hook('turtlesim_plus_interfaces', 'ld_library_path_lib')
[1.600s] INFO:colcon.colcon_core.shell:Creating environment hook '/home/pbear/Opentopic_ws/install/turtlesim_plus_interfaces/share/turtlesim_plus_interfaces/hook/ld_library_path_lib.ps1'
[1.601s] INFO:colcon.colcon_core.shell:Creating environment descriptor '/home/pbear/Opentopic_ws/install/turtlesim_plus_interfaces/share/turtlesim_plus_interfaces/hook/ld_library_path_lib.dsv'
[1.601s] INFO:colcon.colcon_core.shell:Creating environment hook '/home/pbear/Opentopic_ws/install/turtlesim_plus_interfaces/share/turtlesim_plus_interfaces/hook/ld_library_path_lib.sh'
[1.601s] Level 1:colcon.colcon_core.environment:checking '/home/pbear/Opentopic_ws/install/turtlesim_plus_interfaces/bin'
[1.601s] Level 1:colcon.colcon_core.environment:checking '/home/pbear/Opentopic_ws/install/turtlesim_plus_interfaces/lib/pkgconfig/turtlesim_plus_interfaces.pc'
[1.602s] Level 1:colcon.colcon_core.environment:checking '/home/pbear/Opentopic_ws/install/turtlesim_plus_interfaces/lib/python3.10/site-packages'
[1.602s] Level 1:colcon.colcon_core.environment:checking '/home/pbear/Opentopic_ws/install/turtlesim_plus_interfaces/bin'
[1.602s] INFO:colcon.colcon_core.shell:Creating package script '/home/pbear/Opentopic_ws/install/turtlesim_plus_interfaces/share/turtlesim_plus_interfaces/package.ps1'
[1.603s] INFO:colcon.colcon_core.shell:Creating package descriptor '/home/pbear/Opentopic_ws/install/turtlesim_plus_interfaces/share/turtlesim_plus_interfaces/package.dsv'
[1.603s] INFO:colcon.colcon_core.shell:Creating package script '/home/pbear/Opentopic_ws/install/turtlesim_plus_interfaces/share/turtlesim_plus_interfaces/package.sh'
[1.604s] INFO:colcon.colcon_core.shell:Creating package script '/home/pbear/Opentopic_ws/install/turtlesim_plus_interfaces/share/turtlesim_plus_interfaces/package.bash'
[1.604s] INFO:colcon.colcon_core.shell:Creating package script '/home/pbear/Opentopic_ws/install/turtlesim_plus_interfaces/share/turtlesim_plus_interfaces/package.zsh'
[1.604s] Level 1:colcon.colcon_core.environment:create_file_with_runtime_dependencies(/home/pbear/Opentopic_ws/install/turtlesim_plus_interfaces/share/colcon-core/packages/turtlesim_plus_interfaces)
[1.869s] Level 1:colcon.colcon_core.environment:create_environment_scripts_only(turtlesim_plus_interfaces)
[1.869s] Level 1:colcon.colcon_core.environment:checking '/home/pbear/Opentopic_ws/install/turtlesim_plus_interfaces' for CMake module files
[1.870s] Level 1:colcon.colcon_core.environment:checking '/home/pbear/Opentopic_ws/install/turtlesim_plus_interfaces' for CMake config files
[1.871s] Level 1:colcon.colcon_core.shell:create_environment_hook('turtlesim_plus_interfaces', 'cmake_prefix_path')
[1.871s] INFO:colcon.colcon_core.shell:Creating environment hook '/home/pbear/Opentopic_ws/install/turtlesim_plus_interfaces/share/turtlesim_plus_interfaces/hook/cmake_prefix_path.ps1'
[1.872s] INFO:colcon.colcon_core.shell:Creating environment descriptor '/home/pbear/Opentopic_ws/install/turtlesim_plus_interfaces/share/turtlesim_plus_interfaces/hook/cmake_prefix_path.dsv'
[1.872s] INFO:colcon.colcon_core.shell:Creating environment hook '/home/pbear/Opentopic_ws/install/turtlesim_plus_interfaces/share/turtlesim_plus_interfaces/hook/cmake_prefix_path.sh'
[1.873s] Level 1:colcon.colcon_core.environment:checking '/home/pbear/Opentopic_ws/install/turtlesim_plus_interfaces/lib'
[1.873s] Level 1:colcon.colcon_core.shell:create_environment_hook('turtlesim_plus_interfaces', 'ld_library_path_lib')
[1.873s] INFO:colcon.colcon_core.shell:Creating environment hook '/home/pbear/Opentopic_ws/install/turtlesim_plus_interfaces/share/turtlesim_plus_interfaces/hook/ld_library_path_lib.ps1'
[1.874s] INFO:colcon.colcon_core.shell:Creating environment descriptor '/home/pbear/Opentopic_ws/install/turtlesim_plus_interfaces/share/turtlesim_plus_interfaces/hook/ld_library_path_lib.dsv'
[1.874s] INFO:colcon.colcon_core.shell:Creating environment hook '/home/pbear/Opentopic_ws/install/turtlesim_plus_interfaces/share/turtlesim_plus_interfaces/hook/ld_library_path_lib.sh'
[1.874s] Level 1:colcon.colcon_core.environment:checking '/home/pbear/Opentopic_ws/install/turtlesim_plus_interfaces/bin'
[1.874s] Level 1:colcon.colcon_core.environment:checking '/home/pbear/Opentopic_ws/install/turtlesim_plus_interfaces/lib/pkgconfig/turtlesim_plus_interfaces.pc'
[1.875s] Level 1:colcon.colcon_core.environment:checking '/home/pbear/Opentopic_ws/install/turtlesim_plus_interfaces/lib/python3.10/site-packages'
[1.875s] Level 1:colcon.colcon_core.environment:checking '/home/pbear/Opentopic_ws/install/turtlesim_plus_interfaces/bin'
[1.875s] INFO:colcon.colcon_core.shell:Creating package script '/home/pbear/Opentopic_ws/install/turtlesim_plus_interfaces/share/turtlesim_plus_interfaces/package.ps1'
[1.876s] INFO:colcon.colcon_core.shell:Creating package descriptor '/home/pbear/Opentopic_ws/install/turtlesim_plus_interfaces/share/turtlesim_plus_interfaces/package.dsv'
[1.876s] INFO:colcon.colcon_core.shell:Creating package script '/home/pbear/Opentopic_ws/install/turtlesim_plus_interfaces/share/turtlesim_plus_interfaces/package.sh'
[1.877s] INFO:colcon.colcon_core.shell:Creating package script '/home/pbear/Opentopic_ws/install/turtlesim_plus_interfaces/share/turtlesim_plus_interfaces/package.bash'
[1.877s] INFO:colcon.colcon_core.shell:Creating package script '/home/pbear/Opentopic_ws/install/turtlesim_plus_interfaces/share/turtlesim_plus_interfaces/package.zsh'
[1.878s] Level 1:colcon.colcon_core.environment:create_file_with_runtime_dependencies(/home/pbear/Opentopic_ws/install/turtlesim_plus_interfaces/share/colcon-core/packages/turtlesim_plus_interfaces)
[1.878s] DEBUG:colcon.colcon_parallel_executor.executor.parallel:closing loop
[1.879s] DEBUG:colcon.colcon_parallel_executor.executor.parallel:loop closed
[1.879s] DEBUG:colcon.colcon_parallel_executor.executor.parallel:run_until_complete finished with '0'
[1.879s] DEBUG:colcon.colcon_core.event_reactor:joining thread
[1.887s] INFO:colcon.colcon_core.plugin_system:Skipping extension 'colcon_notification.desktop_notification.terminal_notifier': Not used on non-Darwin systems
[1.887s] INFO:colcon.colcon_core.plugin_system:Skipping extension 'colcon_notification.desktop_notification.win32': Not used on non-Windows systems
[1.887s] INFO:colcon.colcon_notification.desktop_notification:Sending desktop notification using 'notify2'
[1.905s] DEBUG:colcon.colcon_core.event_reactor:joined thread
[1.906s] INFO:colcon.colcon_core.shell:Creating prefix script '/home/pbear/Opentopic_ws/install/local_setup.ps1'
[1.907s] INFO:colcon.colcon_core.shell:Creating prefix util module '/home/pbear/Opentopic_ws/install/_local_setup_util_ps1.py'
[1.909s] INFO:colcon.colcon_core.shell:Creating prefix chain script '/home/pbear/Opentopic_ws/install/setup.ps1'
[1.911s] INFO:colcon.colcon_core.shell:Creating prefix script '/home/pbear/Opentopic_ws/install/local_setup.sh'
[1.912s] INFO:colcon.colcon_core.shell:Creating prefix util module '/home/pbear/Opentopic_ws/install/_local_setup_util_sh.py'
[1.912s] INFO:colcon.colcon_core.shell:Creating prefix chain script '/home/pbear/Opentopic_ws/install/setup.sh'
[1.914s] INFO:colcon.colcon_core.shell:Creating prefix script '/home/pbear/Opentopic_ws/install/local_setup.bash'
[1.915s] INFO:colcon.colcon_core.shell:Creating prefix chain script '/home/pbear/Opentopic_ws/install/setup.bash'
[1.917s] INFO:colcon.colcon_core.shell:Creating prefix script '/home/pbear/Opentopic_ws/install/local_setup.zsh'
[1.918s] INFO:colcon.colcon_core.shell:Creating prefix chain script '/home/pbear/Opentopic_ws/install/setup.zsh'
